InnoDB: using atomic writes.
2020-03-01 12:05:22 0 [Note] InnoDB: Mutexes and rw_locks use Windows interlocked functions
2020-03-01 12:05:22 0 [Note] InnoDB: Uses event mutexes
2020-03-01 12:05:22 0 [Note] InnoDB: Compressed tables use zlib 1.2.11
2020-03-01 12:05:22 0 [Note] InnoDB: Number of pools: 1
2020-03-01 12:05:22 0 [Note] InnoDB: Using SSE2 crc32 instructions
2020-03-01 12:05:22 0 [Note] InnoDB: Initializing buffer pool, total size = 16M, instances = 1, chunk size = 16M
2020-03-01 12:05:22 0 [Note] InnoDB: Completed initialization of buffer pool
2020-03-01 12:05:22 0 [Note] InnoDB: Starting crash recovery from checkpoint LSN=300288
2020-03-01 12:05:22 0 [Note] InnoDB: 128 out of 128 rollback segments are active.
2020-03-01 12:05:22 0 [Note] InnoDB: Removed temporary tablespace data file: "ibtmp1"
2020-03-01 12:05:22 0 [Note] InnoDB: Creating shared tablespace for temporary tables
2020-03-01 12:05:22 0 [Note] InnoDB: Setting file 'C:\Users\Development\Documents\GitHub\SEDEA\XAMMP\mysql\data\ibtmp1' size to 12 MB. Physically writing the file full; Please wait ...
2020-03-01 12:05:22 0 [Note] InnoDB: File 'C:\Users\Development\Documents\GitHub\SEDEA\XAMMP\mysql\data\ibtmp1' size is now 12 MB.
2020-03-01 12:05:22 0 [Note] InnoDB: Waiting for purge to start
2020-03-01 12:05:23 0 [Note] InnoDB: 10.4.11 started; log sequence number 300297; transaction id 171
2020-03-01 12:05:23 0 [Note] InnoDB: Loading buffer pool(s) from C:\Users\Development\Documents\GitHub\SEDEA\XAMMP\mysql\data\ib_buffer_pool
2020-03-01 12:05:23 0 [Note] Plugin 'FEEDBACK' is disabled.
2020-03-01 12:05:23 0 [Note] Server socket created on IP: '::'.
InnoDB: using atomic writes.
2020-03-01 12:25:23 0 [Note] InnoDB: Mutexes and rw_locks use Windows interlocked functions
2020-03-01 12:25:23 0 [Note] InnoDB: Uses event mutexes
2020-03-01 12:25:23 0 [Note] InnoDB: Compressed tables use zlib 1.2.11
2020-03-01 12:25:23 0 [Note] InnoDB: Number of pools: 1
2020-03-01 12:25:23 0 [Note] InnoDB: Using SSE2 crc32 instructions
2020-03-01 12:25:23 0 [Note] InnoDB: Initializing buffer pool, total size = 16M, instances = 1, chunk size = 16M
2020-03-01 12:25:23 0 [Note] InnoDB: Completed initialization of buffer pool
2020-03-01 12:25:23 0 [Note] InnoDB: Starting crash recovery from checkpoint LSN=300306
2020-03-01 12:25:23 0 [Note] InnoDB: 128 out of 128 rollback segments are active.
2020-03-01 12:25:23 0 [Note] InnoDB: Removed temporary tablespace data file: "ibtmp1"
2020-03-01 12:25:23 0 [Note] InnoDB: Creating shared tablespace for temporary tables
2020-03-01 12:25:23 0 [Note] InnoDB: Setting file 'C:\Users\Development\Documents\GitHub\SEDEA\XAMMP\mysql\data\ibtmp1' size to 12 MB. Physically writing the file full; Please wait ...
2020-03-01 12:25:23 0 [Note] InnoDB: File 'C:\Users\Development\Documents\GitHub\SEDEA\XAMMP\mysql\data\ibtmp1' size is now 12 MB.
2020-03-01 12:25:23 0 [Note] InnoDB: Waiting for purge to start
2020-03-01 12:25:23 0 [Note] InnoDB: 10.4.11 started; log sequence number 300315; transaction id 171
2020-03-01 12:25:23 0 [Note] InnoDB: Loading buffer pool(s) from C:\Users\Development\Documents\GitHub\SEDEA\XAMMP\mysql\data\ib_buffer_pool
2020-03-01 12:25:23 0 [Note] Plugin 'FEEDBACK' is disabled.
2020-03-01 12:25:23 0 [Note] Server socket created on IP: '::'.
InnoDB: using atomic writes.
2020-03-01 21:18:44 0 [Note] InnoDB: Mutexes and rw_locks use Windows interlocked functions
2020-03-01 21:18:44 0 [Note] InnoDB: Uses event mutexes
2020-03-01 21:18:44 0 [Note] InnoDB: Compressed tables use zlib 1.2.11
2020-03-01 21:18:44 0 [Note] InnoDB: Number of pools: 1
2020-03-01 21:18:44 0 [Note] InnoDB: Using SSE2 crc32 instructions
2020-03-01 21:18:44 0 [Note] InnoDB: Initializing buffer pool, total size = 16M, instances = 1, chunk size = 16M
2020-03-01 21:18:44 0 [Note] InnoDB: Completed initialization of buffer pool
2020-03-01 21:18:44 0 [Note] InnoDB: Starting crash recovery from checkpoint LSN=300324
2020-03-01 21:18:44 0 [Note] InnoDB: 128 out of 128 rollback segments are active.
2020-03-01 21:18:44 0 [Note] InnoDB: Removed temporary tablespace data file: "ibtmp1"
2020-03-01 21:18:44 0 [Note] InnoDB: Creating shared tablespace for temporary tables
2020-03-01 21:18:44 0 [Note] InnoDB: Setting file 'C:\Users\Development\Documents\GitHub\SEDEA\XAMMP\mysql\data\ibtmp1' size to 12 MB. Physically writing the file full; Please wait ...
2020-03-01 21:18:44 0 [Note] InnoDB: File 'C:\Users\Development\Documents\GitHub\SEDEA\XAMMP\mysql\data\ibtmp1' size is now 12 MB.
2020-03-01 21:18:44 0 [Note] InnoDB: Waiting for purge to start
2020-03-01 21:18:44 0 [Note] InnoDB: 10.4.11 started; log sequence number 300333; transaction id 171
2020-03-01 21:18:44 0 [Note] InnoDB: Loading buffer pool(s) from C:\Users\Development\Documents\GitHub\SEDEA\XAMMP\mysql\data\ib_buffer_pool
2020-03-01 21:18:44 0 [Note] Plugin 'FEEDBACK' is disabled.
2020-03-01 21:18:44 0 [Note] Server socket created on IP: '::'.
InnoDB: using atomic writes.
2020-03-02  9:29:32 0 [Note] InnoDB: Mutexes and rw_locks use Windows interlocked functions
2020-03-02  9:29:32 0 [Note] InnoDB: Uses event mutexes
2020-03-02  9:29:32 0 [Note] InnoDB: Compressed tables use zlib 1.2.11
2020-03-02  9:29:32 0 [Note] InnoDB: Number of pools: 1
2020-03-02  9:29:32 0 [Note] InnoDB: Using SSE2 crc32 instructions
2020-03-02  9:29:32 0 [Note] InnoDB: Initializing buffer pool, total size = 16M, instances = 1, chunk size = 16M
2020-03-02  9:29:32 0 [Note] InnoDB: Completed initialization of buffer pool
2020-03-02  9:29:32 0 [Note] InnoDB: Starting crash recovery from checkpoint LSN=310038
2020-03-02  9:29:32 0 [Note] InnoDB: 128 out of 128 rollback segments are active.
2020-03-02  9:29:32 0 [Note] InnoDB: Removed temporary tablespace data file: "ibtmp1"
2020-03-02  9:29:32 0 [Note] InnoDB: Creating shared tablespace for temporary tables
2020-03-02  9:29:32 0 [Note] InnoDB: Setting file 'C:\Users\Development\Documents\GitHub\SEDEA\XAMMP\mysql\data\ibtmp1' size to 12 MB. Physically writing the file full; Please wait ...
2020-03-02  9:29:32 0 [Note] InnoDB: File 'C:\Users\Development\Documents\GitHub\SEDEA\XAMMP\mysql\data\ibtmp1' size is now 12 MB.
2020-03-02  9:29:32 0 [Note] InnoDB: Waiting for purge to start
2020-03-02  9:29:32 0 [Note] InnoDB: 10.4.11 started; log sequence number 310047; transaction id 215
2020-03-02  9:29:32 0 [Note] InnoDB: Loading buffer pool(s) from C:\Users\Development\Documents\GitHub\SEDEA\XAMMP\mysql\data\ib_buffer_pool
2020-03-02  9:29:32 0 [Note] Plugin 'FEEDBACK' is disabled.
2020-03-02  9:29:32 0 [Note] Server socket created on IP: '::'.
InnoDB: using atomic writes.
2020-03-02 17:05:05 0 [Note] InnoDB: Mutexes and rw_locks use Windows interlocked functions
2020-03-02 17:05:05 0 [Note] InnoDB: Uses event mutexes
2020-03-02 17:05:05 0 [Note] InnoDB: Compressed tables use zlib 1.2.11
2020-03-02 17:05:05 0 [Note] InnoDB: Number of pools: 1
2020-03-02 17:05:05 0 [Note] InnoDB: Using SSE2 crc32 instructions
2020-03-02 17:05:05 0 [Note] InnoDB: Initializing buffer pool, total size = 16M, instances = 1, chunk size = 16M
2020-03-02 17:05:05 0 [Note] InnoDB: Completed initialization of buffer pool
2020-03-02 17:05:05 0 [Note] InnoDB: Starting crash recovery from checkpoint LSN=326920
2020-03-02 17:05:05 0 [Note] InnoDB: 128 out of 128 rollback segments are active.
2020-03-02 17:05:05 0 [Note] InnoDB: Removed temporary tablespace data file: "ibtmp1"
2020-03-02 17:05:05 0 [Note] InnoDB: Creating shared tablespace for temporary tables
2020-03-02 17:05:05 0 [Note] InnoDB: Setting file 'C:\Users\Development\Documents\GitHub\SEDEA\XAMMP\mysql\data\ibtmp1' size to 12 MB. Physically writing the file full; Please wait ...
2020-03-02 17:05:05 0 [Note] InnoDB: File 'C:\Users\Development\Documents\GitHub\SEDEA\XAMMP\mysql\data\ibtmp1' size is now 12 MB.
2020-03-02 17:05:05 0 [Note] InnoDB: Waiting for purge to start
2020-03-02 17:05:05 0 [Note] InnoDB: 10.4.11 started; log sequence number 326929; transaction id 260
2020-03-02 17:05:05 0 [Note] InnoDB: Loading buffer pool(s) from C:\Users\Development\Documents\GitHub\SEDEA\XAMMP\mysql\data\ib_buffer_pool
2020-03-02 17:05:05 0 [Note] Plugin 'FEEDBACK' is disabled.
2020-03-02 17:05:05 0 [Note] Server socket created on IP: '::'.
InnoDB: using atomic writes.
2020-03-02 22:32:34 0 [Note] InnoDB: Mutexes and rw_locks use Windows interlocked functions
2020-03-02 22:32:34 0 [Note] InnoDB: Uses event mutexes
2020-03-02 22:32:34 0 [Note] InnoDB: Compressed tables use zlib 1.2.11
2020-03-02 22:32:34 0 [Note] InnoDB: Number of pools: 1
2020-03-02 22:32:34 0 [Note] InnoDB: Using SSE2 crc32 instructions
2020-03-02 22:32:34 0 [Note] InnoDB: Initializing buffer pool, total size = 16M, instances = 1, chunk size = 16M
2020-03-02 22:32:34 0 [Note] InnoDB: Completed initialization of buffer pool
2020-03-02 22:32:34 0 [Note] InnoDB: Starting crash recovery from checkpoint LSN=376344
2020-03-02 22:32:34 0 [Note] InnoDB: 128 out of 128 rollback segments are active.
2020-03-02 22:32:34 0 [Note] InnoDB: Removed temporary tablespace data file: "ibtmp1"
2020-03-02 22:32:34 0 [Note] InnoDB: Creating shared tablespace for temporary tables
2020-03-02 22:32:34 0 [Note] InnoDB: Setting file 'C:\Users\Development\Documents\GitHub\SEDEA\XAMMP\mysql\data\ibtmp1' size to 12 MB. Physically writing the file full; Please wait ...
2020-03-02 22:32:34 0 [Note] InnoDB: File 'C:\Users\Development\Documents\GitHub\SEDEA\XAMMP\mysql\data\ibtmp1' size is now 12 MB.
2020-03-02 22:32:34 0 [Note] InnoDB: Waiting for purge to start
2020-03-02 22:32:34 0 [Note] InnoDB: 10.4.11 started; log sequence number 376353; transaction id 378
2020-03-02 22:32:34 0 [Note] InnoDB: Loading buffer pool(s) from C:\Users\Development\Documents\GitHub\SEDEA\XAMMP\mysql\data\ib_buffer_pool
2020-03-02 22:32:34 0 [Note] Plugin 'FEEDBACK' is disabled.
2020-03-02 22:32:34 0 [Note] Server socket created on IP: '::'.
InnoDB: using atomic writes.
2020-03-04 11:11:53 0 [Note] InnoDB: Mutexes and rw_locks use Windows interlocked functions
2020-03-04 11:11:53 0 [Note] InnoDB: Uses event mutexes
2020-03-04 11:11:53 0 [Note] InnoDB: Compressed tables use zlib 1.2.11
2020-03-04 11:11:53 0 [Note] InnoDB: Number of pools: 1
2020-03-04 11:11:53 0 [Note] InnoDB: Using SSE2 crc32 instructions
2020-03-04 11:11:53 0 [Note] InnoDB: Initializing buffer pool, total size = 16M, instances = 1, chunk size = 16M
2020-03-04 11:11:53 0 [Note] InnoDB: Completed initialization of buffer pool
2020-03-04 11:11:53 0 [Note] InnoDB: Starting crash recovery from checkpoint LSN=453733
2020-03-04 11:11:53 0 [Note] InnoDB: 128 out of 128 rollback segments are active.
2020-03-04 11:11:53 0 [Note] InnoDB: Removed temporary tablespace data file: "ibtmp1"
2020-03-04 11:11:53 0 [Note] InnoDB: Creating shared tablespace for temporary tables
2020-03-04 11:11:53 0 [Note] InnoDB: Setting file 'C:\Users\Development\Documents\GitHub\SEDEA\XAMMP\mysql\data\ibtmp1' size to 12 MB. Physically writing the file full; Please wait ...
2020-03-04 11:11:53 0 [Note] InnoDB: File 'C:\Users\Development\Documents\GitHub\SEDEA\XAMMP\mysql\data\ibtmp1' size is now 12 MB.
2020-03-04 11:11:53 0 [Note] InnoDB: Waiting for purge to start
2020-03-04 11:11:54 0 [Note] InnoDB: 10.4.11 started; log sequence number 453742; transaction id 615
2020-03-04 11:11:54 0 [Note] InnoDB: Loading buffer pool(s) from C:\Users\Development\Documents\GitHub\SEDEA\XAMMP\mysql\data\ib_buffer_pool
2020-03-04 11:11:54 0 [Note] Plugin 'FEEDBACK' is disabled.
2020-03-04 11:11:54 0 [Note] Server socket created on IP: '::'.
InnoDB: using atomic writes.
2020-03-04 18:09:14 0 [Note] InnoDB: Mutexes and rw_locks use Windows interlocked functions
2020-03-04 18:09:14 0 [Note] InnoDB: Uses event mutexes
2020-03-04 18:09:14 0 [Note] InnoDB: Compressed tables use zlib 1.2.11
2020-03-04 18:09:14 0 [Note] InnoDB: Number of pools: 1
2020-03-04 18:09:14 0 [Note] InnoDB: Using SSE2 crc32 instructions
2020-03-04 18:09:14 0 [Note] InnoDB: Initializing buffer pool, total size = 16M, instances = 1, chunk size = 16M
2020-03-04 18:09:14 0 [Note] InnoDB: Completed initialization of buffer pool
2020-03-04 18:09:14 0 [Note] InnoDB: Starting crash recovery from checkpoint LSN=462551
2020-03-04 18:09:15 0 [Note] InnoDB: 128 out of 128 rollback segments are active.
2020-03-04 18:09:15 0 [Note] InnoDB: Removed temporary tablespace data file: "ibtmp1"
2020-03-04 18:09:15 0 [Note] InnoDB: Creating shared tablespace for temporary tables
2020-03-04 18:09:15 0 [Note] InnoDB: Setting file 'C:\Users\Development\Documents\GitHub\SEDEA\XAMMP\mysql\data\ibtmp1' size to 12 MB. Physically writing the file full; Please wait ...
2020-03-04 18:09:15 0 [Note] InnoDB: File 'C:\Users\Development\Documents\GitHub\SEDEA\XAMMP\mysql\data\ibtmp1' size is now 12 MB.
2020-03-04 18:09:15 0 [Note] InnoDB: Waiting for purge to start
2020-03-04 18:09:15 0 [Note] InnoDB: 10.4.11 started; log sequence number 462560; transaction id 679
2020-03-04 18:09:15 0 [Note] Plugin 'FEEDBACK' is disabled.
2020-03-04 18:09:15 0 [Note] InnoDB: Loading buffer pool(s) from C:\Users\Development\Documents\GitHub\SEDEA\XAMMP\mysql\data\ib_buffer_pool
2020-03-04 18:09:15 0 [Note] Server socket created on IP: '::'.
InnoDB: using atomic writes.
2020-03-04 20:41:38 0 [Note] InnoDB: Mutexes and rw_locks use Windows interlocked functions
2020-03-04 20:41:38 0 [Note] InnoDB: Uses event mutexes
2020-03-04 20:41:38 0 [Note] InnoDB: Compressed tables use zlib 1.2.11
2020-03-04 20:41:38 0 [Note] InnoDB: Number of pools: 1
2020-03-04 20:41:38 0 [Note] InnoDB: Using SSE2 crc32 instructions
2020-03-04 20:41:38 0 [Note] InnoDB: Initializing buffer pool, total size = 16M, instances = 1, chunk size = 16M
2020-03-04 20:41:38 0 [Note] InnoDB: Completed initialization of buffer pool
2020-03-04 20:41:38 0 [Note] InnoDB: Starting crash recovery from checkpoint LSN=505993
2020-03-04 20:41:38 0 [Note] InnoDB: 128 out of 128 rollback segments are active.
2020-03-04 20:41:38 0 [Note] InnoDB: Removed temporary tablespace data file: "ibtmp1"
2020-03-04 20:41:38 0 [Note] InnoDB: Creating shared tablespace for temporary tables
2020-03-04 20:41:38 0 [Note] InnoDB: Setting file 'C:\Users\Development\Documents\GitHub\SEDEA\XAMMP\mysql\data\ibtmp1' size to 12 MB. Physically writing the file full; Please wait ...
2020-03-04 20:41:38 0 [Note] InnoDB: File 'C:\Users\Development\Documents\GitHub\SEDEA\XAMMP\mysql\data\ibtmp1' size is now 12 MB.
2020-03-04 20:41:38 0 [Note] InnoDB: Waiting for purge to start
2020-03-04 20:41:38 0 [Note] InnoDB: 10.4.11 started; log sequence number 506002; transaction id 830
2020-03-04 20:41:38 0 [Note] Plugin 'FEEDBACK' is disabled.
2020-03-04 20:41:38 0 [Note] Server socket created on IP: '::'.
InnoDB: using atomic writes.
2020-03-04 22:19:35 0 [Note] InnoDB: Mutexes and rw_locks use Windows interlocked functions
2020-03-04 22:19:35 0 [Note] InnoDB: Uses event mutexes
2020-03-04 22:19:35 0 [Note] InnoDB: Compressed tables use zlib 1.2.11
2020-03-04 22:19:35 0 [Note] InnoDB: Number of pools: 1
2020-03-04 22:19:35 0 [Note] InnoDB: Using SSE2 crc32 instructions
2020-03-04 22:19:35 0 [Note] InnoDB: Initializing buffer pool, total size = 16M, instances = 1, chunk size = 16M
2020-03-04 22:19:35 0 [Note] InnoDB: Completed initialization of buffer pool
2020-03-04 22:19:35 0 [Note] InnoDB: Starting crash recovery from checkpoint LSN=564610
2020-03-04 22:19:35 0 [Note] InnoDB: 128 out of 128 rollback segments are active.
2020-03-04 22:19:35 0 [Note] InnoDB: Removed temporary tablespace data file: "ibtmp1"
2020-03-04 22:19:35 0 [Note] InnoDB: Creating shared tablespace for temporary tables
2020-03-04 22:19:35 0 [Note] InnoDB: Setting file 'C:\Users\Development\Documents\GitHub\SEDEA\XAMMP\mysql\data\ibtmp1' size to 12 MB. Physically writing the file full; Please wait ...
2020-03-04 22:19:35 0 [Note] InnoDB: File 'C:\Users\Development\Documents\GitHub\SEDEA\XAMMP\mysql\data\ibtmp1' size is now 12 MB.
2020-03-04 22:19:35 0 [Note] InnoDB: Waiting for purge to start
2020-03-04 22:19:35 0 [Note] InnoDB: 10.4.11 started; log sequence number 564619; transaction id 1027
2020-03-04 22:19:35 0 [Note] InnoDB: Loading buffer pool(s) from C:\Users\Development\Documents\GitHub\SEDEA\XAMMP\mysql\data\ib_buffer_pool
2020-03-04 22:19:35 0 [Note] Plugin 'FEEDBACK' is disabled.
2020-03-04 22:19:35 0 [Note] Server socket created on IP: '::'.
InnoDB: using atomic writes.
2020-03-04 23:01:56 0 [Note] InnoDB: Mutexes and rw_locks use Windows interlocked functions
2020-03-04 23:01:56 0 [Note] InnoDB: Uses event mutexes
2020-03-04 23:01:56 0 [Note] InnoDB: Compressed tables use zlib 1.2.11
2020-03-04 23:01:56 0 [Note] InnoDB: Number of pools: 1
2020-03-04 23:01:56 0 [Note] InnoDB: Using SSE2 crc32 instructions
2020-03-04 23:01:56 0 [Note] InnoDB: Initializing buffer pool, total size = 16M, instances = 1, chunk size = 16M
2020-03-04 23:01:56 0 [Note] InnoDB: Completed initialization of buffer pool
2020-03-04 23:01:56 0 [Note] InnoDB: Starting crash recovery from checkpoint LSN=627149
2020-03-04 23:01:56 0 [Note] InnoDB: 128 out of 128 rollback segments are active.
2020-03-04 23:01:56 0 [Note] InnoDB: Removed temporary tablespace data file: "ibtmp1"
2020-03-04 23:01:56 0 [Note] InnoDB: Creating shared tablespace for temporary tables
2020-03-04 23:01:56 0 [Note] InnoDB: Setting file 'C:\Users\Development\Documents\GitHub\SEDEA\XAMMP\mysql\data\ibtmp1' size to 12 MB. Physically writing the file full; Please wait ...
2020-03-04 23:01:56 0 [Note] InnoDB: File 'C:\Users\Development\Documents\GitHub\SEDEA\XAMMP\mysql\data\ibtmp1' size is now 12 MB.
2020-03-04 23:01:56 0 [Note] InnoDB: Waiting for purge to start
2020-03-04 23:01:56 0 [Note] InnoDB: 10.4.11 started; log sequence number 627158; transaction id 1204
2020-03-04 23:01:56 0 [Note] InnoDB: Loading buffer pool(s) from C:\Users\Development\Documents\GitHub\SEDEA\XAMMP\mysql\data\ib_buffer_pool
2020-03-04 23:01:56 0 [Note] Plugin 'FEEDBACK' is disabled.
2020-03-04 23:01:56 0 [Note] Server socket created on IP: '::'.
InnoDB: using atomic writes.
2020-03-05 21:53:58 0 [Note] InnoDB: Mutexes and rw_locks use Windows interlocked functions
2020-03-05 21:53:58 0 [Note] InnoDB: Uses event mutexes
2020-03-05 21:53:58 0 [Note] InnoDB: Compressed tables use zlib 1.2.11
2020-03-05 21:53:58 0 [Note] InnoDB: Number of pools: 1
2020-03-05 21:53:58 0 [Note] InnoDB: Using SSE2 crc32 instructions
2020-03-05 21:53:58 0 [Note] InnoDB: Initializing buffer pool, total size = 16M, instances = 1, chunk size = 16M
2020-03-05 21:53:58 0 [Note] InnoDB: Completed initialization of buffer pool
2020-03-05 21:53:58 0 [Note] InnoDB: Starting crash recovery from checkpoint LSN=669407
2020-03-05 21:53:58 0 [Note] InnoDB: 128 out of 128 rollback segments are active.
2020-03-05 21:53:58 0 [Note] InnoDB: Removed temporary tablespace data file: "ibtmp1"
2020-03-05 21:53:58 0 [Note] InnoDB: Creating shared tablespace for temporary tables
2020-03-05 21:53:58 0 [Note] InnoDB: Setting file 'C:\Users\Development\Documents\GitHub\SEDEA\XAMMP\mysql\data\ibtmp1' size to 12 MB. Physically writing the file full; Please wait ...
2020-03-05 21:53:58 0 [Note] InnoDB: File 'C:\Users\Development\Documents\GitHub\SEDEA\XAMMP\mysql\data\ibtmp1' size is now 12 MB.
2020-03-05 21:53:58 0 [Note] InnoDB: Waiting for purge to start
2020-03-05 21:53:58 0 [Note] InnoDB: 10.4.11 started; log sequence number 669416; transaction id 1337
2020-03-05 21:53:58 0 [Note] Plugin 'FEEDBACK' is disabled.
2020-03-05 21:53:58 0 [Note] InnoDB: Loading buffer pool(s) from C:\Users\Development\Documents\GitHub\SEDEA\XAMMP\mysql\data\ib_buffer_pool
2020-03-05 21:53:58 0 [Note] Server socket created on IP: '::'.
InnoDB: using atomic writes.
2020-03-06  9:59:47 0 [Note] InnoDB: Mutexes and rw_locks use Windows interlocked functions
2020-03-06  9:59:47 0 [Note] InnoDB: Uses event mutexes
2020-03-06  9:59:47 0 [Note] InnoDB: Compressed tables use zlib 1.2.11
2020-03-06  9:59:47 0 [Note] InnoDB: Number of pools: 1
2020-03-06  9:59:47 0 [Note] InnoDB: Using SSE2 crc32 instructions
2020-03-06  9:59:47 0 [Note] InnoDB: Initializing buffer pool, total size = 16M, instances = 1, chunk size = 16M
2020-03-06  9:59:47 0 [Note] InnoDB: Completed initialization of buffer pool
2020-03-06  9:59:47 0 [Note] InnoDB: Starting crash recovery from checkpoint LSN=693104
2020-03-06  9:59:48 0 [Note] InnoDB: 128 out of 128 rollback segments are active.
2020-03-06  9:59:48 0 [Note] InnoDB: Removed temporary tablespace data file: "ibtmp1"
2020-03-06  9:59:48 0 [Note] InnoDB: Creating shared tablespace for temporary tables
2020-03-06  9:59:48 0 [Note] InnoDB: Setting file 'C:\Users\Development\Documents\GitHub\SEDEA\XAMMP\mysql\data\ibtmp1' size to 12 MB. Physically writing the file full; Please wait ...
2020-03-06  9:59:48 0 [Note] InnoDB: File 'C:\Users\Development\Documents\GitHub\SEDEA\XAMMP\mysql\data\ibtmp1' size is now 12 MB.
2020-03-06  9:59:48 0 [Note] InnoDB: Waiting for purge to start
2020-03-06  9:59:48 0 [Note] InnoDB: 10.4.11 started; log sequence number 693113; transaction id 1426
2020-03-06  9:59:48 0 [Note] InnoDB: Loading buffer pool(s) from C:\Users\Development\Documents\GitHub\SEDEA\XAMMP\mysql\data\ib_buffer_pool
2020-03-06  9:59:48 0 [Note] Plugin 'FEEDBACK' is disabled.
2020-03-06  9:59:48 0 [Note] Server socket created on IP: '::'.
InnoDB: using atomic writes.
2020-03-06 20:24:56 0 [Note] InnoDB: Mutexes and rw_locks use Windows interlocked functions
2020-03-06 20:24:56 0 [Note] InnoDB: Uses event mutexes
2020-03-06 20:24:56 0 [Note] InnoDB: Compressed tables use zlib 1.2.11
2020-03-06 20:24:56 0 [Note] InnoDB: Number of pools: 1
2020-03-06 20:24:56 0 [Note] InnoDB: Using SSE2 crc32 instructions
2020-03-06 20:24:56 0 [Note] InnoDB: Initializing buffer pool, total size = 16M, instances = 1, chunk size = 16M
2020-03-06 20:24:56 0 [Note] InnoDB: Completed initialization of buffer pool
2020-03-06 20:24:56 0 [Note] InnoDB: Starting crash recovery from checkpoint LSN=699258
2020-03-06 20:24:56 0 [Note] InnoDB: 128 out of 128 rollback segments are active.
2020-03-06 20:24:56 0 [Note] InnoDB: Removed temporary tablespace data file: "ibtmp1"
2020-03-06 20:24:56 0 [Note] InnoDB: Creating shared tablespace for temporary tables
2020-03-06 20:24:56 0 [Note] InnoDB: Setting file 'C:\Users\Development\Documents\GitHub\SEDEA\XAMMP\mysql\data\ibtmp1' size to 12 MB. Physically writing the file full; Please wait ...
2020-03-06 20:24:56 0 [Note] InnoDB: File 'C:\Users\Development\Documents\GitHub\SEDEA\XAMMP\mysql\data\ibtmp1' size is now 12 MB.
2020-03-06 20:24:56 0 [Note] InnoDB: Waiting for purge to start
2020-03-06 20:24:56 0 [Note] InnoDB: 10.4.11 started; log sequence number 699267; transaction id 1452
2020-03-06 20:24:56 0 [Note] InnoDB: Loading buffer pool(s) from C:\Users\Development\Documents\GitHub\SEDEA\XAMMP\mysql\data\ib_buffer_pool
2020-03-06 20:24:56 0 [Note] Plugin 'FEEDBACK' is disabled.
2020-03-06 20:24:56 0 [Note] Server socket created on IP: '::'.
2020-03-06 20:24:56 0 [Note] InnoDB: Buffer pool(s) load completed at 200306 20:24:56
InnoDB: using atomic writes.
2020-03-08 23:46:47 0 [Note] InnoDB: Mutexes and rw_locks use Windows interlocked functions
2020-03-08 23:46:47 0 [Note] InnoDB: Uses event mutexes
2020-03-08 23:46:47 0 [Note] InnoDB: Compressed tables use zlib 1.2.11
2020-03-08 23:46:47 0 [Note] InnoDB: Number of pools: 1
2020-03-08 23:46:47 0 [Note] InnoDB: Using SSE2 crc32 instructions
2020-03-08 23:46:47 0 [Note] InnoDB: Initializing buffer pool, total size = 16M, instances = 1, chunk size = 16M
2020-03-08 23:46:47 0 [Note] InnoDB: Completed initialization of buffer pool
2020-03-08 23:46:47 0 [Note] InnoDB: Starting crash recovery from checkpoint LSN=982551
2020-03-08 23:46:47 0 [Note] InnoDB: 128 out of 128 rollback segments are active.
2020-03-08 23:46:47 0 [Note] InnoDB: Removed temporary tablespace data file: "ibtmp1"
2020-03-08 23:46:47 0 [Note] InnoDB: Creating shared tablespace for temporary tables
2020-03-08 23:46:47 0 [Note] InnoDB: Setting file 'C:\Users\Development\Documents\GitHub\SEDEA\XAMMP\mysql\data\ibtmp1' size to 12 MB. Physically writing the file full; Please wait ...
2020-03-08 23:46:47 0 [Note] InnoDB: File 'C:\Users\Development\Documents\GitHub\SEDEA\XAMMP\mysql\data\ibtmp1' size is now 12 MB.
2020-03-08 23:46:47 0 [Note] InnoDB: Waiting for purge to start
2020-03-08 23:46:47 0 [Note] InnoDB: 10.4.11 started; log sequence number 982560; transaction id 1690
2020-03-08 23:46:47 0 [Note] InnoDB: Loading buffer pool(s) from C:\Users\Development\Documents\GitHub\SEDEA\XAMMP\mysql\data\ib_buffer_pool
2020-03-08 23:46:47 0 [Note] Plugin 'FEEDBACK' is disabled.
2020-03-08 23:46:47 0 [Note] InnoDB: Buffer pool(s) load completed at 200308 23:46:47
2020-03-08 23:46:47 0 [Note] Server socket created on IP: '::'.
InnoDB: using atomic writes.
2020-03-10 11:42:43 0 [Note] InnoDB: Mutexes and rw_locks use Windows interlocked functions
2020-03-10 11:42:43 0 [Note] InnoDB: Uses event mutexes
2020-03-10 11:42:43 0 [Note] InnoDB: Compressed tables use zlib 1.2.11
2020-03-10 11:42:43 0 [Note] InnoDB: Number of pools: 1
2020-03-10 11:42:43 0 [Note] InnoDB: Using SSE2 crc32 instructions
2020-03-10 11:42:43 0 [Note] InnoDB: Initializing buffer pool, total size = 16M, instances = 1, chunk size = 16M
2020-03-10 11:42:43 0 [Note] InnoDB: Completed initialization of buffer pool
2020-03-10 11:42:43 0 [Note] InnoDB: Starting crash recovery from checkpoint LSN=987274
2020-03-10 11:42:43 0 [Note] InnoDB: 128 out of 128 rollback segments are active.
2020-03-10 11:42:43 0 [Note] InnoDB: Removed temporary tablespace data file: "ibtmp1"
2020-03-10 11:42:43 0 [Note] InnoDB: Creating shared tablespace for temporary tables
2020-03-10 11:42:43 0 [Note] InnoDB: Setting file 'C:\Users\Development\Documents\GitHub\SEDEA\XAMMP\mysql\data\ibtmp1' size to 12 MB. Physically writing the file full; Please wait ...
2020-03-10 11:42:43 0 [Note] InnoDB: File 'C:\Users\Development\Documents\GitHub\SEDEA\XAMMP\mysql\data\ibtmp1' size is now 12 MB.
2020-03-10 11:42:43 0 [Note] InnoDB: Waiting for purge to start
2020-03-10 11:42:43 0 [Note] InnoDB: 10.4.11 started; log sequence number 987283; transaction id 1741
2020-03-10 11:42:43 0 [Note] InnoDB: Loading buffer pool(s) from C:\Users\Development\Documents\GitHub\SEDEA\XAMMP\mysql\data\ib_buffer_pool
2020-03-10 11:42:43 0 [Note] Plugin 'FEEDBACK' is disabled.
2020-03-10 11:42:43 0 [Note] InnoDB: Buffer pool(s) load completed at 200310 11:42:43
2020-03-10 11:42:43 0 [Note] Server socket created on IP: '::'.
InnoDB: using atomic writes.
2020-03-12  9:23:02 0 [Note] InnoDB: Mutexes and rw_locks use Windows interlocked functions
2020-03-12  9:23:02 0 [Note] InnoDB: Uses event mutexes
2020-03-12  9:23:02 0 [Note] InnoDB: Compressed tables use zlib 1.2.11
2020-03-12  9:23:02 0 [Note] InnoDB: Number of pools: 1
2020-03-12  9:23:02 0 [Note] InnoDB: Using SSE2 crc32 instructions
2020-03-12  9:23:02 0 [Note] InnoDB: Initializing buffer pool, total size = 16M, instances = 1, chunk size = 16M
2020-03-12  9:23:02 0 [Note] InnoDB: Completed initialization of buffer pool
2020-03-12  9:23:02 0 [Note] InnoDB: Starting crash recovery from checkpoint LSN=1021539
2020-03-12  9:23:02 0 [Note] InnoDB: 128 out of 128 rollback segments are active.
2020-03-12  9:23:02 0 [Note] InnoDB: Removed temporary tablespace data file: "ibtmp1"
2020-03-12  9:23:02 0 [Note] InnoDB: Creating shared tablespace for temporary tables
2020-03-12  9:23:02 0 [Note] InnoDB: Setting file 'C:\Users\Development\Documents\GitHub\SEDEA\XAMMP\mysql\data\ibtmp1' size to 12 MB. Physically writing the file full; Please wait ...
2020-03-12  9:23:02 0 [Note] InnoDB: File 'C:\Users\Development\Documents\GitHub\SEDEA\XAMMP\mysql\data\ibtmp1' size is now 12 MB.
2020-03-12  9:23:02 0 [Note] InnoDB: Waiting for purge to start
2020-03-12  9:23:02 0 [Note] InnoDB: 10.4.11 started; log sequence number 1021548; transaction id 1859
2020-03-12  9:23:02 0 [Note] InnoDB: Loading buffer pool(s) from C:\Users\Development\Documents\GitHub\SEDEA\XAMMP\mysql\data\ib_buffer_pool
2020-03-12  9:23:02 0 [Note] Plugin 'FEEDBACK' is disabled.
2020-03-12  9:23:02 0 [Note] InnoDB: Buffer pool(s) load completed at 200312  9:23:02
2020-03-12  9:23:02 0 [Note] Server socket created on IP: '::'.
InnoDB: using atomic writes.
2020-03-16 21:12:43 0 [Note] InnoDB: Mutexes and rw_locks use Windows interlocked functions
2020-03-16 21:12:43 0 [Note] InnoDB: Uses event mutexes
2020-03-16 21:12:43 0 [Note] InnoDB: Compressed tables use zlib 1.2.11
2020-03-16 21:12:43 0 [Note] InnoDB: Number of pools: 1
2020-03-16 21:12:43 0 [Note] InnoDB: Using SSE2 crc32 instructions
2020-03-16 21:12:43 0 [Note] InnoDB: Initializing buffer pool, total size = 16M, instances = 1, chunk size = 16M
2020-03-16 21:12:43 0 [Note] InnoDB: Completed initialization of buffer pool
2020-03-16 21:12:43 0 [Note] InnoDB: Starting crash recovery from checkpoint LSN=1129323
2020-03-16 21:12:43 0 [Note] InnoDB: 128 out of 128 rollback segments are active.
2020-03-16 21:12:43 0 [Note] InnoDB: Removed temporary tablespace data file: "ibtmp1"
2020-03-16 21:12:43 0 [Note] InnoDB: Creating shared tablespace for temporary tables
2020-03-16 21:12:43 0 [Note] InnoDB: Setting file 'C:\Users\Development\Documents\GitHub\SEDEA\XAMMP\mysql\data\ibtmp1' size to 12 MB. Physically writing the file full; Please wait ...
2020-03-16 21:12:43 0 [Note] InnoDB: File 'C:\Users\Development\Documents\GitHub\SEDEA\XAMMP\mysql\data\ibtmp1' size is now 12 MB.
2020-03-16 21:12:43 0 [Note] InnoDB: Waiting for purge to start
2020-03-16 21:12:43 0 [Note] InnoDB: 10.4.11 started; log sequence number 1129332; transaction id 2213
2020-03-16 21:12:43 0 [Note] InnoDB: Loading buffer pool(s) from C:\Users\Development\Documents\GitHub\SEDEA\XAMMP\mysql\data\ib_buffer_pool
2020-03-16 21:12:43 0 [Note] Plugin 'FEEDBACK' is disabled.
2020-03-16 21:12:43 0 [Note] InnoDB: Buffer pool(s) load completed at 200316 21:12:43
2020-03-16 21:12:43 0 [Note] Server socket created on IP: '::'.
InnoDB: using atomic writes.
2020-03-17  8:34:18 0 [Note] InnoDB: Mutexes and rw_locks use Windows interlocked functions
2020-03-17  8:34:18 0 [Note] InnoDB: Uses event mutexes
2020-03-17  8:34:18 0 [Note] InnoDB: Compressed tables use zlib 1.2.11
2020-03-17  8:34:18 0 [Note] InnoDB: Number of pools: 1
2020-03-17  8:34:18 0 [Note] InnoDB: Using SSE2 crc32 instructions
2020-03-17  8:34:18 0 [Note] InnoDB: Initializing buffer pool, total size = 16M, instances = 1, chunk size = 16M
2020-03-17  8:34:18 0 [Note] InnoDB: Completed initialization of buffer pool
2020-03-17  8:34:18 0 [Note] InnoDB: Starting crash recovery from checkpoint LSN=1152083
2020-03-17  8:34:18 0 [Note] InnoDB: 128 out of 128 rollback segments are active.
2020-03-17  8:34:18 0 [Note] InnoDB: Removed temporary tablespace data file: "ibtmp1"
2020-03-17  8:34:18 0 [Note] InnoDB: Creating shared tablespace for temporary tables
2020-03-17  8:34:18 0 [Note] InnoDB: Setting file 'C:\Users\Development\Documents\GitHub\SEDEA\XAMMP\mysql\data\ibtmp1' size to 12 MB. Physically writing the file full; Please wait ...
2020-03-17  8:34:18 0 [Note] InnoDB: File 'C:\Users\Development\Documents\GitHub\SEDEA\XAMMP\mysql\data\ibtmp1' size is now 12 MB.
2020-03-17  8:34:18 0 [Note] InnoDB: Waiting for purge to start
2020-03-17  8:34:18 0 [Note] InnoDB: 10.4.11 started; log sequence number 1152092; transaction id 2287
2020-03-17  8:34:18 0 [Note] InnoDB: Loading buffer pool(s) from C:\Users\Development\Documents\GitHub\SEDEA\XAMMP\mysql\data\ib_buffer_pool
2020-03-17  8:34:18 0 [Note] Plugin 'FEEDBACK' is disabled.
2020-03-17  8:34:18 0 [Note] InnoDB: Buffer pool(s) load completed at 200317  8:34:18
2020-03-17  8:34:18 0 [Note] Server socket created on IP: '::'.
