InnoDB: using atomic writes.
2020-02-18 13:25:39 0 [Note] InnoDB: Mutexes and rw_locks use Windows interlocked functions
2020-02-18 13:25:39 0 [Note] InnoDB: Uses event mutexes
2020-02-18 13:25:39 0 [Note] InnoDB: Compressed tables use zlib 1.2.11
2020-02-18 13:25:39 0 [Note] InnoDB: Number of pools: 1
2020-02-18 13:25:39 0 [Note] InnoDB: Using SSE2 crc32 instructions
2020-02-18 13:25:39 0 [Note] InnoDB: Initializing buffer pool, total size = 16M, instances = 1, chunk size = 16M
2020-02-18 13:25:39 0 [Note] InnoDB: Completed initialization of buffer pool
2020-02-18 13:25:39 0 [Note] InnoDB: Starting crash recovery from checkpoint LSN=300288
2020-02-18 13:25:39 0 [Note] InnoDB: 128 out of 128 rollback segments are active.
2020-02-18 13:25:39 0 [Note] InnoDB: Removed temporary tablespace data file: "ibtmp1"
2020-02-18 13:25:39 0 [Note] InnoDB: Creating shared tablespace for temporary tables
2020-02-18 13:25:39 0 [Note] InnoDB: Setting file 'C:\Users\Luis Developer\Documents\GitHub\SEDEA\XAMPP\mysql\data\ibtmp1' size to 12 MB. Physically writing the file full; Please wait ...
2020-02-18 13:25:39 0 [Note] InnoDB: File 'C:\Users\Luis Developer\Documents\GitHub\SEDEA\XAMPP\mysql\data\ibtmp1' size is now 12 MB.
2020-02-18 13:25:39 0 [Note] InnoDB: Waiting for purge to start
2020-02-18 13:25:39 0 [Note] InnoDB: 10.4.11 started; log sequence number 300297; transaction id 171
2020-02-18 13:25:39 0 [Note] InnoDB: Loading buffer pool(s) from C:\Users\Luis Developer\Documents\GitHub\SEDEA\XAMPP\mysql\data\ib_buffer_pool
2020-02-18 13:25:39 0 [Note] Plugin 'FEEDBACK' is disabled.
2020-02-18 13:25:39 0 [Note] InnoDB: Buffer pool(s) load completed at 200218 13:25:39
2020-02-18 13:25:39 0 [Note] Server socket created on IP: '::'.
InnoDB: using atomic writes.
2020-02-18 16:25:16 0 [Note] InnoDB: Mutexes and rw_locks use Windows interlocked functions
2020-02-18 16:25:16 0 [Note] InnoDB: Uses event mutexes
2020-02-18 16:25:16 0 [Note] InnoDB: Compressed tables use zlib 1.2.11
2020-02-18 16:25:16 0 [Note] InnoDB: Number of pools: 1
2020-02-18 16:25:16 0 [Note] InnoDB: Using SSE2 crc32 instructions
2020-02-18 16:25:16 0 [Note] InnoDB: Initializing buffer pool, total size = 16M, instances = 1, chunk size = 16M
2020-02-18 16:25:16 0 [Note] InnoDB: Completed initialization of buffer pool
2020-02-18 16:25:16 0 [Note] InnoDB: Starting crash recovery from checkpoint LSN=309824
2020-02-18 16:25:17 0 [Note] InnoDB: 128 out of 128 rollback segments are active.
2020-02-18 16:25:17 0 [Note] InnoDB: Removed temporary tablespace data file: "ibtmp1"
2020-02-18 16:25:17 0 [Note] InnoDB: Creating shared tablespace for temporary tables
2020-02-18 16:25:17 0 [Note] InnoDB: Setting file 'C:\Users\Luis Developer\Documents\GitHub\SEDEA\XAMPP\mysql\data\ibtmp1' size to 12 MB. Physically writing the file full; Please wait ...
2020-02-18 16:25:17 0 [Note] InnoDB: File 'C:\Users\Luis Developer\Documents\GitHub\SEDEA\XAMPP\mysql\data\ibtmp1' size is now 12 MB.
2020-02-18 16:25:17 0 [Note] InnoDB: Waiting for purge to start
2020-02-18 16:25:17 0 [Note] InnoDB: 10.4.11 started; log sequence number 309833; transaction id 214
2020-02-18 16:25:17 0 [Note] InnoDB: Loading buffer pool(s) from C:\Users\Luis Developer\Documents\GitHub\SEDEA\XAMPP\mysql\data\ib_buffer_pool
2020-02-18 16:25:17 0 [Note] Plugin 'FEEDBACK' is disabled.
2020-02-18 16:25:17 0 [Note] Server socket created on IP: '::'.
InnoDB: using atomic writes.
2020-02-18 17:03:16 0 [Note] InnoDB: Mutexes and rw_locks use Windows interlocked functions
2020-02-18 17:03:16 0 [Note] InnoDB: Uses event mutexes
2020-02-18 17:03:16 0 [Note] InnoDB: Compressed tables use zlib 1.2.11
2020-02-18 17:03:16 0 [Note] InnoDB: Number of pools: 1
2020-02-18 17:03:16 0 [Note] InnoDB: Using SSE2 crc32 instructions
2020-02-18 17:03:16 0 [Note] InnoDB: Initializing buffer pool, total size = 16M, instances = 1, chunk size = 16M
2020-02-18 17:03:16 0 [Note] InnoDB: Completed initialization of buffer pool
2020-02-18 17:03:16 0 [Note] InnoDB: Starting crash recovery from checkpoint LSN=309842
2020-02-18 17:03:16 0 [Note] InnoDB: 128 out of 128 rollback segments are active.
2020-02-18 17:03:16 0 [Note] InnoDB: Removed temporary tablespace data file: "ibtmp1"
2020-02-18 17:03:16 0 [Note] InnoDB: Creating shared tablespace for temporary tables
2020-02-18 17:03:16 0 [Note] InnoDB: Setting file 'C:\Users\Luis Developer\Documents\GitHub\SEDEA\XAMPP\mysql\data\ibtmp1' size to 12 MB. Physically writing the file full; Please wait ...
2020-02-18 17:03:16 0 [Note] InnoDB: File 'C:\Users\Luis Developer\Documents\GitHub\SEDEA\XAMPP\mysql\data\ibtmp1' size is now 12 MB.
2020-02-18 17:03:16 0 [Note] InnoDB: Waiting for purge to start
2020-02-18 17:03:16 0 [Note] InnoDB: 10.4.11 started; log sequence number 309851; transaction id 214
2020-02-18 17:03:16 0 [Note] InnoDB: Loading buffer pool(s) from C:\Users\Luis Developer\Documents\GitHub\SEDEA\XAMPP\mysql\data\ib_buffer_pool
2020-02-18 17:03:16 0 [Note] Plugin 'FEEDBACK' is disabled.
2020-02-18 17:03:16 0 [Note] Server socket created on IP: '::'.
