12:05:19 p. m.  [main] 	Initializing Control Panel
12:05:19 p. m.  [main] 	Windows Version:  Home  64-bit
12:05:19 p. m.  [main] 	XAMPP Version: 7.4.2
12:05:19 p. m.  [main] 	Control Panel Version: 3.2.4  [ Compiled: Jun 5th 2019 ]
12:05:19 p. m.  [main] 	You are not running with administrator rights! This will work for
12:05:19 p. m.  [main] 	most application stuff but whenever you do something with services
12:05:19 p. m.  [main] 	there will be a security dialogue or things will break! So think 
12:05:19 p. m.  [main] 	about running this application with administrator rights!
12:05:19 p. m.  [main] 	XAMPP Installation Directory: "c:\users\development\documents\github\sedea\xammp\"
12:05:19 p. m.  [main] 	Checking for prerequisites
12:05:19 p. m.  [main] 	All prerequisites found
12:05:19 p. m.  [main] 	Initializing Modules
12:05:19 p. m.  [main] 	Starting Check-Timer
12:05:19 p. m.  [main] 	Control Panel Ready
12:05:22 p. m.  [Apache] 	Attempting to start Apache app...
12:05:22 p. m.  [Apache] 	Status change detected: running
12:05:22 p. m.  [mysql] 	Attempting to start MySQL app...
12:05:22 p. m.  [mysql] 	Status change detected: running
12:05:54 p. m.  [main] 	Deinitializing Modules
12:05:54 p. m.  [main] 	Deinitializing Control Panel

12:25:20 p. m.  [main] 	Initializing Control Panel
12:25:20 p. m.  [main] 	Windows Version:  Home  64-bit
12:25:20 p. m.  [main] 	XAMPP Version: 7.4.2
12:25:20 p. m.  [main] 	Control Panel Version: 3.2.4  [ Compiled: Jun 5th 2019 ]
12:25:20 p. m.  [main] 	You are not running with administrator rights! This will work for
12:25:20 p. m.  [main] 	most application stuff but whenever you do something with services
12:25:20 p. m.  [main] 	there will be a security dialogue or things will break! So think 
12:25:20 p. m.  [main] 	about running this application with administrator rights!
12:25:20 p. m.  [main] 	XAMPP Installation Directory: "c:\users\development\documents\github\sedea\xammp\"
12:25:20 p. m.  [main] 	Checking for prerequisites
12:25:20 p. m.  [main] 	All prerequisites found
12:25:20 p. m.  [main] 	Initializing Modules
12:25:20 p. m.  [main] 	Starting Check-Timer
12:25:20 p. m.  [main] 	Control Panel Ready
12:25:22 p. m.  [Apache] 	Attempting to start Apache app...
12:25:22 p. m.  [Apache] 	Status change detected: running
12:25:23 p. m.  [mysql] 	Attempting to start MySQL app...
12:25:23 p. m.  [mysql] 	Status change detected: running
12:25:43 p. m.  [mysql] 	Attempting to stop MySQL app...
12:25:43 p. m.  [mysql] 	Status change detected: stopped
12:25:45 p. m.  [Apache] 	Attempting to stop Apache (PID: 18592)
12:25:45 p. m.  [Apache] 	Attempting to stop Apache (PID: 18880)
12:25:45 p. m.  [Apache] 	Status change detected: stopped
12:25:47 p. m.  [main] 	Deinitializing Modules
12:25:47 p. m.  [main] 	Deinitializing Control Panel

08:18:05 p. m.  [main] 	Initializing Control Panel
08:18:05 p. m.  [main] 	Windows Version:  Home  64-bit
08:18:05 p. m.  [main] 	XAMPP Version: 7.4.2
08:18:05 p. m.  [main] 	Control Panel Version: 3.2.4  [ Compiled: Jun 5th 2019 ]
08:18:05 p. m.  [main] 	You are not running with administrator rights! This will work for
08:18:05 p. m.  [main] 	most application stuff but whenever you do something with services
08:18:05 p. m.  [main] 	there will be a security dialogue or things will break! So think 
08:18:05 p. m.  [main] 	about running this application with administrator rights!
08:18:05 p. m.  [main] 	XAMPP Installation Directory: "c:\users\development\documents\github\sedea\xammp\"
08:18:05 p. m.  [main] 	Checking for prerequisites
08:18:05 p. m.  [main] 	All prerequisites found
08:18:05 p. m.  [main] 	Initializing Modules
08:18:05 p. m.  [main] 	Starting Check-Timer
08:18:05 p. m.  [main] 	Control Panel Ready
08:19:51 p. m.  [main] 	Deinitializing Modules
08:19:51 p. m.  [main] 	Deinitializing Control Panel

09:18:39 p. m.  [main] 	Initializing Control Panel
09:18:39 p. m.  [main] 	Windows Version:  Home  64-bit
09:18:39 p. m.  [main] 	XAMPP Version: 7.4.2
09:18:39 p. m.  [main] 	Control Panel Version: 3.2.4  [ Compiled: Jun 5th 2019 ]
09:18:39 p. m.  [main] 	You are not running with administrator rights! This will work for
09:18:39 p. m.  [main] 	most application stuff but whenever you do something with services
09:18:39 p. m.  [main] 	there will be a security dialogue or things will break! So think 
09:18:39 p. m.  [main] 	about running this application with administrator rights!
09:18:39 p. m.  [main] 	XAMPP Installation Directory: "c:\users\development\documents\github\sedea\xammp\"
09:18:39 p. m.  [main] 	Checking for prerequisites
09:18:39 p. m.  [main] 	All prerequisites found
09:18:39 p. m.  [main] 	Initializing Modules
09:18:39 p. m.  [main] 	Starting Check-Timer
09:18:39 p. m.  [main] 	Control Panel Ready
09:18:43 p. m.  [Apache] 	Attempting to start Apache app...
09:18:44 p. m.  [Apache] 	Status change detected: running
09:18:44 p. m.  [mysql] 	Attempting to start MySQL app...
09:18:44 p. m.  [mysql] 	Status change detected: running
11:55:49 p. m.  [mysql] 	Attempting to stop MySQL app...
11:55:50 p. m.  [mysql] 	Status change detected: stopped
11:55:50 p. m.  [Apache] 	Attempting to stop Apache (PID: 15012)
11:55:50 p. m.  [Apache] 	Attempting to stop Apache (PID: 4516)
11:55:50 p. m.  [Apache] 	Status change detected: stopped
11:55:51 p. m.  [main] 	Deinitializing Modules
11:55:51 p. m.  [main] 	Deinitializing Control Panel

05:04:30 p. m.  [main] 	Deinitializing Modules
05:04:30 p. m.  [main] 	Deinitializing Control Panel

05:05:03 p. m.  [main] 	Initializing Control Panel
05:05:03 p. m.  [main] 	Windows Version:  Home  64-bit
05:05:03 p. m.  [main] 	XAMPP Version: 7.4.2
05:05:03 p. m.  [main] 	Control Panel Version: 3.2.4  [ Compiled: Jun 5th 2019 ]
05:05:03 p. m.  [main] 	You are not running with administrator rights! This will work for
05:05:03 p. m.  [main] 	most application stuff but whenever you do something with services
05:05:03 p. m.  [main] 	there will be a security dialogue or things will break! So think 
05:05:03 p. m.  [main] 	about running this application with administrator rights!
05:05:03 p. m.  [main] 	XAMPP Installation Directory: "c:\users\development\documents\github\sedea\xammp\"
05:05:03 p. m.  [main] 	Checking for prerequisites
05:05:03 p. m.  [main] 	All prerequisites found
05:05:03 p. m.  [main] 	Initializing Modules
05:05:03 p. m.  [main] 	Starting Check-Timer
05:05:03 p. m.  [main] 	Control Panel Ready
05:05:04 p. m.  [Apache] 	Attempting to start Apache app...
05:05:05 p. m.  [Apache] 	Status change detected: running
05:05:05 p. m.  [mysql] 	Attempting to start MySQL app...
05:05:05 p. m.  [mysql] 	Status change detected: running
10:17:22 p. m.  [Apache] 	Attempting to stop Apache (PID: 10156)
10:17:22 p. m.  [Apache] 	Attempting to stop Apache (PID: 4688)
10:17:22 p. m.  [Apache] 	Status change detected: stopped
10:17:22 p. m.  [mysql] 	Attempting to stop MySQL app...
10:17:22 p. m.  [mysql] 	Status change detected: stopped
10:32:32 p. m.  [Apache] 	Attempting to start Apache app...
10:32:33 p. m.  [Apache] 	Status change detected: running
10:32:33 p. m.  [mysql] 	Attempting to start MySQL app...
10:32:34 p. m.  [mysql] 	Status change detected: running
11:40:20 p. m.  [Apache] 	Attempting to stop Apache (PID: 7988)
11:40:20 p. m.  [Apache] 	Attempting to stop Apache (PID: 14792)
11:40:20 p. m.  [Apache] 	Status change detected: stopped
11:40:21 p. m.  [mysql] 	Attempting to stop MySQL app...
11:40:21 p. m.  [mysql] 	Status change detected: stopped
11:40:22 p. m.  [main] 	Deinitializing Modules
11:40:22 p. m.  [main] 	Deinitializing Control Panel

