01:25:31 p. m.  [main] 	Initializing Control Panel
01:25:31 p. m.  [main] 	Windows Version:  Home  64-bit
01:25:31 p. m.  [main] 	XAMPP Version: 7.4.2
01:25:31 p. m.  [main] 	Control Panel Version: 3.2.4  [ Compiled: Jun 5th 2019 ]
01:25:31 p. m.  [main] 	You are not running with administrator rights! This will work for
01:25:31 p. m.  [main] 	most application stuff but whenever you do something with services
01:25:31 p. m.  [main] 	there will be a security dialogue or things will break! So think 
01:25:31 p. m.  [main] 	about running this application with administrator rights!
01:25:31 p. m.  [main] 	XAMPP Installation Directory: "c:\users\luis developer\documents\github\sedea\xampp\"
01:25:31 p. m.  [main] 	WARNING: Your install directory contains spaces.  This may break programs/scripts
01:25:31 p. m.  [main] 	Checking for prerequisites
01:25:32 p. m.  [main] 	All prerequisites found
01:25:32 p. m.  [main] 	Initializing Modules
01:25:32 p. m.  [main] 	Starting Check-Timer
01:25:32 p. m.  [main] 	Control Panel Ready
01:25:37 p. m.  [Apache] 	Attempting to start Apache app...
01:25:37 p. m.  [Apache] 	Status change detected: running
01:25:38 p. m.  [mysql] 	Attempting to start MySQL app...
01:25:38 p. m.  [mysql] 	Status change detected: running
04:25:14 p. m.  [Apache] 	Attempting to stop Apache (PID: 3064)
04:25:14 p. m.  [Apache] 	Attempting to stop Apache (PID: 10716)
04:25:14 p. m.  [Apache] 	Status change detected: stopped
04:25:15 p. m.  [mysql] 	Attempting to stop MySQL app...
04:25:15 p. m.  [mysql] 	Status change detected: stopped
04:25:15 p. m.  [Apache] 	Attempting to start Apache app...
04:25:16 p. m.  [Apache] 	Status change detected: running
04:25:16 p. m.  [mysql] 	Attempting to start MySQL app...
04:25:16 p. m.  [mysql] 	Status change detected: running
04:31:47 p. m.  [Apache] 	Attempting to stop Apache (PID: 12928)
04:31:47 p. m.  [Apache] 	Attempting to stop Apache (PID: 6716)
04:31:47 p. m.  [Apache] 	Status change detected: stopped
04:31:47 p. m.  [mysql] 	Attempting to stop MySQL app...
04:31:47 p. m.  [mysql] 	Status change detected: stopped
04:31:49 p. m.  [main] 	Deinitializing Modules
04:31:49 p. m.  [main] 	Deinitializing Control Panel

05:03:11 p. m.  [main] 	Initializing Control Panel
05:03:11 p. m.  [main] 	Windows Version:  Home  64-bit
05:03:11 p. m.  [main] 	XAMPP Version: 7.4.2
05:03:11 p. m.  [main] 	Control Panel Version: 3.2.4  [ Compiled: Jun 5th 2019 ]
05:03:11 p. m.  [main] 	You are not running with administrator rights! This will work for
05:03:11 p. m.  [main] 	most application stuff but whenever you do something with services
05:03:11 p. m.  [main] 	there will be a security dialogue or things will break! So think 
05:03:11 p. m.  [main] 	about running this application with administrator rights!
05:03:11 p. m.  [main] 	XAMPP Installation Directory: "c:\users\luis developer\documents\github\sedea\xampp\"
05:03:11 p. m.  [main] 	WARNING: Your install directory contains spaces.  This may break programs/scripts
05:03:12 p. m.  [main] 	Checking for prerequisites
05:03:14 p. m.  [main] 	All prerequisites found
05:03:14 p. m.  [main] 	Initializing Modules
05:03:14 p. m.  [main] 	Starting Check-Timer
05:03:14 p. m.  [main] 	Control Panel Ready
05:03:15 p. m.  [Apache] 	Attempting to start Apache app...
05:03:16 p. m.  [mysql] 	Attempting to start MySQL app...
05:03:16 p. m.  [Apache] 	Status change detected: running
05:03:16 p. m.  [mysql] 	Status change detected: running
12:44:10 a. m.  [Apache] 	Attempting to stop Apache (PID: 224)
12:44:10 a. m.  [Apache] 	Attempting to stop Apache (PID: 15136)
12:44:11 a. m.  [Apache] 	Status change detected: stopped
12:44:11 a. m.  [mysql] 	Attempting to stop MySQL app...
12:44:11 a. m.  [mysql] 	Status change detected: stopped
12:44:15 a. m.  [main] 	Deinitializing Modules
12:44:15 a. m.  [main] 	Deinitializing Control Panel

08:27:11 p. m.  [main] 	Initializing Control Panel
08:27:11 p. m.  [main] 	Windows Version:  Home  64-bit
08:27:11 p. m.  [main] 	XAMPP Version: 7.4.2
08:27:11 p. m.  [main] 	Control Panel Version: 3.2.4  [ Compiled: Jun 5th 2019 ]
08:27:11 p. m.  [main] 	You are not running with administrator rights! This will work for
08:27:11 p. m.  [main] 	most application stuff but whenever you do something with services
08:27:11 p. m.  [main] 	there will be a security dialogue or things will break! So think 
08:27:11 p. m.  [main] 	about running this application with administrator rights!
08:27:11 p. m.  [main] 	XAMPP Installation Directory: "c:\users\luis developer\documents\github\sedea\xampp\"
08:27:11 p. m.  [main] 	WARNING: Your install directory contains spaces.  This may break programs/scripts
08:27:11 p. m.  [main] 	Checking for prerequisites
08:27:15 p. m.  [main] 	All prerequisites found
08:27:15 p. m.  [main] 	Initializing Modules
08:27:15 p. m.  [main] 	Starting Check-Timer
08:27:15 p. m.  [main] 	Control Panel Ready
08:27:17 p. m.  [Apache] 	Attempting to start Apache app...
08:27:17 p. m.  [Apache] 	Status change detected: running
08:27:17 p. m.  [mysql] 	Attempting to start MySQL app...
08:27:17 p. m.  [mysql] 	Status change detected: running
12:06:15 a. m.  [Apache] 	Attempting to stop Apache (PID: 20740)
12:06:15 a. m.  [Apache] 	Attempting to stop Apache (PID: 21004)
12:06:15 a. m.  [mysql] 	Attempting to stop MySQL app...
12:06:16 a. m.  [Apache] 	Status change detected: stopped
12:06:16 a. m.  [mysql] 	Status change detected: stopped
12:06:16 a. m.  [main] 	Deinitializing Modules
12:06:16 a. m.  [main] 	Deinitializing Control Panel

12:16:54 a. m.  [main] 	Initializing Control Panel
12:16:54 a. m.  [main] 	Windows Version:  Home  64-bit
12:16:54 a. m.  [main] 	XAMPP Version: 7.4.2
12:16:54 a. m.  [main] 	Control Panel Version: 3.2.4  [ Compiled: Jun 5th 2019 ]
12:16:54 a. m.  [main] 	You are not running with administrator rights! This will work for
12:16:54 a. m.  [main] 	most application stuff but whenever you do something with services
12:16:54 a. m.  [main] 	there will be a security dialogue or things will break! So think 
12:16:54 a. m.  [main] 	about running this application with administrator rights!
12:16:54 a. m.  [main] 	XAMPP Installation Directory: "c:\users\luis developer\documents\github\sedea\xampp\"
12:16:54 a. m.  [main] 	WARNING: Your install directory contains spaces.  This may break programs/scripts
12:16:54 a. m.  [main] 	Checking for prerequisites
12:16:55 a. m.  [main] 	All prerequisites found
12:16:55 a. m.  [main] 	Initializing Modules
12:16:55 a. m.  [main] 	Starting Check-Timer
12:16:55 a. m.  [main] 	Control Panel Ready
12:16:56 a. m.  [Apache] 	Attempting to start Apache app...
12:16:56 a. m.  [Apache] 	Status change detected: running
12:16:57 a. m.  [mysql] 	Attempting to start MySQL app...
12:16:57 a. m.  [mysql] 	Status change detected: running
12:29:25 a. m.  [main] 	Deinitializing Modules
12:29:25 a. m.  [main] 	Deinitializing Control Panel

09:38:14 a. m.  [main] 	Initializing Control Panel
09:38:14 a. m.  [main] 	Windows Version:  Home  64-bit
09:38:14 a. m.  [main] 	XAMPP Version: 7.4.2
09:38:14 a. m.  [main] 	Control Panel Version: 3.2.4  [ Compiled: Jun 5th 2019 ]
09:38:14 a. m.  [main] 	You are not running with administrator rights! This will work for
09:38:14 a. m.  [main] 	most application stuff but whenever you do something with services
09:38:14 a. m.  [main] 	there will be a security dialogue or things will break! So think 
09:38:14 a. m.  [main] 	about running this application with administrator rights!
09:38:14 a. m.  [main] 	XAMPP Installation Directory: "c:\users\luis developer\documents\github\sedea\xampp\"
09:38:14 a. m.  [main] 	WARNING: Your install directory contains spaces.  This may break programs/scripts
09:38:14 a. m.  [main] 	Checking for prerequisites
09:38:15 a. m.  [main] 	All prerequisites found
09:38:15 a. m.  [main] 	Initializing Modules
09:38:15 a. m.  [main] 	Starting Check-Timer
09:38:15 a. m.  [main] 	Control Panel Ready
09:38:45 a. m.  [Apache] 	Attempting to start Apache app...
09:38:46 a. m.  [Apache] 	Status change detected: running
09:38:46 a. m.  [mysql] 	Attempting to start MySQL app...
09:38:46 a. m.  [mysql] 	Status change detected: running
01:36:22 p. m.  [Apache] 	Attempting to stop Apache (PID: 20868)
01:36:22 p. m.  [Apache] 	Attempting to stop Apache (PID: 712)
01:36:22 p. m.  [Apache] 	Status change detected: stopped
01:36:22 p. m.  [mysql] 	Attempting to stop MySQL app...
01:36:22 p. m.  [mysql] 	Status change detected: stopped
01:36:23 p. m.  [main] 	Deinitializing Modules
01:36:23 p. m.  [main] 	Deinitializing Control Panel

01:43:45 p. m.  [main] 	Initializing Control Panel
01:43:45 p. m.  [main] 	Windows Version:  Home  64-bit
01:43:46 p. m.  [main] 	XAMPP Version: 7.4.2
01:43:46 p. m.  [main] 	Control Panel Version: 3.2.4  [ Compiled: Jun 5th 2019 ]
01:43:46 p. m.  [main] 	You are not running with administrator rights! This will work for
01:43:46 p. m.  [main] 	most application stuff but whenever you do something with services
01:43:46 p. m.  [main] 	there will be a security dialogue or things will break! So think 
01:43:46 p. m.  [main] 	about running this application with administrator rights!
01:43:46 p. m.  [main] 	XAMPP Installation Directory: "c:\users\luis developer\documents\github\sedea\xampp\"
01:43:46 p. m.  [main] 	WARNING: Your install directory contains spaces.  This may break programs/scripts
01:43:46 p. m.  [main] 	Checking for prerequisites
01:43:47 p. m.  [main] 	All prerequisites found
01:43:47 p. m.  [main] 	Initializing Modules
01:43:47 p. m.  [main] 	Starting Check-Timer
01:43:47 p. m.  [main] 	Control Panel Ready
01:43:48 p. m.  [Apache] 	Attempting to start Apache app...
01:43:48 p. m.  [Apache] 	Status change detected: running
01:43:49 p. m.  [mysql] 	Attempting to start MySQL app...
01:43:49 p. m.  [mysql] 	Status change detected: running
09:43:00 p. m.  [Apache] 	Attempting to stop Apache (PID: 18732)
09:43:00 p. m.  [Apache] 	Attempting to stop Apache (PID: 3020)
09:43:00 p. m.  [Apache] 	Status change detected: stopped
09:43:00 p. m.  [mysql] 	Attempting to stop MySQL app...
09:43:01 p. m.  [mysql] 	Status change detected: stopped
09:43:03 p. m.  [main] 	Deinitializing Modules
09:43:03 p. m.  [main] 	Deinitializing Control Panel

09:44:50 p. m.  [main] 	Initializing Control Panel
09:44:50 p. m.  [main] 	Windows Version:  Home  64-bit
09:44:50 p. m.  [main] 	XAMPP Version: 7.4.2
09:44:50 p. m.  [main] 	Control Panel Version: 3.2.4  [ Compiled: Jun 5th 2019 ]
09:44:50 p. m.  [main] 	You are not running with administrator rights! This will work for
09:44:50 p. m.  [main] 	most application stuff but whenever you do something with services
09:44:50 p. m.  [main] 	there will be a security dialogue or things will break! So think 
09:44:50 p. m.  [main] 	about running this application with administrator rights!
09:44:50 p. m.  [main] 	XAMPP Installation Directory: "c:\users\luis developer\documents\github\sedea\xampp\"
09:44:50 p. m.  [main] 	WARNING: Your install directory contains spaces.  This may break programs/scripts
09:44:50 p. m.  [main] 	Checking for prerequisites
09:44:52 p. m.  [main] 	All prerequisites found
09:44:52 p. m.  [main] 	Initializing Modules
09:44:52 p. m.  [main] 	Starting Check-Timer
09:44:52 p. m.  [main] 	Control Panel Ready
09:44:53 p. m.  [Apache] 	Attempting to start Apache app...
09:44:54 p. m.  [Apache] 	Status change detected: running
09:44:54 p. m.  [mysql] 	Attempting to start MySQL app...
09:44:54 p. m.  [mysql] 	Status change detected: running
10:30:00 p. m.  [Apache] 	Attempting to stop Apache (PID: 4620)
10:30:00 p. m.  [Apache] 	Attempting to stop Apache (PID: 14416)
10:30:00 p. m.  [mysql] 	Attempting to stop MySQL app...
10:30:00 p. m.  [Apache] 	Status change detected: stopped
10:30:00 p. m.  [mysql] 	Status change detected: stopped
10:30:02 p. m.  [main] 	Deinitializing Modules
10:30:02 p. m.  [main] 	Deinitializing Control Panel

02:15:32 p. m.  [Apache] 	Attempting to stop Apache (PID: 1292)
02:15:32 p. m.  [Apache] 	Attempting to stop Apache (PID: 21824)
02:15:32 p. m.  [Apache] 	Status change detected: stopped
02:15:32 p. m.  [mysql] 	Attempting to stop MySQL app...
02:15:33 p. m.  [mysql] 	Status change detected: stopped
02:15:35 p. m.  [main] 	Deinitializing Modules
02:15:35 p. m.  [main] 	Deinitializing Control Panel

10:38:36 p. m.  [main] 	Initializing Control Panel
10:38:36 p. m.  [main] 	Windows Version:  Home  64-bit
10:38:36 p. m.  [main] 	XAMPP Version: 7.4.2
10:38:36 p. m.  [main] 	Control Panel Version: 3.2.4  [ Compiled: Jun 5th 2019 ]
10:38:36 p. m.  [main] 	You are not running with administrator rights! This will work for
10:38:36 p. m.  [main] 	most application stuff but whenever you do something with services
10:38:36 p. m.  [main] 	there will be a security dialogue or things will break! So think 
10:38:36 p. m.  [main] 	about running this application with administrator rights!
10:38:36 p. m.  [main] 	XAMPP Installation Directory: "c:\users\luis developer\documents\github\sedea\xampp\"
10:38:36 p. m.  [main] 	WARNING: Your install directory contains spaces.  This may break programs/scripts
10:38:36 p. m.  [main] 	Checking for prerequisites
10:38:37 p. m.  [main] 	All prerequisites found
10:38:37 p. m.  [main] 	Initializing Modules
10:38:37 p. m.  [main] 	Starting Check-Timer
10:38:37 p. m.  [main] 	Control Panel Ready
10:38:39 p. m.  [Apache] 	Attempting to start Apache app...
10:38:39 p. m.  [Apache] 	Status change detected: running
10:38:39 p. m.  [mysql] 	Attempting to start MySQL app...
10:38:40 p. m.  [mysql] 	Status change detected: running
11:07:34 p. m.  [Apache] 	Attempting to stop Apache (PID: 19172)
11:07:34 p. m.  [Apache] 	Attempting to stop Apache (PID: 22860)
11:07:34 p. m.  [Apache] 	Status change detected: stopped
11:07:35 p. m.  [mysql] 	Attempting to stop MySQL app...
11:07:35 p. m.  [mysql] 	Status change detected: stopped
11:07:42 p. m.  [main] 	Deinitializing Modules
11:07:42 p. m.  [main] 	Deinitializing Control Panel

10:22:53 a.m.  [main] 	Initializing Control Panel
10:22:53 a.m.  [main] 	Windows Version: Windows 7 Professional SP1 64-bit
10:22:53 a.m.  [main] 	XAMPP Version: 7.4.2
10:22:53 a.m.  [main] 	Control Panel Version: 3.2.4  [ Compiled: Jun 5th 2019 ]
10:22:53 a.m.  [main] 	Running with Administrator rights - good!
10:22:53 a.m.  [main] 	XAMPP Installation Directory: "c:\users\equipo\documents\github\sedea\xampp\"
10:22:53 a.m.  [main] 	Checking for prerequisites
10:22:53 a.m.  [main] 	All prerequisites found
10:22:53 a.m.  [main] 	Initializing Modules
10:22:53 a.m.  [main] 	Starting Check-Timer
10:22:53 a.m.  [main] 	Control Panel Ready
10:22:55 a.m.  [Apache] 	Attempting to start Apache app...
10:22:55 a.m.  [Apache] 	Status change detected: running
10:22:57 a.m.  [Apache] 	Status change detected: stopped
10:22:57 a.m.  [Apache] 	Error: Apache shutdown unexpectedly.
10:22:57 a.m.  [Apache] 	This may be due to a blocked port, missing dependencies, 
10:22:57 a.m.  [Apache] 	improper privileges, a crash, or a shutdown by another method.
10:22:57 a.m.  [Apache] 	Press the Logs button to view error logs and check
10:22:57 a.m.  [Apache] 	the Windows Event Viewer for more clues
10:22:57 a.m.  [Apache] 	If you need more help, copy and post this
10:22:57 a.m.  [Apache] 	entire log window on the forums
10:22:58 a.m.  [mysql] 	Attempting to start MySQL app...
10:22:58 a.m.  [mysql] 	Status change detected: running
10:23:00 a.m.  [mysql] 	Status change detected: stopped
10:23:00 a.m.  [mysql] 	Error: MySQL shutdown unexpectedly.
10:23:00 a.m.  [mysql] 	This may be due to a blocked port, missing dependencies, 
10:23:00 a.m.  [mysql] 	improper privileges, a crash, or a shutdown by another method.
10:23:00 a.m.  [mysql] 	Press the Logs button to view error logs and check
10:23:00 a.m.  [mysql] 	the Windows Event Viewer for more clues
10:23:00 a.m.  [mysql] 	If you need more help, copy and post this
10:23:00 a.m.  [mysql] 	entire log window on the forums
10:24:16 a.m.  [main] 	Deinitializing Modules
10:24:16 a.m.  [main] 	Deinitializing Control Panel

10:09:15 p. m.  [main] 	Initializing Control Panel
10:09:15 p. m.  [main] 	Windows Version:  Home  64-bit
10:09:15 p. m.  [main] 	XAMPP Version: 7.4.2
10:09:15 p. m.  [main] 	Control Panel Version: 3.2.4  [ Compiled: Jun 5th 2019 ]
10:09:15 p. m.  [main] 	You are not running with administrator rights! This will work for
10:09:15 p. m.  [main] 	most application stuff but whenever you do something with services
10:09:15 p. m.  [main] 	there will be a security dialogue or things will break! So think 
10:09:15 p. m.  [main] 	about running this application with administrator rights!
10:09:15 p. m.  [main] 	XAMPP Installation Directory: "c:\users\luis developer\documents\github\sedea\xampp\"
10:09:15 p. m.  [main] 	WARNING: Your install directory contains spaces.  This may break programs/scripts
10:09:15 p. m.  [main] 	Checking for prerequisites
10:09:18 p. m.  [main] 	All prerequisites found
10:09:18 p. m.  [main] 	Initializing Modules
10:09:18 p. m.  [main] 	Starting Check-Timer
10:09:18 p. m.  [main] 	Control Panel Ready
10:09:20 p. m.  [Apache] 	Attempting to start Apache app...
10:09:20 p. m.  [Apache] 	Status change detected: running
10:09:20 p. m.  [mysql] 	Attempting to start MySQL app...
10:09:21 p. m.  [mysql] 	Status change detected: running
10:13:07 p. m.  [mysql] 	Attempting to stop MySQL app...
10:13:08 p. m.  [mysql] 	Status change detected: stopped
10:13:08 p. m.  [Apache] 	Attempting to stop Apache (PID: 3296)
10:13:08 p. m.  [Apache] 	Attempting to stop Apache (PID: 10992)
10:13:08 p. m.  [Apache] 	Status change detected: stopped
10:13:08 p. m.  [main] 	Deinitializing Modules
10:13:08 p. m.  [main] 	Deinitializing Control Panel

12:03:32 a. m.  [main] 	Initializing Control Panel
12:03:32 a. m.  [main] 	Windows Version:  Home  64-bit
12:03:32 a. m.  [main] 	XAMPP Version: 7.4.2
12:03:32 a. m.  [main] 	Control Panel Version: 3.2.4  [ Compiled: Jun 5th 2019 ]
12:03:32 a. m.  [main] 	You are not running with administrator rights! This will work for
12:03:32 a. m.  [main] 	most application stuff but whenever you do something with services
12:03:32 a. m.  [main] 	there will be a security dialogue or things will break! So think 
12:03:32 a. m.  [main] 	about running this application with administrator rights!
12:03:32 a. m.  [main] 	XAMPP Installation Directory: "c:\users\luis developer\documents\github\sedea\xampp\"
12:03:32 a. m.  [main] 	WARNING: Your install directory contains spaces.  This may break programs/scripts
12:03:32 a. m.  [main] 	Checking for prerequisites
12:03:34 a. m.  [main] 	All prerequisites found
12:03:34 a. m.  [main] 	Initializing Modules
12:03:34 a. m.  [main] 	Starting Check-Timer
12:03:34 a. m.  [main] 	Control Panel Ready
12:03:36 a. m.  [Apache] 	Attempting to start Apache app...
12:03:36 a. m.  [Apache] 	Status change detected: running
12:03:36 a. m.  [mysql] 	Attempting to start MySQL app...
12:03:36 a. m.  [mysql] 	Status change detected: running
12:56:16 a. m.  [mysql] 	Attempting to stop MySQL app...
12:56:16 a. m.  [mysql] 	Status change detected: stopped
12:56:17 a. m.  [Apache] 	Attempting to stop Apache (PID: 11440)
12:56:17 a. m.  [Apache] 	Attempting to stop Apache (PID: 8116)
12:56:17 a. m.  [Apache] 	Status change detected: stopped
12:56:17 a. m.  [main] 	Deinitializing Modules
12:56:17 a. m.  [main] 	Deinitializing Control Panel

