::1 - - [18/Feb/2020:13:28:33 -0600] "GET / HTTP/1.1" 302 - "-" "Mozilla/5.0 (Windows NT 10.0; Win64; x64) AppleWebKit/537.36 (KHTML, like Gecko) Chrome/79.0.3945.130 Safari/537.36 OPR/66.0.3515.72"
::1 - - [18/Feb/2020:13:28:36 -0600] "GET /phpmyadmin/ HTTP/1.1" 200 15262 "http://localhost/dashboard/" "Mozilla/5.0 (Windows NT 10.0; Win64; x64) AppleWebKit/537.36 (KHTML, like Gecko) Chrome/79.0.3945.130 Safari/537.36 OPR/66.0.3515.72"
::1 - - [18/Feb/2020:13:28:37 -0600] "GET /phpmyadmin/themes/pmahomme/jquery/jquery-ui.css HTTP/1.1" 200 36566 "-" "Mozilla/5.0 (Windows NT 10.0; Win64; x64) AppleWebKit/537.36 (KHTML, like Gecko) Chrome/79.0.3945.130 Safari/537.36 OPR/66.0.3515.72"
::1 - - [18/Feb/2020:13:28:37 -0600] "GET /phpmyadmin/js/vendor/codemirror/lib/codemirror.css?v=5.0.1 HTTP/1.1" 200 8705 "-" "Mozilla/5.0 (Windows NT 10.0; Win64; x64) AppleWebKit/537.36 (KHTML, like Gecko) Chrome/79.0.3945.130 Safari/537.36 OPR/66.0.3515.72"
::1 - - [18/Feb/2020:13:28:37 -0600] "GET /phpmyadmin/js/vendor/jquery/jquery-migrate.js?v=5.0.1 HTTP/1.1" 200 19092 "-" "Mozilla/5.0 (Windows NT 10.0; Win64; x64) AppleWebKit/537.36 (KHTML, like Gecko) Chrome/79.0.3945.130 Safari/537.36 OPR/66.0.3515.72"
::1 - - [18/Feb/2020:13:28:37 -0600] "GET /phpmyadmin/js/vendor/codemirror/addon/hint/show-hint.css?v=5.0.1 HTTP/1.1" 200 623 "-" "Mozilla/5.0 (Windows NT 10.0; Win64; x64) AppleWebKit/537.36 (KHTML, like Gecko) Chrome/79.0.3945.130 Safari/537.36 OPR/66.0.3515.72"
::1 - - [18/Feb/2020:13:28:37 -0600] "GET /phpmyadmin/js/vendor/codemirror/addon/lint/lint.css?v=5.0.1 HTTP/1.1" 200 2999 "-" "Mozilla/5.0 (Windows NT 10.0; Win64; x64) AppleWebKit/537.36 (KHTML, like Gecko) Chrome/79.0.3945.130 Safari/537.36 OPR/66.0.3515.72"
::1 - - [18/Feb/2020:13:28:37 -0600] "GET /phpmyadmin/js/vendor/sprintf.js?v=5.0.1 HTTP/1.1" 200 7387 "-" "Mozilla/5.0 (Windows NT 10.0; Win64; x64) AppleWebKit/537.36 (KHTML, like Gecko) Chrome/79.0.3945.130 Safari/537.36 OPR/66.0.3515.72"
::1 - - [18/Feb/2020:13:28:37 -0600] "GET /phpmyadmin/js/ajax.js?v=5.0.1 HTTP/1.1" 200 36644 "-" "Mozilla/5.0 (Windows NT 10.0; Win64; x64) AppleWebKit/537.36 (KHTML, like Gecko) Chrome/79.0.3945.130 Safari/537.36 OPR/66.0.3515.72"
::1 - - [18/Feb/2020:13:28:37 -0600] "GET /phpmyadmin/js/keyhandler.js?v=5.0.1 HTTP/1.1" 200 3337 "-" "Mozilla/5.0 (Windows NT 10.0; Win64; x64) AppleWebKit/537.36 (KHTML, like Gecko) Chrome/79.0.3945.130 Safari/537.36 OPR/66.0.3515.72"
::1 - - [18/Feb/2020:13:28:37 -0600] "GET /phpmyadmin/themes/pmahomme/css/theme.css?v=5.0.1&nocache=6175733722ltr&server=1 HTTP/1.1" 200 100397 "-" "Mozilla/5.0 (Windows NT 10.0; Win64; x64) AppleWebKit/537.36 (KHTML, like Gecko) Chrome/79.0.3945.130 Safari/537.36 OPR/66.0.3515.72"
::1 - - [18/Feb/2020:13:28:37 -0600] "GET /phpmyadmin/js/vendor/bootstrap/bootstrap.bundle.min.js?v=5.0.1 HTTP/1.1" 200 78635 "-" "Mozilla/5.0 (Windows NT 10.0; Win64; x64) AppleWebKit/537.36 (KHTML, like Gecko) Chrome/79.0.3945.130 Safari/537.36 OPR/66.0.3515.72"
::1 - - [18/Feb/2020:13:28:37 -0600] "GET /phpmyadmin/js/vendor/js.cookie.js?v=5.0.1 HTTP/1.1" 200 3883 "-" "Mozilla/5.0 (Windows NT 10.0; Win64; x64) AppleWebKit/537.36 (KHTML, like Gecko) Chrome/79.0.3945.130 Safari/537.36 OPR/66.0.3515.72"
::1 - - [18/Feb/2020:13:28:37 -0600] "GET /phpmyadmin/js/vendor/jquery/jquery-ui.min.js?v=5.0.1 HTTP/1.1" 200 253681 "-" "Mozilla/5.0 (Windows NT 10.0; Win64; x64) AppleWebKit/537.36 (KHTML, like Gecko) Chrome/79.0.3945.130 Safari/537.36 OPR/66.0.3515.72"
::1 - - [18/Feb/2020:13:28:37 -0600] "GET /phpmyadmin/js/vendor/jquery/jquery.mousewheel.js?v=5.0.1 HTTP/1.1" 200 8267 "-" "Mozilla/5.0 (Windows NT 10.0; Win64; x64) AppleWebKit/537.36 (KHTML, like Gecko) Chrome/79.0.3945.130 Safari/537.36 OPR/66.0.3515.72"
::1 - - [18/Feb/2020:13:28:37 -0600] "GET /phpmyadmin/js/vendor/jquery/jquery.event.drag-2.2.js?v=5.0.1 HTTP/1.1" 200 12826 "-" "Mozilla/5.0 (Windows NT 10.0; Win64; x64) AppleWebKit/537.36 (KHTML, like Gecko) Chrome/79.0.3945.130 Safari/537.36 OPR/66.0.3515.72"
::1 - - [18/Feb/2020:13:28:37 -0600] "GET /phpmyadmin/js/vendor/jquery/jquery.min.js?v=5.0.1 HTTP/1.1" 200 88145 "-" "Mozilla/5.0 (Windows NT 10.0; Win64; x64) AppleWebKit/537.36 (KHTML, like Gecko) Chrome/79.0.3945.130 Safari/537.36 OPR/66.0.3515.72"
::1 - - [18/Feb/2020:13:28:37 -0600] "GET /phpmyadmin/js/vendor/jquery/jquery.validate.js?v=5.0.1 HTTP/1.1" 200 50690 "-" "Mozilla/5.0 (Windows NT 10.0; Win64; x64) AppleWebKit/537.36 (KHTML, like Gecko) Chrome/79.0.3945.130 Safari/537.36 OPR/66.0.3515.72"
::1 - - [18/Feb/2020:13:28:37 -0600] "GET /phpmyadmin/js/vendor/jquery/jquery.ba-hashchange-1.3.js?v=5.0.1 HTTP/1.1" 200 16522 "-" "Mozilla/5.0 (Windows NT 10.0; Win64; x64) AppleWebKit/537.36 (KHTML, like Gecko) Chrome/79.0.3945.130 Safari/537.36 OPR/66.0.3515.72"
::1 - - [18/Feb/2020:13:28:37 -0600] "GET /phpmyadmin/js/vendor/jquery/jquery.debounce-1.0.5.js?v=5.0.1 HTTP/1.1" 200 1169 "-" "Mozilla/5.0 (Windows NT 10.0; Win64; x64) AppleWebKit/537.36 (KHTML, like Gecko) Chrome/79.0.3945.130 Safari/537.36 OPR/66.0.3515.72"
::1 - - [18/Feb/2020:13:28:37 -0600] "GET /phpmyadmin/js/menu_resizer.js?v=5.0.1 HTTP/1.1" 200 8276 "-" "Mozilla/5.0 (Windows NT 10.0; Win64; x64) AppleWebKit/537.36 (KHTML, like Gecko) Chrome/79.0.3945.130 Safari/537.36 OPR/66.0.3515.72"
::1 - - [18/Feb/2020:13:28:37 -0600] "GET /phpmyadmin/js/cross_framing_protection.js?v=5.0.1 HTTP/1.1" 200 465 "-" "Mozilla/5.0 (Windows NT 10.0; Win64; x64) AppleWebKit/537.36 (KHTML, like Gecko) Chrome/79.0.3945.130 Safari/537.36 OPR/66.0.3515.72"
::1 - - [18/Feb/2020:13:28:37 -0600] "GET /phpmyadmin/js/vendor/tracekit.js?v=5.0.1 HTTP/1.1" 200 45389 "-" "Mozilla/5.0 (Windows NT 10.0; Win64; x64) AppleWebKit/537.36 (KHTML, like Gecko) Chrome/79.0.3945.130 Safari/537.36 OPR/66.0.3515.72"
::1 - - [18/Feb/2020:13:28:37 -0600] "GET /phpmyadmin/js/error_report.js?v=5.0.1 HTTP/1.1" 200 10858 "-" "Mozilla/5.0 (Windows NT 10.0; Win64; x64) AppleWebKit/537.36 (KHTML, like Gecko) Chrome/79.0.3945.130 Safari/537.36 OPR/66.0.3515.72"
::1 - - [18/Feb/2020:13:28:37 -0600] "GET /phpmyadmin/js/config.js?v=5.0.1 HTTP/1.1" 200 27402 "-" "Mozilla/5.0 (Windows NT 10.0; Win64; x64) AppleWebKit/537.36 (KHTML, like Gecko) Chrome/79.0.3945.130 Safari/537.36 OPR/66.0.3515.72"
::1 - - [18/Feb/2020:13:28:37 -0600] "GET /phpmyadmin/js/doclinks.js?v=5.0.1 HTTP/1.1" 200 18970 "-" "Mozilla/5.0 (Windows NT 10.0; Win64; x64) AppleWebKit/537.36 (KHTML, like Gecko) Chrome/79.0.3945.130 Safari/537.36 OPR/66.0.3515.72"
::1 - - [18/Feb/2020:13:28:37 -0600] "GET /phpmyadmin/js/functions.js?v=5.0.1 HTTP/1.1" 200 177699 "-" "Mozilla/5.0 (Windows NT 10.0; Win64; x64) AppleWebKit/537.36 (KHTML, like Gecko) Chrome/79.0.3945.130 Safari/537.36 OPR/66.0.3515.72"
::1 - - [18/Feb/2020:13:28:37 -0600] "GET /phpmyadmin/js/navigation.js?v=5.0.1 HTTP/1.1" 200 62743 "-" "Mozilla/5.0 (Windows NT 10.0; Win64; x64) AppleWebKit/537.36 (KHTML, like Gecko) Chrome/79.0.3945.130 Safari/537.36 OPR/66.0.3515.72"
::1 - - [18/Feb/2020:13:28:37 -0600] "GET /phpmyadmin/js/indexes.js?v=5.0.1 HTTP/1.1" 200 29379 "-" "Mozilla/5.0 (Windows NT 10.0; Win64; x64) AppleWebKit/537.36 (KHTML, like Gecko) Chrome/79.0.3945.130 Safari/537.36 OPR/66.0.3515.72"
::1 - - [18/Feb/2020:13:28:37 -0600] "GET /phpmyadmin/js/common.js?v=5.0.1 HTTP/1.1" 200 4662 "-" "Mozilla/5.0 (Windows NT 10.0; Win64; x64) AppleWebKit/537.36 (KHTML, like Gecko) Chrome/79.0.3945.130 Safari/537.36 OPR/66.0.3515.72"
::1 - - [18/Feb/2020:13:28:37 -0600] "GET /phpmyadmin/js/page_settings.js?v=5.0.1 HTTP/1.1" 200 1746 "-" "Mozilla/5.0 (Windows NT 10.0; Win64; x64) AppleWebKit/537.36 (KHTML, like Gecko) Chrome/79.0.3945.130 Safari/537.36 OPR/66.0.3515.72"
::1 - - [18/Feb/2020:13:28:37 -0600] "GET /phpmyadmin/js/drag_drop_import.js?v=5.0.1 HTTP/1.1" 200 14528 "-" "Mozilla/5.0 (Windows NT 10.0; Win64; x64) AppleWebKit/537.36 (KHTML, like Gecko) Chrome/79.0.3945.130 Safari/537.36 OPR/66.0.3515.72"
::1 - - [18/Feb/2020:13:28:37 -0600] "GET /phpmyadmin/js/vendor/codemirror/lib/codemirror.js?v=5.0.1 HTTP/1.1" 200 395660 "-" "Mozilla/5.0 (Windows NT 10.0; Win64; x64) AppleWebKit/537.36 (KHTML, like Gecko) Chrome/79.0.3945.130 Safari/537.36 OPR/66.0.3515.72"
::1 - - [18/Feb/2020:13:28:37 -0600] "GET /phpmyadmin/js/vendor/codemirror/mode/sql/sql.js?v=5.0.1 HTTP/1.1" 200 47451 "-" "Mozilla/5.0 (Windows NT 10.0; Win64; x64) AppleWebKit/537.36 (KHTML, like Gecko) Chrome/79.0.3945.130 Safari/537.36 OPR/66.0.3515.72"
::1 - - [18/Feb/2020:13:28:37 -0600] "GET /phpmyadmin/js/vendor/jquery/jquery-ui-timepicker-addon.js?v=5.0.1 HTTP/1.1" 200 78475 "-" "Mozilla/5.0 (Windows NT 10.0; Win64; x64) AppleWebKit/537.36 (KHTML, like Gecko) Chrome/79.0.3945.130 Safari/537.36 OPR/66.0.3515.72"
::1 - - [18/Feb/2020:13:28:37 -0600] "GET /phpmyadmin/js/shortcuts_handler.js?v=5.0.1 HTTP/1.1" 200 3379 "-" "Mozilla/5.0 (Windows NT 10.0; Win64; x64) AppleWebKit/537.36 (KHTML, like Gecko) Chrome/79.0.3945.130 Safari/537.36 OPR/66.0.3515.72"
::1 - - [18/Feb/2020:13:28:37 -0600] "GET /phpmyadmin/js/vendor/codemirror/addon/runmode/runmode.js?v=5.0.1 HTTP/1.1" 200 2500 "-" "Mozilla/5.0 (Windows NT 10.0; Win64; x64) AppleWebKit/537.36 (KHTML, like Gecko) Chrome/79.0.3945.130 Safari/537.36 OPR/66.0.3515.72"
::1 - - [18/Feb/2020:13:28:37 -0600] "GET /phpmyadmin/js/vendor/codemirror/addon/hint/sql-hint.js?v=5.0.1 HTTP/1.1" 200 9599 "-" "Mozilla/5.0 (Windows NT 10.0; Win64; x64) AppleWebKit/537.36 (KHTML, like Gecko) Chrome/79.0.3945.130 Safari/537.36 OPR/66.0.3515.72"
::1 - - [18/Feb/2020:13:28:37 -0600] "GET /phpmyadmin/js/vendor/codemirror/addon/hint/show-hint.js?v=5.0.1 HTTP/1.1" 200 17378 "-" "Mozilla/5.0 (Windows NT 10.0; Win64; x64) AppleWebKit/537.36 (KHTML, like Gecko) Chrome/79.0.3945.130 Safari/537.36 OPR/66.0.3515.72"
::1 - - [18/Feb/2020:13:28:37 -0600] "GET /phpmyadmin/js/rte.js?v=5.0.1 HTTP/1.1" 200 47818 "-" "Mozilla/5.0 (Windows NT 10.0; Win64; x64) AppleWebKit/537.36 (KHTML, like Gecko) Chrome/79.0.3945.130 Safari/537.36 OPR/66.0.3515.72"
::1 - - [18/Feb/2020:13:28:37 -0600] "GET /phpmyadmin/js/vendor/codemirror/addon/lint/lint.js?v=5.0.1 HTTP/1.1" 200 8610 "-" "Mozilla/5.0 (Windows NT 10.0; Win64; x64) AppleWebKit/537.36 (KHTML, like Gecko) Chrome/79.0.3945.130 Safari/537.36 OPR/66.0.3515.72"
::1 - - [18/Feb/2020:13:28:37 -0600] "GET /phpmyadmin/js/console.js?v=5.0.1 HTTP/1.1" 200 57024 "-" "Mozilla/5.0 (Windows NT 10.0; Win64; x64) AppleWebKit/537.36 (KHTML, like Gecko) Chrome/79.0.3945.130 Safari/537.36 OPR/66.0.3515.72"
::1 - - [18/Feb/2020:13:28:37 -0600] "GET /phpmyadmin/themes/dot.gif HTTP/1.1" 200 43 "-" "Mozilla/5.0 (Windows NT 10.0; Win64; x64) AppleWebKit/537.36 (KHTML, like Gecko) Chrome/79.0.3945.130 Safari/537.36 OPR/66.0.3515.72"
::1 - - [18/Feb/2020:13:28:37 -0600] "GET /phpmyadmin/themes/pmahomme/img/logo_left.png HTTP/1.1" 200 2713 "-" "Mozilla/5.0 (Windows NT 10.0; Win64; x64) AppleWebKit/537.36 (KHTML, like Gecko) Chrome/79.0.3945.130 Safari/537.36 OPR/66.0.3515.72"
::1 - - [18/Feb/2020:13:28:37 -0600] "GET /phpmyadmin/js/codemirror/addon/lint/sql-lint.js?v=5.0.1 HTTP/1.1" 200 1156 "-" "Mozilla/5.0 (Windows NT 10.0; Win64; x64) AppleWebKit/537.36 (KHTML, like Gecko) Chrome/79.0.3945.130 Safari/537.36 OPR/66.0.3515.72"
::1 - - [18/Feb/2020:13:28:37 -0600] "GET /phpmyadmin/themes/pmahomme/css/printview.css?v=5.0.1 HTTP/1.1" 200 1455 "-" "Mozilla/5.0 (Windows NT 10.0; Win64; x64) AppleWebKit/537.36 (KHTML, like Gecko) Chrome/79.0.3945.130 Safari/537.36 OPR/66.0.3515.72"
::1 - - [18/Feb/2020:13:28:37 -0600] "GET /phpmyadmin/js/whitelist.php?v=5.0.1 HTTP/1.1" 200 478 "-" "Mozilla/5.0 (Windows NT 10.0; Win64; x64) AppleWebKit/537.36 (KHTML, like Gecko) Chrome/79.0.3945.130 Safari/537.36 OPR/66.0.3515.72"
::1 - - [18/Feb/2020:13:28:37 -0600] "GET /phpmyadmin/js/messages.php?l=es&v=5.0.1 HTTP/1.1" 200 9937 "-" "Mozilla/5.0 (Windows NT 10.0; Win64; x64) AppleWebKit/537.36 (KHTML, like Gecko) Chrome/79.0.3945.130 Safari/537.36 OPR/66.0.3515.72"
::1 - - [18/Feb/2020:13:28:37 -0600] "GET /phpmyadmin/themes/pmahomme/img/left_nav_bg.png HTTP/1.1" 200 146 "http://localhost/phpmyadmin/themes/pmahomme/css/theme.css?v=5.0.1&nocache=6175733722ltr&server=1" "Mozilla/5.0 (Windows NT 10.0; Win64; x64) AppleWebKit/537.36 (KHTML, like Gecko) Chrome/79.0.3945.130 Safari/537.36 OPR/66.0.3515.72"
::1 - - [18/Feb/2020:13:28:37 -0600] "GET /phpmyadmin/themes/pmahomme/img/s_loggoff.png HTTP/1.1" 200 626 "http://localhost/phpmyadmin/themes/pmahomme/css/theme.css?v=5.0.1&nocache=6175733722ltr&server=1" "Mozilla/5.0 (Windows NT 10.0; Win64; x64) AppleWebKit/537.36 (KHTML, like Gecko) Chrome/79.0.3945.130 Safari/537.36 OPR/66.0.3515.72"
::1 - - [18/Feb/2020:13:28:37 -0600] "GET /phpmyadmin/themes/pmahomme/img/b_sqlhelp.png HTTP/1.1" 200 512 "http://localhost/phpmyadmin/themes/pmahomme/css/theme.css?v=5.0.1&nocache=6175733722ltr&server=1" "Mozilla/5.0 (Windows NT 10.0; Win64; x64) AppleWebKit/537.36 (KHTML, like Gecko) Chrome/79.0.3945.130 Safari/537.36 OPR/66.0.3515.72"
::1 - - [18/Feb/2020:13:28:37 -0600] "GET /phpmyadmin/themes/pmahomme/img/b_docs.png HTTP/1.1" 200 705 "http://localhost/phpmyadmin/themes/pmahomme/css/theme.css?v=5.0.1&nocache=6175733722ltr&server=1" "Mozilla/5.0 (Windows NT 10.0; Win64; x64) AppleWebKit/537.36 (KHTML, like Gecko) Chrome/79.0.3945.130 Safari/537.36 OPR/66.0.3515.72"
::1 - - [18/Feb/2020:13:28:37 -0600] "GET /phpmyadmin/themes/pmahomme/img/b_home.png HTTP/1.1" 200 734 "http://localhost/phpmyadmin/themes/pmahomme/css/theme.css?v=5.0.1&nocache=6175733722ltr&server=1" "Mozilla/5.0 (Windows NT 10.0; Win64; x64) AppleWebKit/537.36 (KHTML, like Gecko) Chrome/79.0.3945.130 Safari/537.36 OPR/66.0.3515.72"
::1 - - [18/Feb/2020:13:28:37 -0600] "GET /phpmyadmin/themes/pmahomme/img/s_cog.png HTTP/1.1" 200 442 "http://localhost/phpmyadmin/themes/pmahomme/css/theme.css?v=5.0.1&nocache=6175733722ltr&server=1" "Mozilla/5.0 (Windows NT 10.0; Win64; x64) AppleWebKit/537.36 (KHTML, like Gecko) Chrome/79.0.3945.130 Safari/537.36 OPR/66.0.3515.72"
::1 - - [18/Feb/2020:13:28:37 -0600] "GET /phpmyadmin/themes/pmahomme/img/s_reload.png HTTP/1.1" 200 527 "http://localhost/phpmyadmin/themes/pmahomme/css/theme.css?v=5.0.1&nocache=6175733722ltr&server=1" "Mozilla/5.0 (Windows NT 10.0; Win64; x64) AppleWebKit/537.36 (KHTML, like Gecko) Chrome/79.0.3945.130 Safari/537.36 OPR/66.0.3515.72"
::1 - - [18/Feb/2020:13:28:37 -0600] "GET /phpmyadmin/themes/pmahomme/img/ajax_clock_small.gif HTTP/1.1" 200 1810 "http://localhost/phpmyadmin/themes/pmahomme/css/theme.css?v=5.0.1&nocache=6175733722ltr&server=1" "Mozilla/5.0 (Windows NT 10.0; Win64; x64) AppleWebKit/537.36 (KHTML, like Gecko) Chrome/79.0.3945.130 Safari/537.36 OPR/66.0.3515.72"
::1 - - [18/Feb/2020:13:28:37 -0600] "GET /phpmyadmin/themes/pmahomme/img/b_plus.png HTTP/1.1" 200 143 "http://localhost/phpmyadmin/themes/pmahomme/css/theme.css?v=5.0.1&nocache=6175733722ltr&server=1" "Mozilla/5.0 (Windows NT 10.0; Win64; x64) AppleWebKit/537.36 (KHTML, like Gecko) Chrome/79.0.3945.130 Safari/537.36 OPR/66.0.3515.72"
::1 - - [18/Feb/2020:13:28:37 -0600] "GET /phpmyadmin/themes/pmahomme/img/b_newdb.png HTTP/1.1" 200 585 "http://localhost/phpmyadmin/themes/pmahomme/css/theme.css?v=5.0.1&nocache=6175733722ltr&server=1" "Mozilla/5.0 (Windows NT 10.0; Win64; x64) AppleWebKit/537.36 (KHTML, like Gecko) Chrome/79.0.3945.130 Safari/537.36 OPR/66.0.3515.72"
::1 - - [18/Feb/2020:13:28:37 -0600] "GET /phpmyadmin/themes/pmahomme/img/s_db.png HTTP/1.1" 200 328 "http://localhost/phpmyadmin/themes/pmahomme/css/theme.css?v=5.0.1&nocache=6175733722ltr&server=1" "Mozilla/5.0 (Windows NT 10.0; Win64; x64) AppleWebKit/537.36 (KHTML, like Gecko) Chrome/79.0.3945.130 Safari/537.36 OPR/66.0.3515.72"
::1 - - [18/Feb/2020:13:28:37 -0600] "GET /phpmyadmin/themes/pmahomme/img/s_link.png HTTP/1.1" 200 280 "http://localhost/phpmyadmin/themes/pmahomme/css/theme.css?v=5.0.1&nocache=6175733722ltr&server=1" "Mozilla/5.0 (Windows NT 10.0; Win64; x64) AppleWebKit/537.36 (KHTML, like Gecko) Chrome/79.0.3945.130 Safari/537.36 OPR/66.0.3515.72"
::1 - - [18/Feb/2020:13:28:37 -0600] "GET /phpmyadmin/themes/pmahomme/img/s_host.png HTTP/1.1" 200 591 "http://localhost/phpmyadmin/themes/pmahomme/css/theme.css?v=5.0.1&nocache=6175733722ltr&server=1" "Mozilla/5.0 (Windows NT 10.0; Win64; x64) AppleWebKit/537.36 (KHTML, like Gecko) Chrome/79.0.3945.130 Safari/537.36 OPR/66.0.3515.72"
::1 - - [18/Feb/2020:13:28:37 -0600] "GET /phpmyadmin/themes/pmahomme/img/b_sql.png HTTP/1.1" 200 680 "http://localhost/phpmyadmin/themes/pmahomme/css/theme.css?v=5.0.1&nocache=6175733722ltr&server=1" "Mozilla/5.0 (Windows NT 10.0; Win64; x64) AppleWebKit/537.36 (KHTML, like Gecko) Chrome/79.0.3945.130 Safari/537.36 OPR/66.0.3515.72"
::1 - - [18/Feb/2020:13:28:37 -0600] "GET /phpmyadmin/themes/pmahomme/img/s_status.png HTTP/1.1" 200 600 "http://localhost/phpmyadmin/themes/pmahomme/css/theme.css?v=5.0.1&nocache=6175733722ltr&server=1" "Mozilla/5.0 (Windows NT 10.0; Win64; x64) AppleWebKit/537.36 (KHTML, like Gecko) Chrome/79.0.3945.130 Safari/537.36 OPR/66.0.3515.72"
::1 - - [18/Feb/2020:13:28:37 -0600] "GET /phpmyadmin/themes/pmahomme/img/s_rights.png HTTP/1.1" 200 461 "http://localhost/phpmyadmin/themes/pmahomme/css/theme.css?v=5.0.1&nocache=6175733722ltr&server=1" "Mozilla/5.0 (Windows NT 10.0; Win64; x64) AppleWebKit/537.36 (KHTML, like Gecko) Chrome/79.0.3945.130 Safari/537.36 OPR/66.0.3515.72"
::1 - - [18/Feb/2020:13:28:37 -0600] "GET /phpmyadmin/themes/pmahomme/img/b_tblops.png HTTP/1.1" 200 537 "http://localhost/phpmyadmin/themes/pmahomme/css/theme.css?v=5.0.1&nocache=6175733722ltr&server=1" "Mozilla/5.0 (Windows NT 10.0; Win64; x64) AppleWebKit/537.36 (KHTML, like Gecko) Chrome/79.0.3945.130 Safari/537.36 OPR/66.0.3515.72"
::1 - - [18/Feb/2020:13:28:37 -0600] "GET /phpmyadmin/themes/pmahomme/img/s_vars.png HTTP/1.1" 200 523 "http://localhost/phpmyadmin/themes/pmahomme/css/theme.css?v=5.0.1&nocache=6175733722ltr&server=1" "Mozilla/5.0 (Windows NT 10.0; Win64; x64) AppleWebKit/537.36 (KHTML, like Gecko) Chrome/79.0.3945.130 Safari/537.36 OPR/66.0.3515.72"
::1 - - [18/Feb/2020:13:28:37 -0600] "GET /phpmyadmin/themes/pmahomme/img/b_import.png HTTP/1.1" 200 556 "http://localhost/phpmyadmin/themes/pmahomme/css/theme.css?v=5.0.1&nocache=6175733722ltr&server=1" "Mozilla/5.0 (Windows NT 10.0; Win64; x64) AppleWebKit/537.36 (KHTML, like Gecko) Chrome/79.0.3945.130 Safari/537.36 OPR/66.0.3515.72"
::1 - - [18/Feb/2020:13:28:37 -0600] "GET /phpmyadmin/themes/pmahomme/img/s_asci.png HTTP/1.1" 200 148 "http://localhost/phpmyadmin/themes/pmahomme/css/theme.css?v=5.0.1&nocache=6175733722ltr&server=1" "Mozilla/5.0 (Windows NT 10.0; Win64; x64) AppleWebKit/537.36 (KHTML, like Gecko) Chrome/79.0.3945.130 Safari/537.36 OPR/66.0.3515.72"
::1 - - [18/Feb/2020:13:28:37 -0600] "GET /phpmyadmin/themes/pmahomme/img/s_replication.png HTTP/1.1" 200 399 "http://localhost/phpmyadmin/themes/pmahomme/css/theme.css?v=5.0.1&nocache=6175733722ltr&server=1" "Mozilla/5.0 (Windows NT 10.0; Win64; x64) AppleWebKit/537.36 (KHTML, like Gecko) Chrome/79.0.3945.130 Safari/537.36 OPR/66.0.3515.72"
::1 - - [18/Feb/2020:13:28:37 -0600] "GET /phpmyadmin/themes/pmahomme/img/b_engine.png HTTP/1.1" 200 398 "http://localhost/phpmyadmin/themes/pmahomme/css/theme.css?v=5.0.1&nocache=6175733722ltr&server=1" "Mozilla/5.0 (Windows NT 10.0; Win64; x64) AppleWebKit/537.36 (KHTML, like Gecko) Chrome/79.0.3945.130 Safari/537.36 OPR/66.0.3515.72"
::1 - - [18/Feb/2020:13:28:37 -0600] "GET /phpmyadmin/themes/pmahomme/img/b_export.png HTTP/1.1" 200 514 "http://localhost/phpmyadmin/themes/pmahomme/css/theme.css?v=5.0.1&nocache=6175733722ltr&server=1" "Mozilla/5.0 (Windows NT 10.0; Win64; x64) AppleWebKit/537.36 (KHTML, like Gecko) Chrome/79.0.3945.130 Safari/537.36 OPR/66.0.3515.72"
::1 - - [18/Feb/2020:13:28:37 -0600] "GET /phpmyadmin/themes/pmahomme/img/console.png HTTP/1.1" 200 292 "http://localhost/phpmyadmin/themes/pmahomme/css/theme.css?v=5.0.1&nocache=6175733722ltr&server=1" "Mozilla/5.0 (Windows NT 10.0; Win64; x64) AppleWebKit/537.36 (KHTML, like Gecko) Chrome/79.0.3945.130 Safari/537.36 OPR/66.0.3515.72"
::1 - - [18/Feb/2020:13:28:37 -0600] "GET /phpmyadmin/themes/pmahomme/img/s_top.png HTTP/1.1" 200 220 "http://localhost/phpmyadmin/themes/pmahomme/css/theme.css?v=5.0.1&nocache=6175733722ltr&server=1" "Mozilla/5.0 (Windows NT 10.0; Win64; x64) AppleWebKit/537.36 (KHTML, like Gecko) Chrome/79.0.3945.130 Safari/537.36 OPR/66.0.3515.72"
::1 - - [18/Feb/2020:13:28:37 -0600] "GET /phpmyadmin/themes/pmahomme/img/b_help.png HTTP/1.1" 200 705 "http://localhost/phpmyadmin/themes/pmahomme/css/theme.css?v=5.0.1&nocache=6175733722ltr&server=1" "Mozilla/5.0 (Windows NT 10.0; Win64; x64) AppleWebKit/537.36 (KHTML, like Gecko) Chrome/79.0.3945.130 Safari/537.36 OPR/66.0.3515.72"
::1 - - [18/Feb/2020:13:28:37 -0600] "GET /phpmyadmin/themes/pmahomme/img/b_plugin.png HTTP/1.1" 200 512 "http://localhost/phpmyadmin/themes/pmahomme/css/theme.css?v=5.0.1&nocache=6175733722ltr&server=1" "Mozilla/5.0 (Windows NT 10.0; Win64; x64) AppleWebKit/537.36 (KHTML, like Gecko) Chrome/79.0.3945.130 Safari/537.36 OPR/66.0.3515.72"
::1 - - [18/Feb/2020:13:28:37 -0600] "GET /phpmyadmin/themes/pmahomme/img/s_lang.png HTTP/1.1" 200 659 "http://localhost/phpmyadmin/themes/pmahomme/css/theme.css?v=5.0.1&nocache=6175733722ltr&server=1" "Mozilla/5.0 (Windows NT 10.0; Win64; x64) AppleWebKit/537.36 (KHTML, like Gecko) Chrome/79.0.3945.130 Safari/537.36 OPR/66.0.3515.72"
::1 - - [18/Feb/2020:13:28:37 -0600] "GET /phpmyadmin/themes/pmahomme/img/s_theme.png HTTP/1.1" 200 772 "http://localhost/phpmyadmin/themes/pmahomme/css/theme.css?v=5.0.1&nocache=6175733722ltr&server=1" "Mozilla/5.0 (Windows NT 10.0; Win64; x64) AppleWebKit/537.36 (KHTML, like Gecko) Chrome/79.0.3945.130 Safari/537.36 OPR/66.0.3515.72"
::1 - - [18/Feb/2020:13:28:37 -0600] "GET /phpmyadmin/themes/pmahomme/img/window-new.png HTTP/1.1" 200 468 "http://localhost/phpmyadmin/themes/pmahomme/css/theme.css?v=5.0.1&nocache=6175733722ltr&server=1" "Mozilla/5.0 (Windows NT 10.0; Win64; x64) AppleWebKit/537.36 (KHTML, like Gecko) Chrome/79.0.3945.130 Safari/537.36 OPR/66.0.3515.72"
::1 - - [18/Feb/2020:13:28:38 -0600] "POST /phpmyadmin/ajax.php HTTP/1.1" 200 1459 "-" "Mozilla/5.0 (Windows NT 10.0; Win64; x64) AppleWebKit/537.36 (KHTML, like Gecko) Chrome/79.0.3945.130 Safari/537.36 OPR/66.0.3515.72"
::1 - - [18/Feb/2020:13:28:38 -0600] "GET /phpmyadmin/themes/pmahomme/img/b_more.png HTTP/1.1" 200 111 "http://localhost/phpmyadmin/themes/pmahomme/css/theme.css?v=5.0.1&nocache=6175733722ltr&server=1" "Mozilla/5.0 (Windows NT 10.0; Win64; x64) AppleWebKit/537.36 (KHTML, like Gecko) Chrome/79.0.3945.130 Safari/537.36 OPR/66.0.3515.72"
::1 - - [18/Feb/2020:13:28:38 -0600] "POST /phpmyadmin/navigation.php?ajax_request=1 HTTP/1.1" 200 2167 "-" "Mozilla/5.0 (Windows NT 10.0; Win64; x64) AppleWebKit/537.36 (KHTML, like Gecko) Chrome/79.0.3945.130 Safari/537.36 OPR/66.0.3515.72"
::1 - - [18/Feb/2020:13:28:38 -0600] "POST /phpmyadmin/ajax.php HTTP/1.1" 200 1555 "-" "Mozilla/5.0 (Windows NT 10.0; Win64; x64) AppleWebKit/537.36 (KHTML, like Gecko) Chrome/79.0.3945.130 Safari/537.36 OPR/66.0.3515.72"
::1 - - [18/Feb/2020:13:28:38 -0600] "POST /phpmyadmin/ajax.php HTTP/1.1" 200 1451 "-" "Mozilla/5.0 (Windows NT 10.0; Win64; x64) AppleWebKit/537.36 (KHTML, like Gecko) Chrome/79.0.3945.130 Safari/537.36 OPR/66.0.3515.72"
::1 - - [18/Feb/2020:13:28:38 -0600] "POST /phpmyadmin/version_check.php HTTP/1.1" 200 64 "-" "Mozilla/5.0 (Windows NT 10.0; Win64; x64) AppleWebKit/537.36 (KHTML, like Gecko) Chrome/79.0.3945.130 Safari/537.36 OPR/66.0.3515.72"
::1 - - [18/Feb/2020:13:28:38 -0600] "POST /phpmyadmin/db_structure.php?ajax_request=1&favorite_table=1&sync_favorite_tables=1 HTTP/1.1" 200 142 "-" "Mozilla/5.0 (Windows NT 10.0; Win64; x64) AppleWebKit/537.36 (KHTML, like Gecko) Chrome/79.0.3945.130 Safari/537.36 OPR/66.0.3515.72"
::1 - - [18/Feb/2020:13:28:46 -0600] "GET /sedea/ HTTP/1.1" 200 2042 "-" "Mozilla/5.0 (Windows NT 10.0; Win64; x64) AppleWebKit/537.36 (KHTML, like Gecko) Chrome/79.0.3945.130 Safari/537.36 OPR/66.0.3515.72"
::1 - - [18/Feb/2020:13:28:50 -0600] "GET /sedea/ HTTP/1.1" 200 2042 "-" "Mozilla/5.0 (Windows NT 10.0; Win64; x64) AppleWebKit/537.36 (KHTML, like Gecko) Chrome/79.0.3945.130 Safari/537.36 OPR/66.0.3515.72"
::1 - - [18/Feb/2020:13:30:32 -0600] "GET /sedea/Personas/ HTTP/1.1" 200 1210 "http://localhost/sedea/" "Mozilla/5.0 (Windows NT 10.0; Win64; x64) AppleWebKit/537.36 (KHTML, like Gecko) Chrome/79.0.3945.130 Safari/537.36 OPR/66.0.3515.72"
::1 - - [18/Feb/2020:13:30:33 -0600] "GET /sedea/Personas/Fisica/ HTTP/1.1" 200 1913 "http://localhost/sedea/Personas/" "Mozilla/5.0 (Windows NT 10.0; Win64; x64) AppleWebKit/537.36 (KHTML, like Gecko) Chrome/79.0.3945.130 Safari/537.36 OPR/66.0.3515.72"
::1 - - [18/Feb/2020:13:30:40 -0600] "GET /sedea/Personas/Fisica/personaFisica.php HTTP/1.1" 200 13678 "http://localhost/sedea/Personas/Fisica/" "Mozilla/5.0 (Windows NT 10.0; Win64; x64) AppleWebKit/537.36 (KHTML, like Gecko) Chrome/79.0.3945.130 Safari/537.36 OPR/66.0.3515.72"
::1 - - [18/Feb/2020:13:31:39 -0600] "GET /sedea/Personas/Fisica/requisitosGeneralesPF.php HTTP/1.1" 200 7074 "http://localhost/sedea/Personas/Fisica/" "Mozilla/5.0 (Windows NT 10.0; Win64; x64) AppleWebKit/537.36 (KHTML, like Gecko) Chrome/79.0.3945.130 Safari/537.36 OPR/66.0.3515.72"
::1 - - [18/Feb/2020:13:31:46 -0600] "POST /sedea/Personas/Fisica/requisitosGeneralesPF.php HTTP/1.1" 200 7094 "http://localhost/sedea/Personas/Fisica/requisitosGeneralesPF.php" "Mozilla/5.0 (Windows NT 10.0; Win64; x64) AppleWebKit/537.36 (KHTML, like Gecko) Chrome/79.0.3945.130 Safari/537.36 OPR/66.0.3515.72"
::1 - - [18/Feb/2020:13:33:24 -0600] "GET /sedea/Personas/Fisica/requisitosGeneralesPF.php HTTP/1.1" 200 7074 "http://localhost/sedea/Personas/Fisica/" "Mozilla/5.0 (Windows NT 10.0; Win64; x64) AppleWebKit/537.36 (KHTML, like Gecko) Chrome/79.0.3945.130 Safari/537.36 OPR/66.0.3515.72"
::1 - - [18/Feb/2020:13:33:29 -0600] "GET /sedea/Personas/Fisica/conceptosApoyoPF.php HTTP/1.1" 200 4325 "http://localhost/sedea/Personas/Fisica/" "Mozilla/5.0 (Windows NT 10.0; Win64; x64) AppleWebKit/537.36 (KHTML, like Gecko) Chrome/79.0.3945.130 Safari/537.36 OPR/66.0.3515.72"
::1 - - [18/Feb/2020:13:34:13 -0600] "GET /sedea/Personas/Fisica/conceptosApoyoPF.php HTTP/1.1" 200 4329 "http://localhost/sedea/Personas/Fisica/" "Mozilla/5.0 (Windows NT 10.0; Win64; x64) AppleWebKit/537.36 (KHTML, like Gecko) Chrome/79.0.3945.130 Safari/537.36 OPR/66.0.3515.72"
::1 - - [18/Feb/2020:13:34:14 -0600] "GET /favicon.ico HTTP/1.1" 200 30894 "http://localhost/sedea/Personas/Fisica/conceptosApoyoPF.php" "Mozilla/5.0 (Windows NT 10.0; Win64; x64) AppleWebKit/537.36 (KHTML, like Gecko) Chrome/79.0.3945.130 Safari/537.36 OPR/66.0.3515.72"
::1 - - [18/Feb/2020:13:34:14 -0600] "GET /sedea/Personas/Fisica/conceptosApoyoPF.php HTTP/1.1" 200 4329 "http://localhost/sedea/Personas/Fisica/" "Mozilla/5.0 (Windows NT 10.0; Win64; x64) AppleWebKit/537.36 (KHTML, like Gecko) Chrome/79.0.3945.130 Safari/537.36 OPR/66.0.3515.72"
::1 - - [18/Feb/2020:13:34:14 -0600] "GET /favicon.ico HTTP/1.1" 200 30894 "http://localhost/sedea/Personas/Fisica/conceptosApoyoPF.php" "Mozilla/5.0 (Windows NT 10.0; Win64; x64) AppleWebKit/537.36 (KHTML, like Gecko) Chrome/79.0.3945.130 Safari/537.36 OPR/66.0.3515.72"
::1 - - [18/Feb/2020:13:34:24 -0600] "GET /sedea/Personas/Fisica/conceptosApoyoPF.php HTTP/1.1" 200 4334 "http://localhost/sedea/Personas/Fisica/" "Mozilla/5.0 (Windows NT 10.0; Win64; x64) AppleWebKit/537.36 (KHTML, like Gecko) Chrome/79.0.3945.130 Safari/537.36 OPR/66.0.3515.72"
::1 - - [18/Feb/2020:13:34:24 -0600] "GET /favicon.ico HTTP/1.1" 200 30894 "http://localhost/sedea/Personas/Fisica/conceptosApoyoPF.php" "Mozilla/5.0 (Windows NT 10.0; Win64; x64) AppleWebKit/537.36 (KHTML, like Gecko) Chrome/79.0.3945.130 Safari/537.36 OPR/66.0.3515.72"
::1 - - [18/Feb/2020:13:39:24 -0600] "-" 408 - "-" "-"
::1 - - [18/Feb/2020:13:40:58 -0600] "GET /sedea/Personas/Fisica/conceptosApoyoPF.php HTTP/1.1" 200 4325 "http://localhost/sedea/Personas/Fisica/" "Mozilla/5.0 (Windows NT 10.0; Win64; x64) AppleWebKit/537.36 (KHTML, like Gecko) Chrome/79.0.3945.130 Safari/537.36 OPR/66.0.3515.72"
::1 - - [18/Feb/2020:13:40:58 -0600] "GET /favicon.ico HTTP/1.1" 200 30894 "http://localhost/sedea/Personas/Fisica/conceptosApoyoPF.php" "Mozilla/5.0 (Windows NT 10.0; Win64; x64) AppleWebKit/537.36 (KHTML, like Gecko) Chrome/79.0.3945.130 Safari/537.36 OPR/66.0.3515.72"
::1 - - [18/Feb/2020:13:45:47 -0600] "GET /sedea/Personas/Fisica/conceptosApoyoPF.php HTTP/1.1" 200 769 "http://localhost/sedea/Personas/Fisica/" "Mozilla/5.0 (Windows NT 10.0; Win64; x64) AppleWebKit/537.36 (KHTML, like Gecko) Chrome/79.0.3945.130 Safari/537.36 OPR/66.0.3515.72"
::1 - - [18/Feb/2020:13:45:47 -0600] "GET /favicon.ico HTTP/1.1" 200 30894 "http://localhost/sedea/Personas/Fisica/conceptosApoyoPF.php" "Mozilla/5.0 (Windows NT 10.0; Win64; x64) AppleWebKit/537.36 (KHTML, like Gecko) Chrome/79.0.3945.130 Safari/537.36 OPR/66.0.3515.72"
::1 - - [18/Feb/2020:13:46:17 -0600] "GET /sedea/Personas/Fisica/conceptosApoyoPF.php HTTP/1.1" 200 9162 "http://localhost/sedea/Personas/Fisica/" "Mozilla/5.0 (Windows NT 10.0; Win64; x64) AppleWebKit/537.36 (KHTML, like Gecko) Chrome/79.0.3945.130 Safari/537.36 OPR/66.0.3515.72"
::1 - - [18/Feb/2020:13:46:17 -0600] "GET /favicon.ico HTTP/1.1" 200 30894 "http://localhost/sedea/Personas/Fisica/conceptosApoyoPF.php" "Mozilla/5.0 (Windows NT 10.0; Win64; x64) AppleWebKit/537.36 (KHTML, like Gecko) Chrome/79.0.3945.130 Safari/537.36 OPR/66.0.3515.72"
::1 - - [18/Feb/2020:13:46:35 -0600] "GET /sedea/Personas/Fisica/conceptosApoyoPF.php HTTP/1.1" 200 6643 "http://localhost/sedea/Personas/Fisica/" "Mozilla/5.0 (Windows NT 10.0; Win64; x64) AppleWebKit/537.36 (KHTML, like Gecko) Chrome/79.0.3945.130 Safari/537.36 OPR/66.0.3515.72"
::1 - - [18/Feb/2020:13:46:35 -0600] "GET /favicon.ico HTTP/1.1" 200 30894 "http://localhost/sedea/Personas/Fisica/conceptosApoyoPF.php" "Mozilla/5.0 (Windows NT 10.0; Win64; x64) AppleWebKit/537.36 (KHTML, like Gecko) Chrome/79.0.3945.130 Safari/537.36 OPR/66.0.3515.72"
::1 - - [18/Feb/2020:13:48:02 -0600] "GET /sedea/Personas/Fisica/conceptosApoyoPF.php HTTP/1.1" 200 5794 "http://localhost/sedea/Personas/Fisica/" "Mozilla/5.0 (Windows NT 10.0; Win64; x64) AppleWebKit/537.36 (KHTML, like Gecko) Chrome/79.0.3945.130 Safari/537.36 OPR/66.0.3515.72"
::1 - - [18/Feb/2020:13:48:02 -0600] "GET /favicon.ico HTTP/1.1" 200 30894 "http://localhost/sedea/Personas/Fisica/conceptosApoyoPF.php" "Mozilla/5.0 (Windows NT 10.0; Win64; x64) AppleWebKit/537.36 (KHTML, like Gecko) Chrome/79.0.3945.130 Safari/537.36 OPR/66.0.3515.72"
::1 - - [18/Feb/2020:13:49:39 -0600] "GET /sedea/Personas/Fisica/conceptosApoyoPF.php HTTP/1.1" 200 5793 "http://localhost/sedea/Personas/Fisica/" "Mozilla/5.0 (Windows NT 10.0; Win64; x64) AppleWebKit/537.36 (KHTML, like Gecko) Chrome/79.0.3945.130 Safari/537.36 OPR/66.0.3515.72"
::1 - - [18/Feb/2020:13:49:39 -0600] "GET /favicon.ico HTTP/1.1" 200 30894 "http://localhost/sedea/Personas/Fisica/conceptosApoyoPF.php" "Mozilla/5.0 (Windows NT 10.0; Win64; x64) AppleWebKit/537.36 (KHTML, like Gecko) Chrome/79.0.3945.130 Safari/537.36 OPR/66.0.3515.72"
::1 - - [18/Feb/2020:13:49:40 -0600] "GET /sedea/Personas/Fisica/conceptosApoyoPF.php HTTP/1.1" 200 5793 "http://localhost/sedea/Personas/Fisica/" "Mozilla/5.0 (Windows NT 10.0; Win64; x64) AppleWebKit/537.36 (KHTML, like Gecko) Chrome/79.0.3945.130 Safari/537.36 OPR/66.0.3515.72"
::1 - - [18/Feb/2020:13:49:40 -0600] "GET /favicon.ico HTTP/1.1" 200 30894 "http://localhost/sedea/Personas/Fisica/conceptosApoyoPF.php" "Mozilla/5.0 (Windows NT 10.0; Win64; x64) AppleWebKit/537.36 (KHTML, like Gecko) Chrome/79.0.3945.130 Safari/537.36 OPR/66.0.3515.72"
::1 - - [18/Feb/2020:13:49:40 -0600] "GET /sedea/Personas/Fisica/conceptosApoyoPF.php HTTP/1.1" 200 5793 "http://localhost/sedea/Personas/Fisica/" "Mozilla/5.0 (Windows NT 10.0; Win64; x64) AppleWebKit/537.36 (KHTML, like Gecko) Chrome/79.0.3945.130 Safari/537.36 OPR/66.0.3515.72"
::1 - - [18/Feb/2020:13:49:40 -0600] "GET /favicon.ico HTTP/1.1" 200 30894 "http://localhost/sedea/Personas/Fisica/conceptosApoyoPF.php" "Mozilla/5.0 (Windows NT 10.0; Win64; x64) AppleWebKit/537.36 (KHTML, like Gecko) Chrome/79.0.3945.130 Safari/537.36 OPR/66.0.3515.72"
::1 - - [18/Feb/2020:13:49:40 -0600] "GET /sedea/Personas/Fisica/conceptosApoyoPF.php HTTP/1.1" 200 5793 "http://localhost/sedea/Personas/Fisica/" "Mozilla/5.0 (Windows NT 10.0; Win64; x64) AppleWebKit/537.36 (KHTML, like Gecko) Chrome/79.0.3945.130 Safari/537.36 OPR/66.0.3515.72"
::1 - - [18/Feb/2020:13:49:40 -0600] "GET /favicon.ico HTTP/1.1" 200 30894 "http://localhost/sedea/Personas/Fisica/conceptosApoyoPF.php" "Mozilla/5.0 (Windows NT 10.0; Win64; x64) AppleWebKit/537.36 (KHTML, like Gecko) Chrome/79.0.3945.130 Safari/537.36 OPR/66.0.3515.72"
::1 - - [18/Feb/2020:13:50:02 -0600] "GET /sedea/Personas/Fisica/conceptosApoyoPF.php HTTP/1.1" 200 5797 "http://localhost/sedea/Personas/Fisica/" "Mozilla/5.0 (Windows NT 10.0; Win64; x64) AppleWebKit/537.36 (KHTML, like Gecko) Chrome/79.0.3945.130 Safari/537.36 OPR/66.0.3515.72"
::1 - - [18/Feb/2020:13:50:02 -0600] "GET /favicon.ico HTTP/1.1" 200 30894 "http://localhost/sedea/Personas/Fisica/conceptosApoyoPF.php" "Mozilla/5.0 (Windows NT 10.0; Win64; x64) AppleWebKit/537.36 (KHTML, like Gecko) Chrome/79.0.3945.130 Safari/537.36 OPR/66.0.3515.72"
::1 - - [18/Feb/2020:13:50:38 -0600] "GET /sedea/Personas/Fisica/conceptosApoyoPF.php HTTP/1.1" 200 5813 "http://localhost/sedea/Personas/Fisica/" "Mozilla/5.0 (Windows NT 10.0; Win64; x64) AppleWebKit/537.36 (KHTML, like Gecko) Chrome/79.0.3945.130 Safari/537.36 OPR/66.0.3515.72"
::1 - - [18/Feb/2020:13:50:38 -0600] "GET /favicon.ico HTTP/1.1" 200 30894 "http://localhost/sedea/Personas/Fisica/conceptosApoyoPF.php" "Mozilla/5.0 (Windows NT 10.0; Win64; x64) AppleWebKit/537.36 (KHTML, like Gecko) Chrome/79.0.3945.130 Safari/537.36 OPR/66.0.3515.72"
::1 - - [18/Feb/2020:13:52:34 -0600] "POST /phpmyadmin/index.php HTTP/1.1" 200 1451 "-" "Mozilla/5.0 (Windows NT 10.0; Win64; x64) AppleWebKit/537.36 (KHTML, like Gecko) Chrome/79.0.3945.130 Safari/537.36 OPR/66.0.3515.72"
::1 - - [18/Feb/2020:14:05:56 -0600] "POST /phpmyadmin/index.php HTTP/1.1" 200 1451 "-" "Mozilla/5.0 (Windows NT 10.0; Win64; x64) AppleWebKit/537.36 (KHTML, like Gecko) Chrome/79.0.3945.130 Safari/537.36 OPR/66.0.3515.72"
::1 - - [18/Feb/2020:14:13:17 -0600] "POST /phpmyadmin/index.php HTTP/1.1" 200 1451 "-" "Mozilla/5.0 (Windows NT 10.0; Win64; x64) AppleWebKit/537.36 (KHTML, like Gecko) Chrome/79.0.3945.130 Safari/537.36 OPR/66.0.3515.72"
::1 - - [18/Feb/2020:14:15:51 -0600] "POST /phpmyadmin/index.php HTTP/1.1" 200 1451 "-" "Mozilla/5.0 (Windows NT 10.0; Win64; x64) AppleWebKit/537.36 (KHTML, like Gecko) Chrome/79.0.3945.130 Safari/537.36 OPR/66.0.3515.72"
::1 - - [18/Feb/2020:14:16:35 -0600] "POST /phpmyadmin/index.php HTTP/1.1" 200 1451 "-" "Mozilla/5.0 (Windows NT 10.0; Win64; x64) AppleWebKit/537.36 (KHTML, like Gecko) Chrome/79.0.3945.130 Safari/537.36 OPR/66.0.3515.72"
::1 - - [18/Feb/2020:14:16:37 -0600] "POST /phpmyadmin/index.php HTTP/1.1" 200 1451 "-" "Mozilla/5.0 (Windows NT 10.0; Win64; x64) AppleWebKit/537.36 (KHTML, like Gecko) Chrome/79.0.3945.130 Safari/537.36 OPR/66.0.3515.72"
::1 - - [18/Feb/2020:14:16:39 -0600] "POST /phpmyadmin/index.php HTTP/1.1" 200 1451 "-" "Mozilla/5.0 (Windows NT 10.0; Win64; x64) AppleWebKit/537.36 (KHTML, like Gecko) Chrome/79.0.3945.130 Safari/537.36 OPR/66.0.3515.72"
::1 - - [18/Feb/2020:14:16:45 -0600] "POST /phpmyadmin/index.php HTTP/1.1" 200 1451 "-" "Mozilla/5.0 (Windows NT 10.0; Win64; x64) AppleWebKit/537.36 (KHTML, like Gecko) Chrome/79.0.3945.130 Safari/537.36 OPR/66.0.3515.72"
::1 - - [18/Feb/2020:14:16:59 -0600] "POST /phpmyadmin/index.php HTTP/1.1" 200 1451 "-" "Mozilla/5.0 (Windows NT 10.0; Win64; x64) AppleWebKit/537.36 (KHTML, like Gecko) Chrome/79.0.3945.130 Safari/537.36 OPR/66.0.3515.72"
::1 - - [18/Feb/2020:14:40:59 -0600] "POST /phpmyadmin/index.php HTTP/1.1" 200 1451 "-" "Mozilla/5.0 (Windows NT 10.0; Win64; x64) AppleWebKit/537.36 (KHTML, like Gecko) Chrome/79.0.3945.130 Safari/537.36 OPR/66.0.3515.72"
::1 - - [18/Feb/2020:14:45:58 -0600] "GET /phpmyadmin/index.php?ajax_request=true&ajax_page_request=true&_nocache=1582058758173899286&token=7271573f732e6e5b607f3c726e29214d HTTP/1.1" 200 8349 "-" "Mozilla/5.0 (Windows NT 10.0; Win64; x64) AppleWebKit/537.36 (KHTML, like Gecko) Chrome/79.0.3945.130 Safari/537.36 OPR/66.0.3515.72"
::1 - - [18/Feb/2020:14:45:58 -0600] "POST /phpmyadmin/version_check.php HTTP/1.1" 200 64 "-" "Mozilla/5.0 (Windows NT 10.0; Win64; x64) AppleWebKit/537.36 (KHTML, like Gecko) Chrome/79.0.3945.130 Safari/537.36 OPR/66.0.3515.72"
::1 - - [18/Feb/2020:14:45:58 -0600] "POST /phpmyadmin/db_structure.php?ajax_request=1&favorite_table=1&sync_favorite_tables=1 HTTP/1.1" 200 142 "-" "Mozilla/5.0 (Windows NT 10.0; Win64; x64) AppleWebKit/537.36 (KHTML, like Gecko) Chrome/79.0.3945.130 Safari/537.36 OPR/66.0.3515.72"
::1 - - [18/Feb/2020:14:45:59 -0600] "GET /phpmyadmin/server_sql.php?ajax_request=true&ajax_page_request=true&_nocache=1582058759830861470&token=7271573f732e6e5b607f3c726e29214d HTTP/1.1" 200 4592 "-" "Mozilla/5.0 (Windows NT 10.0; Win64; x64) AppleWebKit/537.36 (KHTML, like Gecko) Chrome/79.0.3945.130 Safari/537.36 OPR/66.0.3515.72"
::1 - - [18/Feb/2020:14:46:01 -0600] "GET /phpmyadmin/js/makegrid.js?v=5.0.1 HTTP/1.1" 200 98272 "-" "Mozilla/5.0 (Windows NT 10.0; Win64; x64) AppleWebKit/537.36 (KHTML, like Gecko) Chrome/79.0.3945.130 Safari/537.36 OPR/66.0.3515.72"
::1 - - [18/Feb/2020:14:46:01 -0600] "GET /phpmyadmin/js/vendor/jquery/jquery.uitablefilter.js?v=5.0.1 HTTP/1.1" 200 3479 "-" "Mozilla/5.0 (Windows NT 10.0; Win64; x64) AppleWebKit/537.36 (KHTML, like Gecko) Chrome/79.0.3945.130 Safari/537.36 OPR/66.0.3515.72"
::1 - - [18/Feb/2020:14:46:01 -0600] "GET /phpmyadmin/js/sql.js?v=5.0.1 HTTP/1.1" 200 42174 "-" "Mozilla/5.0 (Windows NT 10.0; Win64; x64) AppleWebKit/537.36 (KHTML, like Gecko) Chrome/79.0.3945.130 Safari/537.36 OPR/66.0.3515.72"
::1 - - [18/Feb/2020:14:46:01 -0600] "GET /phpmyadmin/server_databases.php?server=1&ajax_request=true&ajax_page_request=true&_nocache=1582058761253817880&token=7271573f732e6e5b607f3c726e29214d HTTP/1.1" 200 7590 "-" "Mozilla/5.0 (Windows NT 10.0; Win64; x64) AppleWebKit/537.36 (KHTML, like Gecko) Chrome/79.0.3945.130 Safari/537.36 OPR/66.0.3515.72"
::1 - - [18/Feb/2020:14:46:02 -0600] "GET /phpmyadmin/themes/pmahomme/img/s_asc.png HTTP/1.1" 200 146 "http://localhost/phpmyadmin/themes/pmahomme/css/theme.css?v=5.0.1&nocache=6175733722ltr&server=1" "Mozilla/5.0 (Windows NT 10.0; Win64; x64) AppleWebKit/537.36 (KHTML, like Gecko) Chrome/79.0.3945.130 Safari/537.36 OPR/66.0.3515.72"
::1 - - [18/Feb/2020:14:46:02 -0600] "GET /phpmyadmin/themes/pmahomme/img/s_notice.png HTTP/1.1" 200 567 "http://localhost/phpmyadmin/themes/pmahomme/css/theme.css?v=5.0.1&nocache=6175733722ltr&server=1" "Mozilla/5.0 (Windows NT 10.0; Win64; x64) AppleWebKit/537.36 (KHTML, like Gecko) Chrome/79.0.3945.130 Safari/537.36 OPR/66.0.3515.72"
::1 - - [18/Feb/2020:14:46:02 -0600] "GET /phpmyadmin/themes/pmahomme/img/b_deltbl.png HTTP/1.1" 200 577 "http://localhost/phpmyadmin/themes/pmahomme/css/theme.css?v=5.0.1&nocache=6175733722ltr&server=1" "Mozilla/5.0 (Windows NT 10.0; Win64; x64) AppleWebKit/537.36 (KHTML, like Gecko) Chrome/79.0.3945.130 Safari/537.36 OPR/66.0.3515.72"
::1 - - [18/Feb/2020:14:46:02 -0600] "GET /phpmyadmin/themes/pmahomme/img/arrow_ltr.png HTTP/1.1" 200 101 "-" "Mozilla/5.0 (Windows NT 10.0; Win64; x64) AppleWebKit/537.36 (KHTML, like Gecko) Chrome/79.0.3945.130 Safari/537.36 OPR/66.0.3515.72"
::1 - - [18/Feb/2020:14:46:02 -0600] "GET /phpmyadmin/js/server/databases.js?v=5.0.1 HTTP/1.1" 200 5722 "-" "Mozilla/5.0 (Windows NT 10.0; Win64; x64) AppleWebKit/537.36 (KHTML, like Gecko) Chrome/79.0.3945.130 Safari/537.36 OPR/66.0.3515.72"
::1 - - [18/Feb/2020:14:46:15 -0600] "POST /phpmyadmin/server_databases.php HTTP/1.1" 200 1866 "-" "Mozilla/5.0 (Windows NT 10.0; Win64; x64) AppleWebKit/537.36 (KHTML, like Gecko) Chrome/79.0.3945.130 Safari/537.36 OPR/66.0.3515.72"
::1 - - [18/Feb/2020:14:46:15 -0600] "GET /phpmyadmin/themes/pmahomme/img/s_success.png HTTP/1.1" 200 465 "http://localhost/phpmyadmin/themes/pmahomme/css/theme.css?v=5.0.1&nocache=6175733722ltr&server=1" "Mozilla/5.0 (Windows NT 10.0; Win64; x64) AppleWebKit/537.36 (KHTML, like Gecko) Chrome/79.0.3945.130 Safari/537.36 OPR/66.0.3515.72"
::1 - - [18/Feb/2020:14:46:15 -0600] "GET /phpmyadmin/db_structure.php?db=sedea&ajax_request=true&ajax_page_request=true&_nocache=158205877572797127&token=7271573f732e6e5b607f3c726e29214d HTTP/1.1" 200 2981 "-" "Mozilla/5.0 (Windows NT 10.0; Win64; x64) AppleWebKit/537.36 (KHTML, like Gecko) Chrome/79.0.3945.130 Safari/537.36 OPR/66.0.3515.72"
::1 - - [18/Feb/2020:14:46:16 -0600] "GET /phpmyadmin/themes/pmahomme/img/b_props.png HTTP/1.1" 200 573 "http://localhost/phpmyadmin/themes/pmahomme/css/theme.css?v=5.0.1&nocache=6175733722ltr&server=1" "Mozilla/5.0 (Windows NT 10.0; Win64; x64) AppleWebKit/537.36 (KHTML, like Gecko) Chrome/79.0.3945.130 Safari/537.36 OPR/66.0.3515.72"
::1 - - [18/Feb/2020:14:46:16 -0600] "GET /phpmyadmin/themes/pmahomme/img/centralColumns.png HTTP/1.1" 200 586 "http://localhost/phpmyadmin/themes/pmahomme/css/theme.css?v=5.0.1&nocache=6175733722ltr&server=1" "Mozilla/5.0 (Windows NT 10.0; Win64; x64) AppleWebKit/537.36 (KHTML, like Gecko) Chrome/79.0.3945.130 Safari/537.36 OPR/66.0.3515.72"
::1 - - [18/Feb/2020:14:46:16 -0600] "GET /phpmyadmin/themes/pmahomme/img/b_routines.png HTTP/1.1" 200 306 "http://localhost/phpmyadmin/themes/pmahomme/css/theme.css?v=5.0.1&nocache=6175733722ltr&server=1" "Mozilla/5.0 (Windows NT 10.0; Win64; x64) AppleWebKit/537.36 (KHTML, like Gecko) Chrome/79.0.3945.130 Safari/537.36 OPR/66.0.3515.72"
::1 - - [18/Feb/2020:14:46:16 -0600] "GET /phpmyadmin/themes/pmahomme/img/b_search.png HTTP/1.1" 200 538 "http://localhost/phpmyadmin/themes/pmahomme/css/theme.css?v=5.0.1&nocache=6175733722ltr&server=1" "Mozilla/5.0 (Windows NT 10.0; Win64; x64) AppleWebKit/537.36 (KHTML, like Gecko) Chrome/79.0.3945.130 Safari/537.36 OPR/66.0.3515.72"
::1 - - [18/Feb/2020:14:46:16 -0600] "GET /phpmyadmin/themes/pmahomme/img/b_events.png HTTP/1.1" 200 703 "http://localhost/phpmyadmin/themes/pmahomme/css/theme.css?v=5.0.1&nocache=6175733722ltr&server=1" "Mozilla/5.0 (Windows NT 10.0; Win64; x64) AppleWebKit/537.36 (KHTML, like Gecko) Chrome/79.0.3945.130 Safari/537.36 OPR/66.0.3515.72"
::1 - - [18/Feb/2020:14:46:16 -0600] "GET /phpmyadmin/themes/pmahomme/img/b_relations.png HTTP/1.1" 200 140 "http://localhost/phpmyadmin/themes/pmahomme/css/theme.css?v=5.0.1&nocache=6175733722ltr&server=1" "Mozilla/5.0 (Windows NT 10.0; Win64; x64) AppleWebKit/537.36 (KHTML, like Gecko) Chrome/79.0.3945.130 Safari/537.36 OPR/66.0.3515.72"
::1 - - [18/Feb/2020:14:46:16 -0600] "GET /phpmyadmin/themes/pmahomme/img/b_triggers.png HTTP/1.1" 200 446 "http://localhost/phpmyadmin/themes/pmahomme/css/theme.css?v=5.0.1&nocache=6175733722ltr&server=1" "Mozilla/5.0 (Windows NT 10.0; Win64; x64) AppleWebKit/537.36 (KHTML, like Gecko) Chrome/79.0.3945.130 Safari/537.36 OPR/66.0.3515.72"
::1 - - [18/Feb/2020:14:46:16 -0600] "GET /phpmyadmin/themes/pmahomme/img/eye.png HTTP/1.1" 200 663 "http://localhost/phpmyadmin/themes/pmahomme/css/theme.css?v=5.0.1&nocache=6175733722ltr&server=1" "Mozilla/5.0 (Windows NT 10.0; Win64; x64) AppleWebKit/537.36 (KHTML, like Gecko) Chrome/79.0.3945.130 Safari/537.36 OPR/66.0.3515.72"
::1 - - [18/Feb/2020:14:46:16 -0600] "GET /phpmyadmin/themes/pmahomme/img/b_table_add.png HTTP/1.1" 200 571 "http://localhost/phpmyadmin/themes/pmahomme/css/theme.css?v=5.0.1&nocache=6175733722ltr&server=1" "Mozilla/5.0 (Windows NT 10.0; Win64; x64) AppleWebKit/537.36 (KHTML, like Gecko) Chrome/79.0.3945.130 Safari/537.36 OPR/66.0.3515.72"
::1 - - [18/Feb/2020:14:46:16 -0600] "GET /phpmyadmin/js/table/change.js?v=5.0.1 HTTP/1.1" 200 28579 "-" "Mozilla/5.0 (Windows NT 10.0; Win64; x64) AppleWebKit/537.36 (KHTML, like Gecko) Chrome/79.0.3945.130 Safari/537.36 OPR/66.0.3515.72"
::1 - - [18/Feb/2020:14:46:16 -0600] "GET /phpmyadmin/js/database/structure.js?v=5.0.1 HTTP/1.1" 200 15943 "-" "Mozilla/5.0 (Windows NT 10.0; Win64; x64) AppleWebKit/537.36 (KHTML, like Gecko) Chrome/79.0.3945.130 Safari/537.36 OPR/66.0.3515.72"
::1 - - [18/Feb/2020:14:46:15 -0600] "POST /phpmyadmin/navigation.php?ajax_request=1 HTTP/1.1" 200 2196 "-" "Mozilla/5.0 (Windows NT 10.0; Win64; x64) AppleWebKit/537.36 (KHTML, like Gecko) Chrome/79.0.3945.130 Safari/537.36 OPR/66.0.3515.72"
::1 - - [18/Feb/2020:14:46:16 -0600] "GET /phpmyadmin/navigation.php?ajax_request=1&aPath=cm9vdA%3D%3D.c2VkZWE%3D&vPath=cm9vdA%3D%3D.c2VkZWE%3D&pos=0&pos2_name=&pos2_value=&searchClause=&searchClause2=&_nocache=1582058776449835292&token=7271573f732e6e5b607f3c726e29214d HTTP/1.1" 200 1483 "-" "Mozilla/5.0 (Windows NT 10.0; Win64; x64) AppleWebKit/537.36 (KHTML, like Gecko) Chrome/79.0.3945.130 Safari/537.36 OPR/66.0.3515.72"
::1 - - [18/Feb/2020:14:46:16 -0600] "GET /phpmyadmin/themes/pmahomme/img/b_minus.png HTTP/1.1" 200 123 "http://localhost/phpmyadmin/themes/pmahomme/css/theme.css?v=5.0.1&nocache=6175733722ltr&server=1" "Mozilla/5.0 (Windows NT 10.0; Win64; x64) AppleWebKit/537.36 (KHTML, like Gecko) Chrome/79.0.3945.130 Safari/537.36 OPR/66.0.3515.72"
::1 - - [18/Feb/2020:14:46:17 -0600] "GET /phpmyadmin/db_sql.php?db=sedea&ajax_request=true&ajax_page_request=true&_nocache=1582058777781661801&token=7271573f732e6e5b607f3c726e29214d HTTP/1.1" 200 4736 "-" "Mozilla/5.0 (Windows NT 10.0; Win64; x64) AppleWebKit/537.36 (KHTML, like Gecko) Chrome/79.0.3945.130 Safari/537.36 OPR/66.0.3515.72"
::1 - - [18/Feb/2020:14:46:19 -0600] "GET /phpmyadmin/themes/pmahomme/img/s_lock.png HTTP/1.1" 200 667 "http://localhost/phpmyadmin/themes/pmahomme/css/theme.css?v=5.0.1&nocache=6175733722ltr&server=1" "Mozilla/5.0 (Windows NT 10.0; Win64; x64) AppleWebKit/537.36 (KHTML, like Gecko) Chrome/79.0.3945.130 Safari/537.36 OPR/66.0.3515.72"
::1 - - [18/Feb/2020:14:46:19 -0600] "POST /phpmyadmin/db_sql_autocomplete.php HTTP/1.1" 200 1592 "-" "Mozilla/5.0 (Windows NT 10.0; Win64; x64) AppleWebKit/537.36 (KHTML, like Gecko) Chrome/79.0.3945.130 Safari/537.36 OPR/66.0.3515.72"
::1 - - [18/Feb/2020:14:46:19 -0600] "POST /phpmyadmin/lint.php HTTP/1.1" 200 28 "-" "Mozilla/5.0 (Windows NT 10.0; Win64; x64) AppleWebKit/537.36 (KHTML, like Gecko) Chrome/79.0.3945.130 Safari/537.36 OPR/66.0.3515.72"
::1 - - [18/Feb/2020:14:46:22 -0600] "POST /phpmyadmin/import.php HTTP/1.1" 200 2187 "-" "Mozilla/5.0 (Windows NT 10.0; Win64; x64) AppleWebKit/537.36 (KHTML, like Gecko) Chrome/79.0.3945.130 Safari/537.36 OPR/66.0.3515.72"
::1 - - [18/Feb/2020:14:46:22 -0600] "POST /phpmyadmin/navigation.php?ajax_request=1 HTTP/1.1" 200 2516 "-" "Mozilla/5.0 (Windows NT 10.0; Win64; x64) AppleWebKit/537.36 (KHTML, like Gecko) Chrome/79.0.3945.130 Safari/537.36 OPR/66.0.3515.72"
::1 - - [18/Feb/2020:14:46:25 -0600] "GET /phpmyadmin/themes/pmahomme/img/hide.png HTTP/1.1" 200 284 "http://localhost/phpmyadmin/themes/pmahomme/css/theme.css?v=5.0.1&nocache=6175733722ltr&server=1" "Mozilla/5.0 (Windows NT 10.0; Win64; x64) AppleWebKit/537.36 (KHTML, like Gecko) Chrome/79.0.3945.130 Safari/537.36 OPR/66.0.3515.72"
::1 - - [18/Feb/2020:14:46:26 -0600] "GET /phpmyadmin/sql.php?server=1&db=sedea&table=conceptosapoyopf&pos=0&ajax_request=true&ajax_page_request=true&_nocache=1582058786724839192&token=7271573f732e6e5b607f3c726e29214d HTTP/1.1" 200 5378 "-" "Mozilla/5.0 (Windows NT 10.0; Win64; x64) AppleWebKit/537.36 (KHTML, like Gecko) Chrome/79.0.3945.130 Safari/537.36 OPR/66.0.3515.72"
::1 - - [18/Feb/2020:14:46:27 -0600] "GET /phpmyadmin/themes/pmahomme/img/s_tbl.png HTTP/1.1" 200 645 "http://localhost/phpmyadmin/themes/pmahomme/css/theme.css?v=5.0.1&nocache=6175733722ltr&server=1" "Mozilla/5.0 (Windows NT 10.0; Win64; x64) AppleWebKit/537.36 (KHTML, like Gecko) Chrome/79.0.3945.130 Safari/537.36 OPR/66.0.3515.72"
::1 - - [18/Feb/2020:14:46:27 -0600] "GET /phpmyadmin/themes/pmahomme/img/b_tblimport.png HTTP/1.1" 200 556 "http://localhost/phpmyadmin/themes/pmahomme/css/theme.css?v=5.0.1&nocache=6175733722ltr&server=1" "Mozilla/5.0 (Windows NT 10.0; Win64; x64) AppleWebKit/537.36 (KHTML, like Gecko) Chrome/79.0.3945.130 Safari/537.36 OPR/66.0.3515.72"
::1 - - [18/Feb/2020:14:46:27 -0600] "GET /phpmyadmin/themes/pmahomme/img/b_browse.png HTTP/1.1" 200 486 "http://localhost/phpmyadmin/themes/pmahomme/css/theme.css?v=5.0.1&nocache=6175733722ltr&server=1" "Mozilla/5.0 (Windows NT 10.0; Win64; x64) AppleWebKit/537.36 (KHTML, like Gecko) Chrome/79.0.3945.130 Safari/537.36 OPR/66.0.3515.72"
::1 - - [18/Feb/2020:14:46:27 -0600] "GET /phpmyadmin/themes/pmahomme/img/b_insrow.png HTTP/1.1" 200 157 "http://localhost/phpmyadmin/themes/pmahomme/css/theme.css?v=5.0.1&nocache=6175733722ltr&server=1" "Mozilla/5.0 (Windows NT 10.0; Win64; x64) AppleWebKit/537.36 (KHTML, like Gecko) Chrome/79.0.3945.130 Safari/537.36 OPR/66.0.3515.72"
::1 - - [18/Feb/2020:14:46:27 -0600] "GET /phpmyadmin/themes/pmahomme/img/b_tblexport.png HTTP/1.1" 200 514 "http://localhost/phpmyadmin/themes/pmahomme/css/theme.css?v=5.0.1&nocache=6175733722ltr&server=1" "Mozilla/5.0 (Windows NT 10.0; Win64; x64) AppleWebKit/537.36 (KHTML, like Gecko) Chrome/79.0.3945.130 Safari/537.36 OPR/66.0.3515.72"
::1 - - [18/Feb/2020:14:46:27 -0600] "GET /phpmyadmin/themes/pmahomme/img/b_view_add.png HTTP/1.1" 200 678 "http://localhost/phpmyadmin/themes/pmahomme/css/theme.css?v=5.0.1&nocache=6175733722ltr&server=1" "Mozilla/5.0 (Windows NT 10.0; Win64; x64) AppleWebKit/537.36 (KHTML, like Gecko) Chrome/79.0.3945.130 Safari/537.36 OPR/66.0.3515.72"
::1 - - [18/Feb/2020:14:46:27 -0600] "GET /phpmyadmin/themes/pmahomme/img/b_bookmark.png HTTP/1.1" 200 637 "http://localhost/phpmyadmin/themes/pmahomme/css/theme.css?v=5.0.1&nocache=6175733722ltr&server=1" "Mozilla/5.0 (Windows NT 10.0; Win64; x64) AppleWebKit/537.36 (KHTML, like Gecko) Chrome/79.0.3945.130 Safari/537.36 OPR/66.0.3515.72"
::1 - - [18/Feb/2020:14:46:27 -0600] "GET /phpmyadmin/js/multi_column_sort.js?v=5.0.1 HTTP/1.1" 200 3331 "-" "Mozilla/5.0 (Windows NT 10.0; Win64; x64) AppleWebKit/537.36 (KHTML, like Gecko) Chrome/79.0.3945.130 Safari/537.36 OPR/66.0.3515.72"
::1 - - [18/Feb/2020:14:46:27 -0600] "GET /phpmyadmin/js/gis_data_editor.js?v=5.0.1 HTTP/1.1" 200 15021 "-" "Mozilla/5.0 (Windows NT 10.0; Win64; x64) AppleWebKit/537.36 (KHTML, like Gecko) Chrome/79.0.3945.130 Safari/537.36 OPR/66.0.3515.72"
::1 - - [18/Feb/2020:14:46:27 -0600] "GET /phpmyadmin/index.php?ajax_request=1&recent_table=1&no_debug=true&_nocache=158205878749179386&token=7271573f732e6e5b607f3c726e29214d HTTP/1.1" 200 1513 "-" "Mozilla/5.0 (Windows NT 10.0; Win64; x64) AppleWebKit/537.36 (KHTML, like Gecko) Chrome/79.0.3945.130 Safari/537.36 OPR/66.0.3515.72"
::1 - - [18/Feb/2020:14:54:34 -0600] "GET /sedea/Personas/Fisica/conceptosApoyoPF.php HTTP/1.1" 200 218 "http://localhost/sedea/Personas/Fisica/" "Mozilla/5.0 (Windows NT 10.0; Win64; x64) AppleWebKit/537.36 (KHTML, like Gecko) Chrome/79.0.3945.130 Safari/537.36 OPR/66.0.3515.72"
::1 - - [18/Feb/2020:14:54:34 -0600] "GET /favicon.ico HTTP/1.1" 200 30894 "http://localhost/sedea/Personas/Fisica/conceptosApoyoPF.php" "Mozilla/5.0 (Windows NT 10.0; Win64; x64) AppleWebKit/537.36 (KHTML, like Gecko) Chrome/79.0.3945.130 Safari/537.36 OPR/66.0.3515.72"
::1 - - [18/Feb/2020:14:56:55 -0600] "GET /sedea/Personas/Fisica/conceptosApoyoPF.php HTTP/1.1" 200 5789 "http://localhost/sedea/Personas/Fisica/" "Mozilla/5.0 (Windows NT 10.0; Win64; x64) AppleWebKit/537.36 (KHTML, like Gecko) Chrome/79.0.3945.130 Safari/537.36 OPR/66.0.3515.72"
::1 - - [18/Feb/2020:14:56:55 -0600] "GET /favicon.ico HTTP/1.1" 200 30894 "http://localhost/sedea/Personas/Fisica/conceptosApoyoPF.php" "Mozilla/5.0 (Windows NT 10.0; Win64; x64) AppleWebKit/537.36 (KHTML, like Gecko) Chrome/79.0.3945.130 Safari/537.36 OPR/66.0.3515.72"
::1 - - [18/Feb/2020:14:57:06 -0600] "GET /phpmyadmin/sql.php?server=1&db=sedea&table=conceptosapoyopf&pos=0 HTTP/1.1" 200 11824 "http://localhost/dashboard/" "Mozilla/5.0 (Windows NT 10.0; Win64; x64) AppleWebKit/537.36 (KHTML, like Gecko) Chrome/79.0.3945.130 Safari/537.36 OPR/66.0.3515.72"
::1 - - [18/Feb/2020:14:57:07 -0600] "GET /phpmyadmin/themes/pmahomme/css/theme.css?v=5.0.1&nocache=6186122811ltr&server=1 HTTP/1.1" 200 100397 "-" "Mozilla/5.0 (Windows NT 10.0; Win64; x64) AppleWebKit/537.36 (KHTML, like Gecko) Chrome/79.0.3945.130 Safari/537.36 OPR/66.0.3515.72"
::1 - - [18/Feb/2020:14:57:07 -0600] "GET /phpmyadmin/js/messages.php?l=es&v=5.0.1 HTTP/1.1" 200 9937 "-" "Mozilla/5.0 (Windows NT 10.0; Win64; x64) AppleWebKit/537.36 (KHTML, like Gecko) Chrome/79.0.3945.130 Safari/537.36 OPR/66.0.3515.72"
::1 - - [18/Feb/2020:14:57:07 -0600] "GET /phpmyadmin/sql.php?server=1&db=sedea&table=conceptosapoyopf&pos=0 HTTP/1.1" 200 12058 "http://localhost/dashboard/" "Mozilla/5.0 (Windows NT 10.0; Win64; x64) AppleWebKit/537.36 (KHTML, like Gecko) Chrome/79.0.3945.130 Safari/537.36 OPR/66.0.3515.72"
::1 - - [18/Feb/2020:14:57:07 -0600] "GET /phpmyadmin/sql.php?server=1&db=sedea&table=conceptosapoyopf&pos=0 HTTP/1.1" 200 12216 "http://localhost/dashboard/" "Mozilla/5.0 (Windows NT 10.0; Win64; x64) AppleWebKit/537.36 (KHTML, like Gecko) Chrome/79.0.3945.130 Safari/537.36 OPR/66.0.3515.72"
::1 - - [18/Feb/2020:14:57:08 -0600] "GET /phpmyadmin/js/messages.php?l=es&v=5.0.1 HTTP/1.1" 200 9937 "-" "Mozilla/5.0 (Windows NT 10.0; Win64; x64) AppleWebKit/537.36 (KHTML, like Gecko) Chrome/79.0.3945.130 Safari/537.36 OPR/66.0.3515.72"
::1 - - [18/Feb/2020:14:57:09 -0600] "POST /phpmyadmin/ajax.php HTTP/1.1" 200 1461 "-" "Mozilla/5.0 (Windows NT 10.0; Win64; x64) AppleWebKit/537.36 (KHTML, like Gecko) Chrome/79.0.3945.130 Safari/537.36 OPR/66.0.3515.72"
::1 - - [18/Feb/2020:14:57:09 -0600] "POST /phpmyadmin/navigation.php?ajax_request=1 HTTP/1.1" 200 2546 "-" "Mozilla/5.0 (Windows NT 10.0; Win64; x64) AppleWebKit/537.36 (KHTML, like Gecko) Chrome/79.0.3945.130 Safari/537.36 OPR/66.0.3515.72"
::1 - - [18/Feb/2020:14:57:09 -0600] "POST /phpmyadmin/ajax.php HTTP/1.1" 200 1557 "-" "Mozilla/5.0 (Windows NT 10.0; Win64; x64) AppleWebKit/537.36 (KHTML, like Gecko) Chrome/79.0.3945.130 Safari/537.36 OPR/66.0.3515.72"
::1 - - [18/Feb/2020:14:57:10 -0600] "POST /phpmyadmin/ajax.php HTTP/1.1" 200 1453 "-" "Mozilla/5.0 (Windows NT 10.0; Win64; x64) AppleWebKit/537.36 (KHTML, like Gecko) Chrome/79.0.3945.130 Safari/537.36 OPR/66.0.3515.72"
::1 - - [18/Feb/2020:14:57:10 -0600] "GET /phpmyadmin/favicon.ico HTTP/1.1" 200 22486 "-" "Mozilla/5.0 (Windows NT 10.0; Win64; x64) AppleWebKit/537.36 (KHTML, like Gecko) Chrome/79.0.3945.130 Safari/537.36 OPR/66.0.3515.72"
::1 - - [18/Feb/2020:14:57:10 -0600] "GET /phpmyadmin/index.php?ajax_request=1&recent_table=1&no_debug=true&_nocache=1582059430064531115&token=7271573f732e6e5b607f3c726e29214d HTTP/1.1" 200 1513 "-" "Mozilla/5.0 (Windows NT 10.0; Win64; x64) AppleWebKit/537.36 (KHTML, like Gecko) Chrome/79.0.3945.130 Safari/537.36 OPR/66.0.3515.72"
::1 - - [18/Feb/2020:15:01:31 -0600] "GET /sedea/Personas/Fisica/conceptosApoyoPF.php HTTP/1.1" 200 5136 "http://localhost/sedea/Personas/Fisica/" "Mozilla/5.0 (Windows NT 10.0; Win64; x64) AppleWebKit/537.36 (KHTML, like Gecko) Chrome/79.0.3945.130 Safari/537.36 OPR/66.0.3515.72"
::1 - - [18/Feb/2020:15:01:31 -0600] "GET /favicon.ico HTTP/1.1" 200 30894 "http://localhost/sedea/Personas/Fisica/conceptosApoyoPF.php" "Mozilla/5.0 (Windows NT 10.0; Win64; x64) AppleWebKit/537.36 (KHTML, like Gecko) Chrome/79.0.3945.130 Safari/537.36 OPR/66.0.3515.72"
::1 - - [18/Feb/2020:15:01:32 -0600] "GET /sedea/Personas/Fisica/conceptosApoyoPF.php HTTP/1.1" 200 5136 "http://localhost/sedea/Personas/Fisica/" "Mozilla/5.0 (Windows NT 10.0; Win64; x64) AppleWebKit/537.36 (KHTML, like Gecko) Chrome/79.0.3945.130 Safari/537.36 OPR/66.0.3515.72"
::1 - - [18/Feb/2020:15:01:33 -0600] "GET /favicon.ico HTTP/1.1" 200 30894 "http://localhost/sedea/Personas/Fisica/conceptosApoyoPF.php" "Mozilla/5.0 (Windows NT 10.0; Win64; x64) AppleWebKit/537.36 (KHTML, like Gecko) Chrome/79.0.3945.130 Safari/537.36 OPR/66.0.3515.72"
::1 - - [18/Feb/2020:15:03:48 -0600] "GET /sedea/Personas/Fisica/conceptosApoyoPF.php HTTP/1.1" 200 5136 "http://localhost/sedea/Personas/Fisica/" "Mozilla/5.0 (Windows NT 10.0; Win64; x64) AppleWebKit/537.36 (KHTML, like Gecko) Chrome/79.0.3945.130 Safari/537.36 OPR/66.0.3515.72"
::1 - - [18/Feb/2020:15:03:48 -0600] "GET /favicon.ico HTTP/1.1" 200 30894 "http://localhost/sedea/Personas/Fisica/conceptosApoyoPF.php" "Mozilla/5.0 (Windows NT 10.0; Win64; x64) AppleWebKit/537.36 (KHTML, like Gecko) Chrome/79.0.3945.130 Safari/537.36 OPR/66.0.3515.72"
::1 - - [18/Feb/2020:15:03:48 -0600] "GET /sedea/Personas/Fisica/conceptosApoyoPF.php HTTP/1.1" 200 5136 "http://localhost/sedea/Personas/Fisica/" "Mozilla/5.0 (Windows NT 10.0; Win64; x64) AppleWebKit/537.36 (KHTML, like Gecko) Chrome/79.0.3945.130 Safari/537.36 OPR/66.0.3515.72"
::1 - - [18/Feb/2020:15:03:48 -0600] "GET /favicon.ico HTTP/1.1" 200 30894 "http://localhost/sedea/Personas/Fisica/conceptosApoyoPF.php" "Mozilla/5.0 (Windows NT 10.0; Win64; x64) AppleWebKit/537.36 (KHTML, like Gecko) Chrome/79.0.3945.130 Safari/537.36 OPR/66.0.3515.72"
::1 - - [18/Feb/2020:15:03:48 -0600] "GET /sedea/Personas/Fisica/conceptosApoyoPF.php HTTP/1.1" 200 5136 "http://localhost/sedea/Personas/Fisica/" "Mozilla/5.0 (Windows NT 10.0; Win64; x64) AppleWebKit/537.36 (KHTML, like Gecko) Chrome/79.0.3945.130 Safari/537.36 OPR/66.0.3515.72"
::1 - - [18/Feb/2020:15:03:48 -0600] "GET /favicon.ico HTTP/1.1" 200 30894 "http://localhost/sedea/Personas/Fisica/conceptosApoyoPF.php" "Mozilla/5.0 (Windows NT 10.0; Win64; x64) AppleWebKit/537.36 (KHTML, like Gecko) Chrome/79.0.3945.130 Safari/537.36 OPR/66.0.3515.72"
::1 - - [18/Feb/2020:15:04:19 -0600] "GET /phpmyadmin/sql.php?server=1&db=sedea&table=conceptosapoyopf&pos=0&ajax_request=true&ajax_page_request=true&_nocache=1582059859944754007&token=7271573f732e6e5b607f3c726e29214d HTTP/1.1" 200 5377 "-" "Mozilla/5.0 (Windows NT 10.0; Win64; x64) AppleWebKit/537.36 (KHTML, like Gecko) Chrome/79.0.3945.130 Safari/537.36 OPR/66.0.3515.72"
::1 - - [18/Feb/2020:15:04:20 -0600] "GET /phpmyadmin/index.php?ajax_request=1&recent_table=1&no_debug=true&_nocache=1582059860646556312&token=7271573f732e6e5b607f3c726e29214d HTTP/1.1" 200 1513 "-" "Mozilla/5.0 (Windows NT 10.0; Win64; x64) AppleWebKit/537.36 (KHTML, like Gecko) Chrome/79.0.3945.130 Safari/537.36 OPR/66.0.3515.72"
::1 - - [18/Feb/2020:15:06:34 -0600] "GET /sedea/Personas/Fisica/conceptosApoyoPF.php HTTP/1.1" 200 211 "http://localhost/sedea/Personas/Fisica/" "Mozilla/5.0 (Windows NT 10.0; Win64; x64) AppleWebKit/537.36 (KHTML, like Gecko) Chrome/79.0.3945.130 Safari/537.36 OPR/66.0.3515.72"
::1 - - [18/Feb/2020:15:06:34 -0600] "GET /favicon.ico HTTP/1.1" 200 30894 "http://localhost/sedea/Personas/Fisica/conceptosApoyoPF.php" "Mozilla/5.0 (Windows NT 10.0; Win64; x64) AppleWebKit/537.36 (KHTML, like Gecko) Chrome/79.0.3945.130 Safari/537.36 OPR/66.0.3515.72"
::1 - - [18/Feb/2020:15:06:35 -0600] "GET /sedea/Personas/Fisica/conceptosApoyoPF.php HTTP/1.1" 200 211 "http://localhost/sedea/Personas/Fisica/" "Mozilla/5.0 (Windows NT 10.0; Win64; x64) AppleWebKit/537.36 (KHTML, like Gecko) Chrome/79.0.3945.130 Safari/537.36 OPR/66.0.3515.72"
::1 - - [18/Feb/2020:15:06:36 -0600] "GET /favicon.ico HTTP/1.1" 200 30894 "http://localhost/sedea/Personas/Fisica/conceptosApoyoPF.php" "Mozilla/5.0 (Windows NT 10.0; Win64; x64) AppleWebKit/537.36 (KHTML, like Gecko) Chrome/79.0.3945.130 Safari/537.36 OPR/66.0.3515.72"
::1 - - [18/Feb/2020:15:06:36 -0600] "GET /sedea/Personas/Fisica/conceptosApoyoPF.php HTTP/1.1" 200 211 "http://localhost/sedea/Personas/Fisica/" "Mozilla/5.0 (Windows NT 10.0; Win64; x64) AppleWebKit/537.36 (KHTML, like Gecko) Chrome/79.0.3945.130 Safari/537.36 OPR/66.0.3515.72"
::1 - - [18/Feb/2020:15:06:36 -0600] "GET /favicon.ico HTTP/1.1" 200 30894 "http://localhost/sedea/Personas/Fisica/conceptosApoyoPF.php" "Mozilla/5.0 (Windows NT 10.0; Win64; x64) AppleWebKit/537.36 (KHTML, like Gecko) Chrome/79.0.3945.130 Safari/537.36 OPR/66.0.3515.72"
::1 - - [18/Feb/2020:15:06:36 -0600] "GET /sedea/Personas/Fisica/conceptosApoyoPF.php HTTP/1.1" 200 211 "http://localhost/sedea/Personas/Fisica/" "Mozilla/5.0 (Windows NT 10.0; Win64; x64) AppleWebKit/537.36 (KHTML, like Gecko) Chrome/79.0.3945.130 Safari/537.36 OPR/66.0.3515.72"
::1 - - [18/Feb/2020:15:06:36 -0600] "GET /favicon.ico HTTP/1.1" 200 30894 "http://localhost/sedea/Personas/Fisica/conceptosApoyoPF.php" "Mozilla/5.0 (Windows NT 10.0; Win64; x64) AppleWebKit/537.36 (KHTML, like Gecko) Chrome/79.0.3945.130 Safari/537.36 OPR/66.0.3515.72"
::1 - - [18/Feb/2020:15:06:36 -0600] "GET /sedea/Personas/Fisica/conceptosApoyoPF.php HTTP/1.1" 200 211 "http://localhost/sedea/Personas/Fisica/" "Mozilla/5.0 (Windows NT 10.0; Win64; x64) AppleWebKit/537.36 (KHTML, like Gecko) Chrome/79.0.3945.130 Safari/537.36 OPR/66.0.3515.72"
::1 - - [18/Feb/2020:15:06:36 -0600] "GET /favicon.ico HTTP/1.1" 200 30894 "http://localhost/sedea/Personas/Fisica/conceptosApoyoPF.php" "Mozilla/5.0 (Windows NT 10.0; Win64; x64) AppleWebKit/537.36 (KHTML, like Gecko) Chrome/79.0.3945.130 Safari/537.36 OPR/66.0.3515.72"
::1 - - [18/Feb/2020:15:06:36 -0600] "GET /sedea/Personas/Fisica/conceptosApoyoPF.php HTTP/1.1" 200 211 "http://localhost/sedea/Personas/Fisica/" "Mozilla/5.0 (Windows NT 10.0; Win64; x64) AppleWebKit/537.36 (KHTML, like Gecko) Chrome/79.0.3945.130 Safari/537.36 OPR/66.0.3515.72"
::1 - - [18/Feb/2020:15:06:37 -0600] "GET /favicon.ico HTTP/1.1" 200 30894 "http://localhost/sedea/Personas/Fisica/conceptosApoyoPF.php" "Mozilla/5.0 (Windows NT 10.0; Win64; x64) AppleWebKit/537.36 (KHTML, like Gecko) Chrome/79.0.3945.130 Safari/537.36 OPR/66.0.3515.72"
::1 - - [18/Feb/2020:15:06:47 -0600] "GET /sedea/Personas/Fisica/conceptosApoyoPF.php HTTP/1.1" 200 5136 "http://localhost/sedea/Personas/Fisica/" "Mozilla/5.0 (Windows NT 10.0; Win64; x64) AppleWebKit/537.36 (KHTML, like Gecko) Chrome/79.0.3945.130 Safari/537.36 OPR/66.0.3515.72"
::1 - - [18/Feb/2020:15:06:47 -0600] "GET /favicon.ico HTTP/1.1" 200 30894 "http://localhost/sedea/Personas/Fisica/conceptosApoyoPF.php" "Mozilla/5.0 (Windows NT 10.0; Win64; x64) AppleWebKit/537.36 (KHTML, like Gecko) Chrome/79.0.3945.130 Safari/537.36 OPR/66.0.3515.72"
::1 - - [18/Feb/2020:15:09:16 -0600] "GET /sedea/Personas/Fisica/conceptosApoyoPF.php HTTP/1.1" 200 5136 "http://localhost/sedea/Personas/Fisica/" "Mozilla/5.0 (Windows NT 10.0; Win64; x64) AppleWebKit/537.36 (KHTML, like Gecko) Chrome/79.0.3945.130 Safari/537.36 OPR/66.0.3515.72"
::1 - - [18/Feb/2020:15:09:16 -0600] "GET /favicon.ico HTTP/1.1" 200 30894 "http://localhost/sedea/Personas/Fisica/conceptosApoyoPF.php" "Mozilla/5.0 (Windows NT 10.0; Win64; x64) AppleWebKit/537.36 (KHTML, like Gecko) Chrome/79.0.3945.130 Safari/537.36 OPR/66.0.3515.72"
::1 - - [18/Feb/2020:15:09:17 -0600] "GET /sedea/Personas/Fisica/conceptosApoyoPF.php HTTP/1.1" 200 5136 "http://localhost/sedea/Personas/Fisica/" "Mozilla/5.0 (Windows NT 10.0; Win64; x64) AppleWebKit/537.36 (KHTML, like Gecko) Chrome/79.0.3945.130 Safari/537.36 OPR/66.0.3515.72"
::1 - - [18/Feb/2020:15:09:17 -0600] "GET /favicon.ico HTTP/1.1" 200 30894 "http://localhost/sedea/Personas/Fisica/conceptosApoyoPF.php" "Mozilla/5.0 (Windows NT 10.0; Win64; x64) AppleWebKit/537.36 (KHTML, like Gecko) Chrome/79.0.3945.130 Safari/537.36 OPR/66.0.3515.72"
::1 - - [18/Feb/2020:15:09:17 -0600] "GET /sedea/Personas/Fisica/conceptosApoyoPF.php HTTP/1.1" 200 5136 "http://localhost/sedea/Personas/Fisica/" "Mozilla/5.0 (Windows NT 10.0; Win64; x64) AppleWebKit/537.36 (KHTML, like Gecko) Chrome/79.0.3945.130 Safari/537.36 OPR/66.0.3515.72"
::1 - - [18/Feb/2020:15:09:17 -0600] "GET /favicon.ico HTTP/1.1" 200 30894 "http://localhost/sedea/Personas/Fisica/conceptosApoyoPF.php" "Mozilla/5.0 (Windows NT 10.0; Win64; x64) AppleWebKit/537.36 (KHTML, like Gecko) Chrome/79.0.3945.130 Safari/537.36 OPR/66.0.3515.72"
::1 - - [18/Feb/2020:15:09:29 -0600] "GET /phpmyadmin/sql.php?server=1&db=sedea&table=conceptosapoyopf&pos=0 HTTP/1.1" 200 12316 "http://localhost/dashboard/" "Mozilla/5.0 (Windows NT 10.0; Win64; x64) AppleWebKit/537.36 (KHTML, like Gecko) Chrome/79.0.3945.130 Safari/537.36 OPR/66.0.3515.72"
::1 - - [18/Feb/2020:15:09:30 -0600] "GET /phpmyadmin/themes/pmahomme/css/theme.css?v=5.0.1&nocache=6186128123ltr&server=1 HTTP/1.1" 200 100397 "-" "Mozilla/5.0 (Windows NT 10.0; Win64; x64) AppleWebKit/537.36 (KHTML, like Gecko) Chrome/79.0.3945.130 Safari/537.36 OPR/66.0.3515.72"
::1 - - [18/Feb/2020:15:09:30 -0600] "POST /phpmyadmin/ajax.php HTTP/1.1" 200 1461 "-" "Mozilla/5.0 (Windows NT 10.0; Win64; x64) AppleWebKit/537.36 (KHTML, like Gecko) Chrome/79.0.3945.130 Safari/537.36 OPR/66.0.3515.72"
::1 - - [18/Feb/2020:15:09:31 -0600] "POST /phpmyadmin/navigation.php?ajax_request=1 HTTP/1.1" 200 2546 "-" "Mozilla/5.0 (Windows NT 10.0; Win64; x64) AppleWebKit/537.36 (KHTML, like Gecko) Chrome/79.0.3945.130 Safari/537.36 OPR/66.0.3515.72"
::1 - - [18/Feb/2020:15:09:31 -0600] "POST /phpmyadmin/ajax.php HTTP/1.1" 200 1557 "-" "Mozilla/5.0 (Windows NT 10.0; Win64; x64) AppleWebKit/537.36 (KHTML, like Gecko) Chrome/79.0.3945.130 Safari/537.36 OPR/66.0.3515.72"
::1 - - [18/Feb/2020:15:09:31 -0600] "GET /phpmyadmin/favicon.ico HTTP/1.1" 200 22486 "-" "Mozilla/5.0 (Windows NT 10.0; Win64; x64) AppleWebKit/537.36 (KHTML, like Gecko) Chrome/79.0.3945.130 Safari/537.36 OPR/66.0.3515.72"
::1 - - [18/Feb/2020:15:09:31 -0600] "GET /phpmyadmin/favicon.ico HTTP/1.1" 200 22486 "-" "Mozilla/5.0 (Windows NT 10.0; Win64; x64) AppleWebKit/537.36 (KHTML, like Gecko) Chrome/79.0.3945.130 Safari/537.36 OPR/66.0.3515.72"
::1 - - [18/Feb/2020:15:09:31 -0600] "POST /phpmyadmin/ajax.php HTTP/1.1" 200 1453 "-" "Mozilla/5.0 (Windows NT 10.0; Win64; x64) AppleWebKit/537.36 (KHTML, like Gecko) Chrome/79.0.3945.130 Safari/537.36 OPR/66.0.3515.72"
::1 - - [18/Feb/2020:15:09:31 -0600] "GET /phpmyadmin/sql.php?server=1&db=sedea&table=conceptosapoyopf&pos=0 HTTP/1.1" 200 12376 "http://localhost/dashboard/" "Mozilla/5.0 (Windows NT 10.0; Win64; x64) AppleWebKit/537.36 (KHTML, like Gecko) Chrome/79.0.3945.130 Safari/537.36 OPR/66.0.3515.72"
::1 - - [18/Feb/2020:15:09:31 -0600] "GET /phpmyadmin/index.php?ajax_request=1&recent_table=1&no_debug=true&_nocache=1582060171672335617&token=7271573f732e6e5b607f3c726e29214d HTTP/1.1" 200 1513 "-" "Mozilla/5.0 (Windows NT 10.0; Win64; x64) AppleWebKit/537.36 (KHTML, like Gecko) Chrome/79.0.3945.130 Safari/537.36 OPR/66.0.3515.72"
::1 - - [18/Feb/2020:15:09:32 -0600] "POST /phpmyadmin/ajax.php HTTP/1.1" 200 1461 "-" "Mozilla/5.0 (Windows NT 10.0; Win64; x64) AppleWebKit/537.36 (KHTML, like Gecko) Chrome/79.0.3945.130 Safari/537.36 OPR/66.0.3515.72"
::1 - - [18/Feb/2020:15:09:32 -0600] "POST /phpmyadmin/navigation.php?ajax_request=1 HTTP/1.1" 200 2546 "-" "Mozilla/5.0 (Windows NT 10.0; Win64; x64) AppleWebKit/537.36 (KHTML, like Gecko) Chrome/79.0.3945.130 Safari/537.36 OPR/66.0.3515.72"
::1 - - [18/Feb/2020:15:09:32 -0600] "POST /phpmyadmin/ajax.php HTTP/1.1" 200 1557 "-" "Mozilla/5.0 (Windows NT 10.0; Win64; x64) AppleWebKit/537.36 (KHTML, like Gecko) Chrome/79.0.3945.130 Safari/537.36 OPR/66.0.3515.72"
::1 - - [18/Feb/2020:15:09:33 -0600] "POST /phpmyadmin/ajax.php HTTP/1.1" 200 1453 "-" "Mozilla/5.0 (Windows NT 10.0; Win64; x64) AppleWebKit/537.36 (KHTML, like Gecko) Chrome/79.0.3945.130 Safari/537.36 OPR/66.0.3515.72"
::1 - - [18/Feb/2020:15:09:33 -0600] "GET /phpmyadmin/index.php?ajax_request=1&recent_table=1&no_debug=true&_nocache=1582060173308486122&token=7271573f732e6e5b607f3c726e29214d HTTP/1.1" 200 1513 "-" "Mozilla/5.0 (Windows NT 10.0; Win64; x64) AppleWebKit/537.36 (KHTML, like Gecko) Chrome/79.0.3945.130 Safari/537.36 OPR/66.0.3515.72"
::1 - - [18/Feb/2020:15:14:49 -0600] "GET /sedea/Personas/Fisica/conceptosApoyoPF.php HTTP/1.1" 200 5137 "http://localhost/sedea/Personas/Fisica/" "Mozilla/5.0 (Windows NT 10.0; Win64; x64) AppleWebKit/537.36 (KHTML, like Gecko) Chrome/79.0.3945.130 Safari/537.36 OPR/66.0.3515.72"
::1 - - [18/Feb/2020:15:14:50 -0600] "GET /favicon.ico HTTP/1.1" 200 30894 "http://localhost/sedea/Personas/Fisica/conceptosApoyoPF.php" "Mozilla/5.0 (Windows NT 10.0; Win64; x64) AppleWebKit/537.36 (KHTML, like Gecko) Chrome/79.0.3945.130 Safari/537.36 OPR/66.0.3515.72"
::1 - - [18/Feb/2020:15:14:50 -0600] "GET /sedea/Personas/Fisica/conceptosApoyoPF.php HTTP/1.1" 200 5137 "http://localhost/sedea/Personas/Fisica/" "Mozilla/5.0 (Windows NT 10.0; Win64; x64) AppleWebKit/537.36 (KHTML, like Gecko) Chrome/79.0.3945.130 Safari/537.36 OPR/66.0.3515.72"
::1 - - [18/Feb/2020:15:14:50 -0600] "GET /favicon.ico HTTP/1.1" 200 30894 "http://localhost/sedea/Personas/Fisica/conceptosApoyoPF.php" "Mozilla/5.0 (Windows NT 10.0; Win64; x64) AppleWebKit/537.36 (KHTML, like Gecko) Chrome/79.0.3945.130 Safari/537.36 OPR/66.0.3515.72"
::1 - - [18/Feb/2020:15:14:50 -0600] "GET /sedea/Personas/Fisica/conceptosApoyoPF.php HTTP/1.1" 200 5137 "http://localhost/sedea/Personas/Fisica/" "Mozilla/5.0 (Windows NT 10.0; Win64; x64) AppleWebKit/537.36 (KHTML, like Gecko) Chrome/79.0.3945.130 Safari/537.36 OPR/66.0.3515.72"
::1 - - [18/Feb/2020:15:14:50 -0600] "GET /favicon.ico HTTP/1.1" 200 30894 "http://localhost/sedea/Personas/Fisica/conceptosApoyoPF.php" "Mozilla/5.0 (Windows NT 10.0; Win64; x64) AppleWebKit/537.36 (KHTML, like Gecko) Chrome/79.0.3945.130 Safari/537.36 OPR/66.0.3515.72"
::1 - - [18/Feb/2020:15:14:50 -0600] "GET /sedea/Personas/Fisica/conceptosApoyoPF.php HTTP/1.1" 200 5137 "http://localhost/sedea/Personas/Fisica/" "Mozilla/5.0 (Windows NT 10.0; Win64; x64) AppleWebKit/537.36 (KHTML, like Gecko) Chrome/79.0.3945.130 Safari/537.36 OPR/66.0.3515.72"
::1 - - [18/Feb/2020:15:14:51 -0600] "GET /favicon.ico HTTP/1.1" 200 30894 "http://localhost/sedea/Personas/Fisica/conceptosApoyoPF.php" "Mozilla/5.0 (Windows NT 10.0; Win64; x64) AppleWebKit/537.36 (KHTML, like Gecko) Chrome/79.0.3945.130 Safari/537.36 OPR/66.0.3515.72"
::1 - - [18/Feb/2020:15:19:49 -0600] "-" 408 - "-" "-"
::1 - - [18/Feb/2020:15:33:28 -0600] "POST /phpmyadmin/index.php HTTP/1.1" 200 1589 "-" "Mozilla/5.0 (Windows NT 10.0; Win64; x64) AppleWebKit/537.36 (KHTML, like Gecko) Chrome/79.0.3945.130 Safari/537.36 OPR/66.0.3515.72"
::1 - - [18/Feb/2020:15:43:28 -0600] "POST /phpmyadmin/index.php HTTP/1.1" 200 1589 "-" "Mozilla/5.0 (Windows NT 10.0; Win64; x64) AppleWebKit/537.36 (KHTML, like Gecko) Chrome/79.0.3945.130 Safari/537.36 OPR/66.0.3515.72"
::1 - - [18/Feb/2020:15:47:13 -0600] "POST /phpmyadmin/index.php HTTP/1.1" 200 1589 "-" "Mozilla/5.0 (Windows NT 10.0; Win64; x64) AppleWebKit/537.36 (KHTML, like Gecko) Chrome/79.0.3945.130 Safari/537.36 OPR/66.0.3515.72"
::1 - - [18/Feb/2020:15:49:47 -0600] "POST /phpmyadmin/index.php HTTP/1.1" 200 1589 "-" "Mozilla/5.0 (Windows NT 10.0; Win64; x64) AppleWebKit/537.36 (KHTML, like Gecko) Chrome/79.0.3945.130 Safari/537.36 OPR/66.0.3515.72"
::1 - - [18/Feb/2020:15:51:09 -0600] "POST /phpmyadmin/index.php HTTP/1.1" 200 1589 "-" "Mozilla/5.0 (Windows NT 10.0; Win64; x64) AppleWebKit/537.36 (KHTML, like Gecko) Chrome/79.0.3945.130 Safari/537.36 OPR/66.0.3515.72"
::1 - - [18/Feb/2020:15:52:14 -0600] "POST /phpmyadmin/index.php HTTP/1.1" 200 1589 "-" "Mozilla/5.0 (Windows NT 10.0; Win64; x64) AppleWebKit/537.36 (KHTML, like Gecko) Chrome/79.0.3945.130 Safari/537.36 OPR/66.0.3515.72"
::1 - - [18/Feb/2020:15:52:30 -0600] "POST /phpmyadmin/index.php HTTP/1.1" 200 1589 "-" "Mozilla/5.0 (Windows NT 10.0; Win64; x64) AppleWebKit/537.36 (KHTML, like Gecko) Chrome/79.0.3945.130 Safari/537.36 OPR/66.0.3515.72"
::1 - - [18/Feb/2020:15:52:32 -0600] "POST /phpmyadmin/index.php HTTP/1.1" 200 1589 "-" "Mozilla/5.0 (Windows NT 10.0; Win64; x64) AppleWebKit/537.36 (KHTML, like Gecko) Chrome/79.0.3945.130 Safari/537.36 OPR/66.0.3515.72"
::1 - - [18/Feb/2020:15:52:34 -0600] "POST /phpmyadmin/index.php HTTP/1.1" 200 1589 "-" "Mozilla/5.0 (Windows NT 10.0; Win64; x64) AppleWebKit/537.36 (KHTML, like Gecko) Chrome/79.0.3945.130 Safari/537.36 OPR/66.0.3515.72"
::1 - - [18/Feb/2020:16:16:35 -0600] "POST /phpmyadmin/index.php HTTP/1.1" 200 1589 "-" "Mozilla/5.0 (Windows NT 10.0; Win64; x64) AppleWebKit/537.36 (KHTML, like Gecko) Chrome/79.0.3945.130 Safari/537.36 OPR/66.0.3515.72"
::1 - - [18/Feb/2020:16:19:36 -0600] "GET /sedea/Personas/Fisica/conceptosApoyoPF.php HTTP/1.1" 200 5150 "http://localhost/sedea/Personas/Fisica/" "Mozilla/5.0 (Windows NT 10.0; Win64; x64) AppleWebKit/537.36 (KHTML, like Gecko) Chrome/79.0.3945.130 Safari/537.36 OPR/66.0.3515.72"
::1 - - [18/Feb/2020:16:19:36 -0600] "GET /favicon.ico HTTP/1.1" 200 30894 "http://localhost/sedea/Personas/Fisica/conceptosApoyoPF.php" "Mozilla/5.0 (Windows NT 10.0; Win64; x64) AppleWebKit/537.36 (KHTML, like Gecko) Chrome/79.0.3945.130 Safari/537.36 OPR/66.0.3515.72"
::1 - - [18/Feb/2020:16:19:54 -0600] "GET /phpmyadmin/sql.php?server=1&db=sedea&table=conceptosapoyopf&pos=0 HTTP/1.1" 200 12449 "http://localhost/dashboard/" "Mozilla/5.0 (Windows NT 10.0; Win64; x64) AppleWebKit/537.36 (KHTML, like Gecko) Chrome/79.0.3945.130 Safari/537.36 OPR/66.0.3515.72"
::1 - - [18/Feb/2020:16:19:55 -0600] "GET /phpmyadmin/themes/pmahomme/css/theme.css?v=5.0.1&nocache=6186128866ltr&server=1 HTTP/1.1" 200 100397 "-" "Mozilla/5.0 (Windows NT 10.0; Win64; x64) AppleWebKit/537.36 (KHTML, like Gecko) Chrome/79.0.3945.130 Safari/537.36 OPR/66.0.3515.72"
::1 - - [18/Feb/2020:16:19:55 -0600] "GET /phpmyadmin/js/messages.php?l=es&v=5.0.1 HTTP/1.1" 200 9937 "-" "Mozilla/5.0 (Windows NT 10.0; Win64; x64) AppleWebKit/537.36 (KHTML, like Gecko) Chrome/79.0.3945.130 Safari/537.36 OPR/66.0.3515.72"
::1 - - [18/Feb/2020:16:19:55 -0600] "POST /phpmyadmin/ajax.php HTTP/1.1" 200 1461 "-" "Mozilla/5.0 (Windows NT 10.0; Win64; x64) AppleWebKit/537.36 (KHTML, like Gecko) Chrome/79.0.3945.130 Safari/537.36 OPR/66.0.3515.72"
::1 - - [18/Feb/2020:16:19:55 -0600] "POST /phpmyadmin/navigation.php?ajax_request=1 HTTP/1.1" 200 2546 "-" "Mozilla/5.0 (Windows NT 10.0; Win64; x64) AppleWebKit/537.36 (KHTML, like Gecko) Chrome/79.0.3945.130 Safari/537.36 OPR/66.0.3515.72"
::1 - - [18/Feb/2020:16:19:55 -0600] "POST /phpmyadmin/ajax.php HTTP/1.1" 200 1557 "-" "Mozilla/5.0 (Windows NT 10.0; Win64; x64) AppleWebKit/537.36 (KHTML, like Gecko) Chrome/79.0.3945.130 Safari/537.36 OPR/66.0.3515.72"
::1 - - [18/Feb/2020:16:19:56 -0600] "GET /phpmyadmin/favicon.ico HTTP/1.1" 200 22486 "-" "Mozilla/5.0 (Windows NT 10.0; Win64; x64) AppleWebKit/537.36 (KHTML, like Gecko) Chrome/79.0.3945.130 Safari/537.36 OPR/66.0.3515.72"
::1 - - [18/Feb/2020:16:19:56 -0600] "POST /phpmyadmin/ajax.php HTTP/1.1" 200 1453 "-" "Mozilla/5.0 (Windows NT 10.0; Win64; x64) AppleWebKit/537.36 (KHTML, like Gecko) Chrome/79.0.3945.130 Safari/537.36 OPR/66.0.3515.72"
::1 - - [18/Feb/2020:16:19:56 -0600] "GET /phpmyadmin/index.php?ajax_request=1&recent_table=1&no_debug=true&_nocache=1582064396245273425&token=7271573f732e6e5b607f3c726e29214d HTTP/1.1" 200 1513 "-" "Mozilla/5.0 (Windows NT 10.0; Win64; x64) AppleWebKit/537.36 (KHTML, like Gecko) Chrome/79.0.3945.130 Safari/537.36 OPR/66.0.3515.72"
::1 - - [18/Feb/2020:16:19:57 -0600] "GET /phpmyadmin/sql.php?server=1&db=sedea&table=conceptosapoyopf&pos=0&ajax_request=true&ajax_page_request=true&_nocache=1582064397409285821&token=7271573f732e6e5b607f3c726e29214d HTTP/1.1" 200 5377 "-" "Mozilla/5.0 (Windows NT 10.0; Win64; x64) AppleWebKit/537.36 (KHTML, like Gecko) Chrome/79.0.3945.130 Safari/537.36 OPR/66.0.3515.72"
::1 - - [18/Feb/2020:16:19:57 -0600] "GET /phpmyadmin/index.php?ajax_request=1&recent_table=1&no_debug=true&_nocache=1582064397879695886&token=7271573f732e6e5b607f3c726e29214d HTTP/1.1" 200 1513 "-" "Mozilla/5.0 (Windows NT 10.0; Win64; x64) AppleWebKit/537.36 (KHTML, like Gecko) Chrome/79.0.3945.130 Safari/537.36 OPR/66.0.3515.72"
::1 - - [18/Feb/2020:16:20:01 -0600] "GET /phpmyadmin/db_structure.php?server=1&db=sedea&ajax_request=true&ajax_page_request=true&_nocache=1582064401085310449&token=7271573f732e6e5b607f3c726e29214d HTTP/1.1" 200 5131 "-" "Mozilla/5.0 (Windows NT 10.0; Win64; x64) AppleWebKit/537.36 (KHTML, like Gecko) Chrome/79.0.3945.130 Safari/537.36 OPR/66.0.3515.72"
::1 - - [18/Feb/2020:16:20:01 -0600] "GET /phpmyadmin/themes/pmahomme/img/b_no_favorite.png HTTP/1.1" 200 377 "http://localhost/phpmyadmin/themes/pmahomme/css/theme.css?v=5.0.1&nocache=6186128866ltr&server=1" "Mozilla/5.0 (Windows NT 10.0; Win64; x64) AppleWebKit/537.36 (KHTML, like Gecko) Chrome/79.0.3945.130 Safari/537.36 OPR/66.0.3515.72"
::1 - - [18/Feb/2020:16:20:01 -0600] "GET /phpmyadmin/themes/pmahomme/img/bd_browse.png HTTP/1.1" 200 271 "http://localhost/phpmyadmin/themes/pmahomme/css/theme.css?v=5.0.1&nocache=6186128866ltr&server=1" "Mozilla/5.0 (Windows NT 10.0; Win64; x64) AppleWebKit/537.36 (KHTML, like Gecko) Chrome/79.0.3945.130 Safari/537.36 OPR/66.0.3515.72"
::1 - - [18/Feb/2020:16:20:01 -0600] "GET /phpmyadmin/themes/pmahomme/img/b_drop.png HTTP/1.1" 200 637 "http://localhost/phpmyadmin/themes/pmahomme/css/theme.css?v=5.0.1&nocache=6186128866ltr&server=1" "Mozilla/5.0 (Windows NT 10.0; Win64; x64) AppleWebKit/537.36 (KHTML, like Gecko) Chrome/79.0.3945.130 Safari/537.36 OPR/66.0.3515.72"
::1 - - [18/Feb/2020:16:20:01 -0600] "GET /phpmyadmin/themes/pmahomme/img/b_print.png HTTP/1.1" 200 639 "http://localhost/phpmyadmin/themes/pmahomme/css/theme.css?v=5.0.1&nocache=6186128866ltr&server=1" "Mozilla/5.0 (Windows NT 10.0; Win64; x64) AppleWebKit/537.36 (KHTML, like Gecko) Chrome/79.0.3945.130 Safari/537.36 OPR/66.0.3515.72"
::1 - - [18/Feb/2020:16:20:01 -0600] "GET /phpmyadmin/themes/pmahomme/img/b_tblanalyse.png HTTP/1.1" 200 152 "http://localhost/phpmyadmin/themes/pmahomme/css/theme.css?v=5.0.1&nocache=6186128866ltr&server=1" "Mozilla/5.0 (Windows NT 10.0; Win64; x64) AppleWebKit/537.36 (KHTML, like Gecko) Chrome/79.0.3945.130 Safari/537.36 OPR/66.0.3515.72"
::1 - - [18/Feb/2020:16:20:01 -0600] "GET /phpmyadmin/themes/pmahomme/img/s_desc.png HTTP/1.1" 200 146 "http://localhost/phpmyadmin/themes/pmahomme/css/theme.css?v=5.0.1&nocache=6186128866ltr&server=1" "Mozilla/5.0 (Windows NT 10.0; Win64; x64) AppleWebKit/537.36 (KHTML, like Gecko) Chrome/79.0.3945.130 Safari/537.36 OPR/66.0.3515.72"
::1 - - [18/Feb/2020:16:20:01 -0600] "GET /phpmyadmin/themes/pmahomme/img/bd_select.png HTTP/1.1" 200 325 "http://localhost/phpmyadmin/themes/pmahomme/css/theme.css?v=5.0.1&nocache=6186128866ltr&server=1" "Mozilla/5.0 (Windows NT 10.0; Win64; x64) AppleWebKit/537.36 (KHTML, like Gecko) Chrome/79.0.3945.130 Safari/537.36 OPR/66.0.3515.72"
::1 - - [18/Feb/2020:16:20:01 -0600] "GET /phpmyadmin/themes/pmahomme/img/bd_empty.png HTTP/1.1" 200 327 "http://localhost/phpmyadmin/themes/pmahomme/css/theme.css?v=5.0.1&nocache=6186128866ltr&server=1" "Mozilla/5.0 (Windows NT 10.0; Win64; x64) AppleWebKit/537.36 (KHTML, like Gecko) Chrome/79.0.3945.130 Safari/537.36 OPR/66.0.3515.72"
::1 - - [18/Feb/2020:16:23:20 -0600] "GET /sedea/Personas/Fisica/conceptosApoyoPF.php HTTP/1.1" 200 5152 "http://localhost/sedea/Personas/Fisica/" "Mozilla/5.0 (Windows NT 10.0; Win64; x64) AppleWebKit/537.36 (KHTML, like Gecko) Chrome/79.0.3945.130 Safari/537.36 OPR/66.0.3515.72"
::1 - - [18/Feb/2020:16:23:20 -0600] "GET /favicon.ico HTTP/1.1" 200 30894 "http://localhost/sedea/Personas/Fisica/conceptosApoyoPF.php" "Mozilla/5.0 (Windows NT 10.0; Win64; x64) AppleWebKit/537.36 (KHTML, like Gecko) Chrome/79.0.3945.130 Safari/537.36 OPR/66.0.3515.72"
::1 - - [18/Feb/2020:16:23:21 -0600] "GET /sedea/Personas/Fisica/conceptosApoyoPF.php HTTP/1.1" 200 5152 "http://localhost/sedea/Personas/Fisica/" "Mozilla/5.0 (Windows NT 10.0; Win64; x64) AppleWebKit/537.36 (KHTML, like Gecko) Chrome/79.0.3945.130 Safari/537.36 OPR/66.0.3515.72"
::1 - - [18/Feb/2020:16:23:21 -0600] "GET /favicon.ico HTTP/1.1" 200 30894 "http://localhost/sedea/Personas/Fisica/conceptosApoyoPF.php" "Mozilla/5.0 (Windows NT 10.0; Win64; x64) AppleWebKit/537.36 (KHTML, like Gecko) Chrome/79.0.3945.130 Safari/537.36 OPR/66.0.3515.72"
::1 - - [18/Feb/2020:16:23:21 -0600] "GET /sedea/Personas/Fisica/conceptosApoyoPF.php HTTP/1.1" 200 5152 "http://localhost/sedea/Personas/Fisica/" "Mozilla/5.0 (Windows NT 10.0; Win64; x64) AppleWebKit/537.36 (KHTML, like Gecko) Chrome/79.0.3945.130 Safari/537.36 OPR/66.0.3515.72"
::1 - - [18/Feb/2020:16:23:21 -0600] "GET /favicon.ico HTTP/1.1" 200 30894 "http://localhost/sedea/Personas/Fisica/conceptosApoyoPF.php" "Mozilla/5.0 (Windows NT 10.0; Win64; x64) AppleWebKit/537.36 (KHTML, like Gecko) Chrome/79.0.3945.130 Safari/537.36 OPR/66.0.3515.72"
::1 - - [18/Feb/2020:16:23:21 -0600] "GET /sedea/Personas/Fisica/conceptosApoyoPF.php HTTP/1.1" 200 5152 "http://localhost/sedea/Personas/Fisica/" "Mozilla/5.0 (Windows NT 10.0; Win64; x64) AppleWebKit/537.36 (KHTML, like Gecko) Chrome/79.0.3945.130 Safari/537.36 OPR/66.0.3515.72"
::1 - - [18/Feb/2020:16:23:21 -0600] "GET /favicon.ico HTTP/1.1" 200 30894 "http://localhost/sedea/Personas/Fisica/conceptosApoyoPF.php" "Mozilla/5.0 (Windows NT 10.0; Win64; x64) AppleWebKit/537.36 (KHTML, like Gecko) Chrome/79.0.3945.130 Safari/537.36 OPR/66.0.3515.72"
::1 - - [18/Feb/2020:16:23:21 -0600] "GET /sedea/Personas/Fisica/conceptosApoyoPF.php HTTP/1.1" 200 5152 "http://localhost/sedea/Personas/Fisica/" "Mozilla/5.0 (Windows NT 10.0; Win64; x64) AppleWebKit/537.36 (KHTML, like Gecko) Chrome/79.0.3945.130 Safari/537.36 OPR/66.0.3515.72"
::1 - - [18/Feb/2020:16:23:21 -0600] "GET /favicon.ico HTTP/1.1" 200 30894 "http://localhost/sedea/Personas/Fisica/conceptosApoyoPF.php" "Mozilla/5.0 (Windows NT 10.0; Win64; x64) AppleWebKit/537.36 (KHTML, like Gecko) Chrome/79.0.3945.130 Safari/537.36 OPR/66.0.3515.72"
::1 - - [18/Feb/2020:16:23:21 -0600] "GET /sedea/Personas/Fisica/conceptosApoyoPF.php HTTP/1.1" 200 5152 "http://localhost/sedea/Personas/Fisica/" "Mozilla/5.0 (Windows NT 10.0; Win64; x64) AppleWebKit/537.36 (KHTML, like Gecko) Chrome/79.0.3945.130 Safari/537.36 OPR/66.0.3515.72"
::1 - - [18/Feb/2020:16:23:22 -0600] "GET /favicon.ico HTTP/1.1" 200 30894 "http://localhost/sedea/Personas/Fisica/conceptosApoyoPF.php" "Mozilla/5.0 (Windows NT 10.0; Win64; x64) AppleWebKit/537.36 (KHTML, like Gecko) Chrome/79.0.3945.130 Safari/537.36 OPR/66.0.3515.72"
::1 - - [18/Feb/2020:16:23:22 -0600] "GET /sedea/Personas/Fisica/conceptosApoyoPF.php HTTP/1.1" 200 5152 "http://localhost/sedea/Personas/Fisica/" "Mozilla/5.0 (Windows NT 10.0; Win64; x64) AppleWebKit/537.36 (KHTML, like Gecko) Chrome/79.0.3945.130 Safari/537.36 OPR/66.0.3515.72"
::1 - - [18/Feb/2020:16:23:22 -0600] "GET /favicon.ico HTTP/1.1" 200 30894 "http://localhost/sedea/Personas/Fisica/conceptosApoyoPF.php" "Mozilla/5.0 (Windows NT 10.0; Win64; x64) AppleWebKit/537.36 (KHTML, like Gecko) Chrome/79.0.3945.130 Safari/537.36 OPR/66.0.3515.72"
::1 - - [18/Feb/2020:16:28:29 -0600] "GET /sedea/Personas/Fisica/conceptosApoyoPF.php HTTP/1.1" 200 5152 "http://localhost/sedea/Personas/Fisica/" "Mozilla/5.0 (Windows NT 10.0; Win64; x64) AppleWebKit/537.36 (KHTML, like Gecko) Chrome/79.0.3945.130 Safari/537.36 OPR/66.0.3515.72"
::1 - - [18/Feb/2020:16:28:29 -0600] "GET /favicon.ico HTTP/1.1" 200 30894 "http://localhost/sedea/Personas/Fisica/conceptosApoyoPF.php" "Mozilla/5.0 (Windows NT 10.0; Win64; x64) AppleWebKit/537.36 (KHTML, like Gecko) Chrome/79.0.3945.130 Safari/537.36 OPR/66.0.3515.72"
::1 - - [18/Feb/2020:16:28:29 -0600] "GET /sedea/Personas/Fisica/conceptosApoyoPF.php HTTP/1.1" 200 5152 "http://localhost/sedea/Personas/Fisica/" "Mozilla/5.0 (Windows NT 10.0; Win64; x64) AppleWebKit/537.36 (KHTML, like Gecko) Chrome/79.0.3945.130 Safari/537.36 OPR/66.0.3515.72"
::1 - - [18/Feb/2020:16:28:29 -0600] "GET /favicon.ico HTTP/1.1" 200 30894 "http://localhost/sedea/Personas/Fisica/conceptosApoyoPF.php" "Mozilla/5.0 (Windows NT 10.0; Win64; x64) AppleWebKit/537.36 (KHTML, like Gecko) Chrome/79.0.3945.130 Safari/537.36 OPR/66.0.3515.72"
::1 - - [18/Feb/2020:16:28:29 -0600] "GET /sedea/Personas/Fisica/conceptosApoyoPF.php HTTP/1.1" 200 5152 "http://localhost/sedea/Personas/Fisica/" "Mozilla/5.0 (Windows NT 10.0; Win64; x64) AppleWebKit/537.36 (KHTML, like Gecko) Chrome/79.0.3945.130 Safari/537.36 OPR/66.0.3515.72"
::1 - - [18/Feb/2020:16:28:29 -0600] "GET /favicon.ico HTTP/1.1" 200 30894 "http://localhost/sedea/Personas/Fisica/conceptosApoyoPF.php" "Mozilla/5.0 (Windows NT 10.0; Win64; x64) AppleWebKit/537.36 (KHTML, like Gecko) Chrome/79.0.3945.130 Safari/537.36 OPR/66.0.3515.72"
::1 - - [18/Feb/2020:16:28:29 -0600] "GET /sedea/Personas/Fisica/conceptosApoyoPF.php HTTP/1.1" 200 5152 "http://localhost/sedea/Personas/Fisica/" "Mozilla/5.0 (Windows NT 10.0; Win64; x64) AppleWebKit/537.36 (KHTML, like Gecko) Chrome/79.0.3945.130 Safari/537.36 OPR/66.0.3515.72"
::1 - - [18/Feb/2020:16:28:30 -0600] "GET /favicon.ico HTTP/1.1" 200 30894 "http://localhost/sedea/Personas/Fisica/conceptosApoyoPF.php" "Mozilla/5.0 (Windows NT 10.0; Win64; x64) AppleWebKit/537.36 (KHTML, like Gecko) Chrome/79.0.3945.130 Safari/537.36 OPR/66.0.3515.72"
::1 - - [18/Feb/2020:16:30:45 -0600] "GET /sedea/Personas/Fisica/conceptosApoyoPF.php HTTP/1.1" 200 5152 "http://localhost/sedea/Personas/Fisica/" "Mozilla/5.0 (Windows NT 10.0; Win64; x64) AppleWebKit/537.36 (KHTML, like Gecko) Chrome/79.0.3945.130 Safari/537.36 OPR/66.0.3515.72"
::1 - - [18/Feb/2020:16:30:45 -0600] "GET /favicon.ico HTTP/1.1" 200 30894 "http://localhost/sedea/Personas/Fisica/conceptosApoyoPF.php" "Mozilla/5.0 (Windows NT 10.0; Win64; x64) AppleWebKit/537.36 (KHTML, like Gecko) Chrome/79.0.3945.130 Safari/537.36 OPR/66.0.3515.72"
::1 - - [18/Feb/2020:16:30:46 -0600] "GET /sedea/Personas/Fisica/conceptosApoyoPF.php HTTP/1.1" 200 5152 "http://localhost/sedea/Personas/Fisica/" "Mozilla/5.0 (Windows NT 10.0; Win64; x64) AppleWebKit/537.36 (KHTML, like Gecko) Chrome/79.0.3945.130 Safari/537.36 OPR/66.0.3515.72"
::1 - - [18/Feb/2020:16:30:46 -0600] "GET /favicon.ico HTTP/1.1" 200 30894 "http://localhost/sedea/Personas/Fisica/conceptosApoyoPF.php" "Mozilla/5.0 (Windows NT 10.0; Win64; x64) AppleWebKit/537.36 (KHTML, like Gecko) Chrome/79.0.3945.130 Safari/537.36 OPR/66.0.3515.72"
::1 - - [18/Feb/2020:16:30:46 -0600] "GET /sedea/Personas/Fisica/conceptosApoyoPF.php HTTP/1.1" 200 5152 "http://localhost/sedea/Personas/Fisica/" "Mozilla/5.0 (Windows NT 10.0; Win64; x64) AppleWebKit/537.36 (KHTML, like Gecko) Chrome/79.0.3945.130 Safari/537.36 OPR/66.0.3515.72"
::1 - - [18/Feb/2020:16:30:46 -0600] "GET /favicon.ico HTTP/1.1" 200 30894 "http://localhost/sedea/Personas/Fisica/conceptosApoyoPF.php" "Mozilla/5.0 (Windows NT 10.0; Win64; x64) AppleWebKit/537.36 (KHTML, like Gecko) Chrome/79.0.3945.130 Safari/537.36 OPR/66.0.3515.72"
::1 - - [18/Feb/2020:16:30:46 -0600] "GET /sedea/Personas/Fisica/conceptosApoyoPF.php HTTP/1.1" 200 5152 "http://localhost/sedea/Personas/Fisica/" "Mozilla/5.0 (Windows NT 10.0; Win64; x64) AppleWebKit/537.36 (KHTML, like Gecko) Chrome/79.0.3945.130 Safari/537.36 OPR/66.0.3515.72"
::1 - - [18/Feb/2020:16:30:46 -0600] "GET /favicon.ico HTTP/1.1" 200 30894 "http://localhost/sedea/Personas/Fisica/conceptosApoyoPF.php" "Mozilla/5.0 (Windows NT 10.0; Win64; x64) AppleWebKit/537.36 (KHTML, like Gecko) Chrome/79.0.3945.130 Safari/537.36 OPR/66.0.3515.72"
::1 - - [18/Feb/2020:16:30:46 -0600] "GET /sedea/Personas/Fisica/conceptosApoyoPF.php HTTP/1.1" 200 5152 "http://localhost/sedea/Personas/Fisica/" "Mozilla/5.0 (Windows NT 10.0; Win64; x64) AppleWebKit/537.36 (KHTML, like Gecko) Chrome/79.0.3945.130 Safari/537.36 OPR/66.0.3515.72"
::1 - - [18/Feb/2020:16:30:46 -0600] "GET /favicon.ico HTTP/1.1" 200 30894 "http://localhost/sedea/Personas/Fisica/conceptosApoyoPF.php" "Mozilla/5.0 (Windows NT 10.0; Win64; x64) AppleWebKit/537.36 (KHTML, like Gecko) Chrome/79.0.3945.130 Safari/537.36 OPR/66.0.3515.72"
::1 - - [18/Feb/2020:16:30:46 -0600] "GET /sedea/Personas/Fisica/conceptosApoyoPF.php HTTP/1.1" 200 5152 "http://localhost/sedea/Personas/Fisica/" "Mozilla/5.0 (Windows NT 10.0; Win64; x64) AppleWebKit/537.36 (KHTML, like Gecko) Chrome/79.0.3945.130 Safari/537.36 OPR/66.0.3515.72"
::1 - - [18/Feb/2020:16:30:47 -0600] "GET /favicon.ico HTTP/1.1" 200 30894 "http://localhost/sedea/Personas/Fisica/conceptosApoyoPF.php" "Mozilla/5.0 (Windows NT 10.0; Win64; x64) AppleWebKit/537.36 (KHTML, like Gecko) Chrome/79.0.3945.130 Safari/537.36 OPR/66.0.3515.72"
