[Tue Feb 18 13:25:39.127457 2020] [ssl:warn] [pid 3064:tid 716] AH01909: www.example.com:443:0 server certificate does NOT include an ID which matches the server name
[Tue Feb 18 13:25:39.220209 2020] [ssl:warn] [pid 3064:tid 716] AH01909: www.example.com:443:0 server certificate does NOT include an ID which matches the server name
PHP Warning:  PHP Startup: Unable to load dynamic library 'pdo_sqlite' (tried: C:\\Users\\Luis Developer\\Documents\\GitHub\\SEDEA\\XAMPP\\php\\ext\\pdo_sqlite (No se puede encontrar el m\xc3\xb3dulo especificado.), C:\\Users\\Luis Developer\\Documents\\GitHub\\SEDEA\\XAMPP\\php\\ext\\php_pdo_sqlite.dll (No se puede encontrar el m\xc3\xb3dulo especificado.)) in Unknown on line 0
[Tue Feb 18 13:25:39.287031 2020] [mpm_winnt:notice] [pid 3064:tid 716] AH00455: Apache/2.4.41 (Win64) OpenSSL/1.1.1c PHP/7.4.2 configured -- resuming normal operations
[Tue Feb 18 13:25:39.288028 2020] [mpm_winnt:notice] [pid 3064:tid 716] AH00456: Apache Lounge VC15 Server built: Aug 11 2019 12:20:04
[Tue Feb 18 13:25:39.288028 2020] [core:notice] [pid 3064:tid 716] AH00094: Command line: 'c:\\users\\luis developer\\documents\\github\\sedea\\xampp\\apache\\bin\\httpd.exe -d C:/Users/Luis Developer/Documents/GitHub/SEDEA/XAMPP/apache'
[Tue Feb 18 13:25:39.308972 2020] [mpm_winnt:notice] [pid 3064:tid 716] AH00418: Parent: Created child process 10716
[Tue Feb 18 13:25:40.587556 2020] [ssl:warn] [pid 10716:tid 592] AH01909: www.example.com:443:0 server certificate does NOT include an ID which matches the server name
[Tue Feb 18 13:25:40.679310 2020] [ssl:warn] [pid 10716:tid 592] AH01909: www.example.com:443:0 server certificate does NOT include an ID which matches the server name
PHP Warning:  PHP Startup: Unable to load dynamic library 'pdo_sqlite' (tried: C:\\Users\\Luis Developer\\Documents\\GitHub\\SEDEA\\XAMPP\\php\\ext\\pdo_sqlite (No se puede encontrar el m\xc3\xb3dulo especificado.), C:\\Users\\Luis Developer\\Documents\\GitHub\\SEDEA\\XAMPP\\php\\ext\\php_pdo_sqlite.dll (No se puede encontrar el m\xc3\xb3dulo especificado.)) in Unknown on line 0
[Tue Feb 18 13:25:40.740149 2020] [mpm_winnt:notice] [pid 10716:tid 592] AH00354: Child: Starting 150 worker threads.
[Tue Feb 18 14:54:34.890269 2020] [php7:error] [pid 10716:tid 1984] [client ::1:54987] PHP Parse error:  syntax error, unexpected '}', expecting end of file in C:\\Users\\Luis Developer\\Documents\\GitHub\\SEDEA\\XAMPP\\htdocs\\Sedea\\Personas\\Fisica\\conceptosApoyoPF.php on line 109, referer: http://localhost/sedea/Personas/Fisica/
[Tue Feb 18 15:06:34.039226 2020] [php7:error] [pid 10716:tid 2012] [client ::1:55044] PHP Parse error:  syntax error, unexpected 'varchar' (T_STRING) in C:\\Users\\Luis Developer\\Documents\\GitHub\\SEDEA\\XAMPP\\htdocs\\Sedea\\Personas\\Fisica\\conceptosApoyoPF.php on line 21, referer: http://localhost/sedea/Personas/Fisica/
[Tue Feb 18 15:06:35.979043 2020] [php7:error] [pid 10716:tid 2012] [client ::1:55044] PHP Parse error:  syntax error, unexpected 'varchar' (T_STRING) in C:\\Users\\Luis Developer\\Documents\\GitHub\\SEDEA\\XAMPP\\htdocs\\Sedea\\Personas\\Fisica\\conceptosApoyoPF.php on line 21, referer: http://localhost/sedea/Personas/Fisica/
[Tue Feb 18 15:06:36.307164 2020] [php7:error] [pid 10716:tid 2012] [client ::1:55044] PHP Parse error:  syntax error, unexpected 'varchar' (T_STRING) in C:\\Users\\Luis Developer\\Documents\\GitHub\\SEDEA\\XAMPP\\htdocs\\Sedea\\Personas\\Fisica\\conceptosApoyoPF.php on line 21, referer: http://localhost/sedea/Personas/Fisica/
[Tue Feb 18 15:06:36.523586 2020] [php7:error] [pid 10716:tid 2012] [client ::1:55044] PHP Parse error:  syntax error, unexpected 'varchar' (T_STRING) in C:\\Users\\Luis Developer\\Documents\\GitHub\\SEDEA\\XAMPP\\htdocs\\Sedea\\Personas\\Fisica\\conceptosApoyoPF.php on line 21, referer: http://localhost/sedea/Personas/Fisica/
[Tue Feb 18 15:06:36.749981 2020] [php7:error] [pid 10716:tid 2012] [client ::1:55044] PHP Parse error:  syntax error, unexpected 'varchar' (T_STRING) in C:\\Users\\Luis Developer\\Documents\\GitHub\\SEDEA\\XAMPP\\htdocs\\Sedea\\Personas\\Fisica\\conceptosApoyoPF.php on line 21, referer: http://localhost/sedea/Personas/Fisica/
[Tue Feb 18 15:06:36.992333 2020] [php7:error] [pid 10716:tid 2012] [client ::1:55044] PHP Parse error:  syntax error, unexpected 'varchar' (T_STRING) in C:\\Users\\Luis Developer\\Documents\\GitHub\\SEDEA\\XAMPP\\htdocs\\Sedea\\Personas\\Fisica\\conceptosApoyoPF.php on line 21, referer: http://localhost/sedea/Personas/Fisica/
[Tue Feb 18 16:25:18.199440 2020] [ssl:warn] [pid 12928:tid 664] AH01909: www.example.com:443:0 server certificate does NOT include an ID which matches the server name
[Tue Feb 18 16:25:18.292192 2020] [core:warn] [pid 12928:tid 664] AH00098: pid file C:/Users/Luis Developer/Documents/GitHub/SEDEA/XAMPP/apache/logs/httpd.pid overwritten -- Unclean shutdown of previous Apache run?
[Tue Feb 18 16:25:18.298176 2020] [ssl:warn] [pid 12928:tid 664] AH01909: www.example.com:443:0 server certificate does NOT include an ID which matches the server name
PHP Warning:  PHP Startup: Unable to load dynamic library 'pdo_sqlite' (tried: C:\\Users\\Luis Developer\\Documents\\GitHub\\SEDEA\\XAMPP\\php\\ext\\pdo_sqlite (No se puede encontrar el m\xc3\xb3dulo especificado.), C:\\Users\\Luis Developer\\Documents\\GitHub\\SEDEA\\XAMPP\\php\\ext\\php_pdo_sqlite.dll (No se puede encontrar el m\xc3\xb3dulo especificado.)) in Unknown on line 0
[Tue Feb 18 16:25:18.762935 2020] [mpm_winnt:notice] [pid 12928:tid 664] AH00455: Apache/2.4.41 (Win64) OpenSSL/1.1.1c PHP/7.4.2 configured -- resuming normal operations
[Tue Feb 18 16:25:18.762935 2020] [mpm_winnt:notice] [pid 12928:tid 664] AH00456: Apache Lounge VC15 Server built: Aug 11 2019 12:20:04
[Tue Feb 18 16:25:18.762935 2020] [core:notice] [pid 12928:tid 664] AH00094: Command line: 'c:\\users\\luis developer\\documents\\github\\sedea\\xampp\\apache\\bin\\httpd.exe -d C:/Users/Luis Developer/Documents/GitHub/SEDEA/XAMPP/apache'
[Tue Feb 18 16:25:18.789863 2020] [mpm_winnt:notice] [pid 12928:tid 664] AH00418: Parent: Created child process 6716
[Tue Feb 18 16:25:20.025560 2020] [ssl:warn] [pid 6716:tid 660] AH01909: www.example.com:443:0 server certificate does NOT include an ID which matches the server name
[Tue Feb 18 16:25:20.129283 2020] [ssl:warn] [pid 6716:tid 660] AH01909: www.example.com:443:0 server certificate does NOT include an ID which matches the server name
PHP Warning:  PHP Startup: Unable to load dynamic library 'pdo_sqlite' (tried: C:\\Users\\Luis Developer\\Documents\\GitHub\\SEDEA\\XAMPP\\php\\ext\\pdo_sqlite (No se puede encontrar el m\xc3\xb3dulo especificado.), C:\\Users\\Luis Developer\\Documents\\GitHub\\SEDEA\\XAMPP\\php\\ext\\php_pdo_sqlite.dll (No se puede encontrar el m\xc3\xb3dulo especificado.)) in Unknown on line 0
[Tue Feb 18 16:25:20.196104 2020] [mpm_winnt:notice] [pid 6716:tid 660] AH00354: Child: Starting 150 worker threads.
